---------------------------------------------------------------
[ 2020-12-27T13:03:17+08:00 ] 127.0.0.1 GET 127.0.0.1:9002/PByGmRKgDe.php/index/index
[运行时间：0.919546s] [吞吐率：1.09req/s] [内存消耗：918.21kb] [文件加载：128]
[ info ] [ BEHAVIOR ] Run Closure @app_init [ RunTime:0.000123s ]
[ info ] [ CACHE ] INIT File
[ info ] [ BEHAVIOR ] Run Closure @app_init [ RunTime:0.000381s ]
[ info ] [ LANG ] /home/www/admin/localhost_9002/wwwroot/thinkphp/lang/zh-cn.php
[ info ] [ BEHAVIOR ] Run app\common\behavior\Common @app_dispatch [ RunTime:0.045030s ]
[ info ] [ ROUTE ] array (
  'type' => 'module',
  'module' => 
  array (
    0 => 'admin',
    1 => 'index',
    2 => 'index',
  ),
)
[ info ] [ HEADER ] array (
  'accept-language' => 'zh-CN,zh;q=0.9',
  'accept-encoding' => 'gzip, deflate, br',
  'accept' => 'text/html,application/xhtml+xml,application/xml;q=0.9,image/webp,image/apng,*/*;q=0.8',
  'user-agent' => 'Mozilla/5.0 (X11; Linux x86_64) AppleWebKit/537.36 (KHTML, like Gecko) Chrome/69.0.3497.128 Safari/537.36 Qaxbrowser',
  'upgrade-insecure-requests' => '1',
  'connection' => 'keep-alive',
  'host' => '127.0.0.1:9002',
  'content-length' => '',
  'content-type' => '',
)
[ info ] [ PARAM ] array (
)
[ info ] [ LANG ] /home/www/admin/localhost_9002/wwwroot/public/../application/admin/lang/zh-cn.php
[ info ] [ BEHAVIOR ] Run app\common\behavior\Common @module_init [ RunTime:0.030315s ]
[ info ] [ SESSION ] INIT array (
  'id' => '',
  'var_session_id' => '',
  'prefix' => 'think',
  'type' => '',
  'auto_start' => true,
)
[ info ] [ VIEW ] /home/www/admin/localhost_9002/wwwroot/public/../application/common/view/tpl/dispatch_jump.tpl [ array (
  0 => 'code',
  1 => 'msg',
  2 => 'data',
  3 => 'url',
  4 => 'wait',
) ]
[ info ] [ BEHAVIOR ] Run app\admin\behavior\AdminLog @app_end [ RunTime:0.054629s ]
[ info ] [ LOG ] INIT File
---------------------------------------------------------------
[ 2020-12-27T13:03:17+08:00 ] 127.0.0.1 GET 127.0.0.1:9002/PByGmRKgDe.php/index/index
[运行时间：2.938419s] [吞吐率：0.34req/s] [内存消耗：637.71kb] [文件加载：128]
[ info ] [ BEHAVIOR ] Run Closure @app_init [ RunTime:0.000111s ]
[ info ] [ CACHE ] INIT File
[ info ] [ BEHAVIOR ] Run Closure @app_init [ RunTime:0.326218s ]
[ info ] [ LANG ] /home/www/admin/localhost_9002/wwwroot/thinkphp/lang/zh-cn.php
[ info ] [ BEHAVIOR ] Run app\common\behavior\Common @app_dispatch [ RunTime:0.054548s ]
[ info ] [ ROUTE ] array (
  'type' => 'module',
  'module' => 
  array (
    0 => 'admin',
    1 => 'index',
    2 => 'index',
  ),
)
[ info ] [ HEADER ] array (
  'accept-language' => 'zh-CN,zh;q=0.9',
  'accept-encoding' => 'gzip, deflate, br',
  'accept' => 'text/html,application/xhtml+xml,application/xml;q=0.9,image/webp,image/apng,*/*;q=0.8',
  'user-agent' => 'Mozilla/5.0 (X11; Linux x86_64) AppleWebKit/537.36 (KHTML, like Gecko) Chrome/69.0.3497.128 Safari/537.36 Qaxbrowser',
  'upgrade-insecure-requests' => '1',
  'connection' => 'keep-alive',
  'host' => '127.0.0.1:9002',
  'content-length' => '',
  'content-type' => '',
)
[ info ] [ PARAM ] array (
)
[ info ] [ LANG ] /home/www/admin/localhost_9002/wwwroot/public/../application/admin/lang/zh-cn.php
[ info ] [ BEHAVIOR ] Run app\common\behavior\Common @module_init [ RunTime:0.030311s ]
[ info ] [ SESSION ] INIT array (
  'id' => '',
  'var_session_id' => '',
  'prefix' => 'think',
  'type' => '',
  'auto_start' => true,
)
[ info ] [ VIEW ] /home/www/admin/localhost_9002/wwwroot/public/../application/common/view/tpl/dispatch_jump.tpl [ array (
  0 => 'code',
  1 => 'msg',
  2 => 'data',
  3 => 'url',
  4 => 'wait',
) ]
[ info ] [ BEHAVIOR ] Run app\admin\behavior\AdminLog @app_end [ RunTime:0.054632s ]
[ info ] [ LOG ] INIT File
---------------------------------------------------------------
[ 2020-12-27T13:03:19+08:00 ] 127.0.0.1 GET 127.0.0.1:9002/PByGmRKgDe.php/index/login?url=%2FPByGmRKgDe.php%2Findex%2Findex
[运行时间：0.408261s] [吞吐率：2.45req/s] [内存消耗：407.57kb] [文件加载：132]
[ info ] [ BEHAVIOR ] Run Closure @app_init [ RunTime:0.000094s ]
[ info ] [ CACHE ] INIT File
[ info ] [ BEHAVIOR ] Run Closure @app_init [ RunTime:0.120452s ]
[ info ] [ LANG ] /home/www/admin/localhost_9002/wwwroot/thinkphp/lang/zh-cn.php
[ info ] [ BEHAVIOR ] Run app\common\behavior\Common @app_dispatch [ RunTime:0.000056s ]
[ info ] [ ROUTE ] array (
  'type' => 'module',
  'module' => 
  array (
    0 => 'admin',
    1 => 'index',
    2 => 'login',
  ),
)
[ info ] [ HEADER ] array (
  'cookie' => 'PHPSESSID=9c1cm4tdjvnk5cokm8ua9q00t0',
  'accept-language' => 'zh-CN,zh;q=0.9',
  'accept-encoding' => 'gzip, deflate, br',
  'referer' => 'http://127.0.0.1:9002/PByGmRKgDe.php/index/index',
  'accept' => 'text/html,application/xhtml+xml,application/xml;q=0.9,image/webp,image/apng,*/*;q=0.8',
  'user-agent' => 'Mozilla/5.0 (X11; Linux x86_64) AppleWebKit/537.36 (KHTML, like Gecko) Chrome/69.0.3497.128 Safari/537.36 Qaxbrowser',
  'upgrade-insecure-requests' => '1',
  'connection' => 'keep-alive',
  'host' => '127.0.0.1:9002',
  'content-length' => '',
  'content-type' => '',
)
[ info ] [ PARAM ] array (
  'url' => '/PByGmRKgDe.php/index/index',
)
[ info ] [ LANG ] /home/www/admin/localhost_9002/wwwroot/public/../application/admin/lang/zh-cn.php
[ info ] [ BEHAVIOR ] Run app\common\behavior\Common @module_init [ RunTime:0.000187s ]
[ info ] [ SESSION ] INIT array (
  'id' => '',
  'var_session_id' => '',
  'prefix' => 'think',
  'type' => '',
  'auto_start' => true,
)
[ info ] [ BEHAVIOR ] Run \addons\geetest\Geetest @config_init [ RunTime:0.044239s ]
[ info ] [ LANG ] /home/www/admin/localhost_9002/wwwroot/public/../application/admin/lang/zh-cn/index.php
[ info ] [ BEHAVIOR ] Run \addons\geetest\Geetest @action_begin [ RunTime:0.000048s ]
[ info ] [ RUN ] app\admin\controller\Index->login[ /home/www/admin/localhost_9002/wwwroot/application/admin/controller/Index.php ]
[ info ] [ VIEW ] /home/www/admin/localhost_9002/wwwroot/public/../application/admin/view/index/login.html [ array (
  0 => 'breadcrumb',
  1 => 'site',
  2 => 'config',
  3 => 'auth',
  4 => 'admin',
  5 => 'background',
  6 => 'title',
) ]
[ info ] [ BEHAVIOR ] Run app\admin\behavior\AdminLog @app_end [ RunTime:0.000023s ]
[ info ] [ LOG ] INIT File
---------------------------------------------------------------
[ 2020-12-27T13:03:19+08:00 ] 127.0.0.1 GET 127.0.0.1:9002/PByGmRKgDe.php/ajax/lang?callback=define&controllername=index&lang=zh-cn&v=1609045398&v=1609045398
[运行时间：0.071739s] [吞吐率：13.94req/s] [内存消耗：406.96kb] [文件加载：133]
[ info ] [ BEHAVIOR ] Run Closure @app_init [ RunTime:0.000090s ]
[ info ] [ CACHE ] INIT File
[ info ] [ BEHAVIOR ] Run Closure @app_init [ RunTime:0.000270s ]
[ info ] [ LANG ] /home/www/admin/localhost_9002/wwwroot/thinkphp/lang/zh-cn.php
[ info ] [ BEHAVIOR ] Run app\common\behavior\Common @app_dispatch [ RunTime:0.000023s ]
[ info ] [ ROUTE ] array (
  'type' => 'module',
  'module' => 
  array (
    0 => 'admin',
    1 => 'ajax',
    2 => 'lang',
  ),
)
[ info ] [ HEADER ] array (
  'cookie' => 'PHPSESSID=9c1cm4tdjvnk5cokm8ua9q00t0',
  'accept-language' => 'zh-CN,zh;q=0.9',
  'accept-encoding' => 'gzip, deflate, br',
  'accept' => '*/*',
  'user-agent' => 'Mozilla/5.0 (X11; Linux x86_64) AppleWebKit/537.36 (KHTML, like Gecko) Chrome/69.0.3497.128 Safari/537.36 Qaxbrowser',
  'connection' => 'keep-alive',
  'host' => '127.0.0.1:9002',
  'content-length' => '',
  'content-type' => '',
)
[ info ] [ PARAM ] array (
  'callback' => 'define',
  'controllername' => 'index',
  'lang' => 'zh-cn',
  'v' => '1609045398',
)
[ info ] [ LANG ] /home/www/admin/localhost_9002/wwwroot/public/../application/admin/lang/zh-cn.php
[ info ] [ BEHAVIOR ] Run app\common\behavior\Common @module_init [ RunTime:0.000171s ]
[ info ] [ SESSION ] INIT array (
  'id' => '',
  'var_session_id' => '',
  'prefix' => 'think',
  'type' => '',
  'auto_start' => true,
)
[ info ] [ BEHAVIOR ] Run \addons\geetest\Geetest @config_init [ RunTime:0.000067s ]
[ info ] [ LANG ] /home/www/admin/localhost_9002/wwwroot/public/../application/admin/lang/zh-cn/ajax.php
[ info ] [ BEHAVIOR ] Run \addons\geetest\Geetest @action_begin [ RunTime:0.000060s ]
[ info ] [ RUN ] app\admin\controller\Ajax->lang[ /home/www/admin/localhost_9002/wwwroot/application/admin/controller/Ajax.php ]
[ info ] [ LANG ] /home/www/admin/localhost_9002/wwwroot/public/../application/admin/lang/zh-cn/index.php
[ info ] [ BEHAVIOR ] Run app\admin\behavior\AdminLog @app_end [ RunTime:0.000059s ]
[ info ] [ LOG ] INIT File
---------------------------------------------------------------
[ 2020-12-27T13:03:25+08:00 ] 127.0.0.1 POST 127.0.0.1:9002/PByGmRKgDe.php/index/login?url=%2FPByGmRKgDe.php%2Findex%2Findex
[运行时间：1.061655s] [吞吐率：0.94req/s] [内存消耗：657.01kb] [文件加载：141]
[ info ] [ BEHAVIOR ] Run Closure @app_init [ RunTime:0.000125s ]
[ info ] [ CACHE ] INIT File
[ info ] [ BEHAVIOR ] Run Closure @app_init [ RunTime:0.000462s ]
[ info ] [ LANG ] /home/www/admin/localhost_9002/wwwroot/thinkphp/lang/zh-cn.php
[ info ] [ BEHAVIOR ] Run app\common\behavior\Common @app_dispatch [ RunTime:0.000073s ]
[ info ] [ ROUTE ] array (
  'type' => 'module',
  'module' => 
  array (
    0 => 'admin',
    1 => 'index',
    2 => 'login',
  ),
)
[ info ] [ HEADER ] array (
  'cookie' => 'PHPSESSID=9c1cm4tdjvnk5cokm8ua9q00t0; think_var=zh-cn',
  'accept-language' => 'zh-CN,zh;q=0.9',
  'accept-encoding' => 'gzip, deflate, br',
  'content-type' => 'application/x-www-form-urlencoded; charset=UTF-8',
  'user-agent' => 'Mozilla/5.0 (X11; Linux x86_64) AppleWebKit/537.36 (KHTML, like Gecko) Chrome/69.0.3497.128 Safari/537.36 Qaxbrowser',
  'x-requested-with' => 'XMLHttpRequest',
  'origin' => 'http://127.0.0.1:9002',
  'accept' => 'application/json, text/javascript, */*; q=0.01',
  'content-length' => '72',
  'connection' => 'keep-alive',
  'host' => '127.0.0.1:9002',
)
[ info ] [ PARAM ] array (
  'url' => '/PByGmRKgDe.php/index/index',
  '__token__' => '0623ad7dde40278e6a1ce11fa3457991',
  'username' => '1001',
  'password' => '123456',
)
[ info ] [ LANG ] /home/www/admin/localhost_9002/wwwroot/public/../application/admin/lang/zh-cn.php
[ info ] [ BEHAVIOR ] Run app\common\behavior\Common @module_init [ RunTime:0.000288s ]
[ info ] [ SESSION ] INIT array (
  'id' => '',
  'var_session_id' => '',
  'prefix' => 'think',
  'type' => '',
  'auto_start' => true,
)
[ info ] [ BEHAVIOR ] Run \addons\geetest\Geetest @config_init [ RunTime:0.000133s ]
[ info ] [ LANG ] /home/www/admin/localhost_9002/wwwroot/public/../application/admin/lang/zh-cn/index.php
[ info ] [ BEHAVIOR ] Run \addons\geetest\Geetest @action_begin [ RunTime:0.000033s ]
[ info ] [ RUN ] app\admin\controller\Index->login[ /home/www/admin/localhost_9002/wwwroot/application/admin/controller/Index.php ]
[ info ] [ DB ] INIT mysql
[ info ] [ BEHAVIOR ] Run app\admin\behavior\AdminLog @app_end [ RunTime:0.345612s ]
[ info ] [ LOG ] INIT File
---------------------------------------------------------------
[ 2020-12-27T13:03:27+08:00 ] 127.0.0.1 GET 127.0.0.1:9002/PByGmRKgDe.php/index/index
[运行时间：1.362067s] [吞吐率：0.73req/s] [内存消耗：802.16kb] [文件加载：151]
[ info ] [ BEHAVIOR ] Run Closure @app_init [ RunTime:0.000138s ]
[ info ] [ CACHE ] INIT File
[ info ] [ BEHAVIOR ] Run Closure @app_init [ RunTime:0.000431s ]
[ info ] [ LANG ] /home/www/admin/localhost_9002/wwwroot/thinkphp/lang/zh-cn.php
[ info ] [ BEHAVIOR ] Run app\common\behavior\Common @app_dispatch [ RunTime:0.000048s ]
[ info ] [ ROUTE ] array (
  'type' => 'module',
  'module' => 
  array (
    0 => 'admin',
    1 => 'index',
    2 => 'index',
  ),
)
[ info ] [ HEADER ] array (
  'cookie' => 'PHPSESSID=9c1cm4tdjvnk5cokm8ua9q00t0; think_var=zh-cn',
  'accept-language' => 'zh-CN,zh;q=0.9',
  'accept-encoding' => 'gzip, deflate, br',
  'accept' => 'text/html,application/xhtml+xml,application/xml;q=0.9,image/webp,image/apng,*/*;q=0.8',
  'user-agent' => 'Mozilla/5.0 (X11; Linux x86_64) AppleWebKit/537.36 (KHTML, like Gecko) Chrome/69.0.3497.128 Safari/537.36 Qaxbrowser',
  'upgrade-insecure-requests' => '1',
  'connection' => 'keep-alive',
  'host' => '127.0.0.1:9002',
  'content-length' => '',
  'content-type' => '',
)
[ info ] [ PARAM ] array (
)
[ info ] [ LANG ] /home/www/admin/localhost_9002/wwwroot/public/../application/admin/lang/zh-cn.php
[ info ] [ BEHAVIOR ] Run app\common\behavior\Common @module_init [ RunTime:0.000241s ]
[ info ] [ SESSION ] INIT array (
  'id' => '',
  'var_session_id' => '',
  'prefix' => 'think',
  'type' => '',
  'auto_start' => true,
)
[ info ] [ BEHAVIOR ] Run \addons\geetest\Geetest @config_init [ RunTime:0.000093s ]
[ info ] [ LANG ] /home/www/admin/localhost_9002/wwwroot/public/../application/admin/lang/zh-cn/index.php
[ info ] [ BEHAVIOR ] Run \addons\geetest\Geetest @action_begin [ RunTime:0.000028s ]
[ info ] [ RUN ] app\admin\controller\Index->index[ /home/www/admin/localhost_9002/wwwroot/application/admin/controller/Index.php ]
[ info ] [ DB ] INIT mysql
[ info ] [ VIEW ] /home/www/admin/localhost_9002/wwwroot/public/../application/admin/view/index/index.html [ array (
  0 => 'breadcrumb',
  1 => 'site',
  2 => 'config',
  3 => 'auth',
  4 => 'admin',
  5 => 'menulist',
  6 => 'navlist',
  7 => 'fixedmenu',
  8 => 'referermenu',
  9 => 'title',
) ]
[ info ] [ BEHAVIOR ] Run app\admin\behavior\AdminLog @app_end [ RunTime:0.000025s ]
[ info ] [ LOG ] INIT File
---------------------------------------------------------------
[ 2020-12-27T13:03:28+08:00 ] 127.0.0.1 GET 127.0.0.1:9002/PByGmRKgDe.php/dashboard?addtabs=1
[运行时间：0.901149s] [吞吐率：1.11req/s] [内存消耗：738.21kb] [文件加载：143]
[ info ] [ BEHAVIOR ] Run Closure @app_init [ RunTime:0.000090s ]
[ info ] [ CACHE ] INIT File
[ info ] [ BEHAVIOR ] Run Closure @app_init [ RunTime:0.055591s ]
[ info ] [ LANG ] /home/www/admin/localhost_9002/wwwroot/thinkphp/lang/zh-cn.php
[ info ] [ BEHAVIOR ] Run app\common\behavior\Common @app_dispatch [ RunTime:0.000069s ]
[ info ] [ ROUTE ] array (
  'type' => 'module',
  'module' => 
  array (
    0 => 'admin',
    1 => 'dashboard',
    2 => NULL,
  ),
)
[ info ] [ HEADER ] array (
  'cookie' => 'PHPSESSID=9c1cm4tdjvnk5cokm8ua9q00t0; think_var=zh-cn',
  'accept-language' => 'zh-CN,zh;q=0.9',
  'accept-encoding' => 'gzip, deflate, br',
  'accept' => 'text/html,application/xhtml+xml,application/xml;q=0.9,image/webp,image/apng,*/*;q=0.8',
  'user-agent' => 'Mozilla/5.0 (X11; Linux x86_64) AppleWebKit/537.36 (KHTML, like Gecko) Chrome/69.0.3497.128 Safari/537.36 Qaxbrowser',
  'upgrade-insecure-requests' => '1',
  'connection' => 'keep-alive',
  'host' => '127.0.0.1:9002',
  'content-length' => '',
  'content-type' => '',
)
[ info ] [ PARAM ] array (
  'addtabs' => '1',
)
[ info ] [ LANG ] /home/www/admin/localhost_9002/wwwroot/public/../application/admin/lang/zh-cn.php
[ info ] [ BEHAVIOR ] Run app\common\behavior\Common @module_init [ RunTime:0.000164s ]
[ info ] [ SESSION ] INIT array (
  'id' => '',
  'var_session_id' => '',
  'prefix' => 'think',
  'type' => '',
  'auto_start' => true,
)
[ info ] [ DB ] INIT mysql
[ info ] [ BEHAVIOR ] Run \addons\geetest\Geetest @config_init [ RunTime:0.000073s ]
[ info ] [ LANG ] /home/www/admin/localhost_9002/wwwroot/public/../application/admin/lang/zh-cn/dashboard.php
[ info ] [ BEHAVIOR ] Run \addons\geetest\Geetest @action_begin [ RunTime:0.000063s ]
[ info ] [ RUN ] app\admin\controller\Dashboard->index[ /home/www/admin/localhost_9002/wwwroot/application/admin/controller/Dashboard.php ]
[ info ] [ LOG ] INIT File
[ error ] [0]致命错误: Call to a member function toArray() on array[/home/www/admin/localhost_9002/wwwroot/application/admin/controller/Dashboard.php:56]
---------------------------------------------------------------
[ 2020-12-27T13:03:29+08:00 ] 127.0.0.1 GET 127.0.0.1:9002/PByGmRKgDe.php/ajax/lang?callback=define&controllername=index&lang=zh-cn&v=1609045405&v=1609045405
[运行时间：0.005593s] [吞吐率：178.79req/s] [内存消耗：407.21kb] [文件加载：133]
[ info ] [ BEHAVIOR ] Run Closure @app_init [ RunTime:0.000125s ]
[ info ] [ CACHE ] INIT File
[ info ] [ BEHAVIOR ] Run Closure @app_init [ RunTime:0.000400s ]
[ info ] [ LANG ] /home/www/admin/localhost_9002/wwwroot/thinkphp/lang/zh-cn.php
[ info ] [ BEHAVIOR ] Run app\common\behavior\Common @app_dispatch [ RunTime:0.000040s ]
[ info ] [ ROUTE ] array (
  'type' => 'module',
  'module' => 
  array (
    0 => 'admin',
    1 => 'ajax',
    2 => 'lang',
  ),
)
[ info ] [ HEADER ] array (
  'cookie' => 'PHPSESSID=9c1cm4tdjvnk5cokm8ua9q00t0; think_var=zh-cn',
  'accept-language' => 'zh-CN,zh;q=0.9',
  'accept-encoding' => 'gzip, deflate, br',
  'accept' => '*/*',
  'user-agent' => 'Mozilla/5.0 (X11; Linux x86_64) AppleWebKit/537.36 (KHTML, like Gecko) Chrome/69.0.3497.128 Safari/537.36 Qaxbrowser',
  'connection' => 'keep-alive',
  'host' => '127.0.0.1:9002',
  'content-length' => '',
  'content-type' => '',
)
[ info ] [ PARAM ] array (
  'callback' => 'define',
  'controllername' => 'index',
  'lang' => 'zh-cn',
  'v' => '1609045405',
)
[ info ] [ LANG ] /home/www/admin/localhost_9002/wwwroot/public/../application/admin/lang/zh-cn.php
[ info ] [ BEHAVIOR ] Run app\common\behavior\Common @module_init [ RunTime:0.000748s ]
[ info ] [ SESSION ] INIT array (
  'id' => '',
  'var_session_id' => '',
  'prefix' => 'think',
  'type' => '',
  'auto_start' => true,
)
[ info ] [ BEHAVIOR ] Run \addons\geetest\Geetest @config_init [ RunTime:0.000091s ]
[ info ] [ LANG ] /home/www/admin/localhost_9002/wwwroot/public/../application/admin/lang/zh-cn/ajax.php
[ info ] [ BEHAVIOR ] Run \addons\geetest\Geetest @action_begin [ RunTime:0.000030s ]
[ info ] [ RUN ] app\admin\controller\Ajax->lang[ /home/www/admin/localhost_9002/wwwroot/application/admin/controller/Ajax.php ]
[ info ] [ LANG ] /home/www/admin/localhost_9002/wwwroot/public/../application/admin/lang/zh-cn/index.php
[ info ] [ BEHAVIOR ] Run app\admin\behavior\AdminLog @app_end [ RunTime:0.000052s ]
[ info ] [ LOG ] INIT File
---------------------------------------------------------------
[ 2020-12-27T13:04:29+08:00 ] 127.0.0.1 GET 127.0.0.1:9002/PByGmRKgDe.php/dashboard?ref=addtabs
[运行时间：0.068431s] [吞吐率：14.61req/s] [内存消耗：760.00kb] [文件加载：135]
[ info ] [ BEHAVIOR ] Run Closure @app_init [ RunTime:0.000088s ]
[ info ] [ CACHE ] INIT File
[ info ] [ BEHAVIOR ] Run Closure @app_init [ RunTime:0.000382s ]
[ info ] [ LANG ] /home/www/admin/localhost_9002/wwwroot/thinkphp/lang/zh-cn.php
[ info ] [ BEHAVIOR ] Run app\common\behavior\Common @app_dispatch [ RunTime:0.000037s ]
[ info ] [ ROUTE ] array (
  'type' => 'module',
  'module' => 
  array (
    0 => 'admin',
    1 => 'dashboard',
    2 => NULL,
  ),
)
[ info ] [ HEADER ] array (
  'cookie' => 'PHPSESSID=9c1cm4tdjvnk5cokm8ua9q00t0; think_var=zh-cn',
  'accept-language' => 'zh-CN,zh;q=0.9',
  'accept-encoding' => 'gzip, deflate, br',
  'accept' => 'text/html,application/xhtml+xml,application/xml;q=0.9,image/webp,image/apng,*/*;q=0.8',
  'user-agent' => 'Mozilla/5.0 (X11; Linux x86_64) AppleWebKit/537.36 (KHTML, like Gecko) Chrome/69.0.3497.128 Safari/537.36 Qaxbrowser',
  'upgrade-insecure-requests' => '1',
  'cache-control' => 'max-age=0',
  'connection' => 'keep-alive',
  'host' => '127.0.0.1:9002',
  'content-length' => '',
  'content-type' => '',
)
[ info ] [ PARAM ] array (
  'ref' => 'addtabs',
)
[ info ] [ LANG ] /home/www/admin/localhost_9002/wwwroot/public/../application/admin/lang/zh-cn.php
[ info ] [ BEHAVIOR ] Run app\common\behavior\Common @module_init [ RunTime:0.000149s ]
[ info ] [ SESSION ] INIT array (
  'id' => '',
  'var_session_id' => '',
  'prefix' => 'think',
  'type' => '',
  'auto_start' => true,
)
[ info ] [ DB ] INIT mysql
[ info ] [ BEHAVIOR ] Run app\admin\behavior\AdminLog @app_end [ RunTime:0.000040s ]
[ info ] [ LOG ] INIT File
---------------------------------------------------------------
[ 2020-12-27T13:04:29+08:00 ] 127.0.0.1 GET 127.0.0.1:9002/PByGmRKgDe.php/index/index
[运行时间：0.043462s] [吞吐率：23.01req/s] [内存消耗：799.40kb] [文件加载：151]
[ info ] [ BEHAVIOR ] Run Closure @app_init [ RunTime:0.000091s ]
[ info ] [ CACHE ] INIT File
[ info ] [ BEHAVIOR ] Run Closure @app_init [ RunTime:0.000612s ]
[ info ] [ LANG ] /home/www/admin/localhost_9002/wwwroot/thinkphp/lang/zh-cn.php
[ info ] [ BEHAVIOR ] Run app\common\behavior\Common @app_dispatch [ RunTime:0.000031s ]
[ info ] [ ROUTE ] array (
  'type' => 'module',
  'module' => 
  array (
    0 => 'admin',
    1 => 'index',
    2 => 'index',
  ),
)
[ info ] [ HEADER ] array (
  'cookie' => 'PHPSESSID=9c1cm4tdjvnk5cokm8ua9q00t0; think_var=zh-cn',
  'accept-language' => 'zh-CN,zh;q=0.9',
  'accept-encoding' => 'gzip, deflate, br',
  'accept' => 'text/html,application/xhtml+xml,application/xml;q=0.9,image/webp,image/apng,*/*;q=0.8',
  'user-agent' => 'Mozilla/5.0 (X11; Linux x86_64) AppleWebKit/537.36 (KHTML, like Gecko) Chrome/69.0.3497.128 Safari/537.36 Qaxbrowser',
  'upgrade-insecure-requests' => '1',
  'cache-control' => 'max-age=0',
  'connection' => 'keep-alive',
  'host' => '127.0.0.1:9002',
  'content-length' => '',
  'content-type' => '',
)
[ info ] [ PARAM ] array (
)
[ info ] [ LANG ] /home/www/admin/localhost_9002/wwwroot/public/../application/admin/lang/zh-cn.php
[ info ] [ BEHAVIOR ] Run app\common\behavior\Common @module_init [ RunTime:0.000161s ]
[ info ] [ SESSION ] INIT array (
  'id' => '',
  'var_session_id' => '',
  'prefix' => 'think',
  'type' => '',
  'auto_start' => true,
)
[ info ] [ BEHAVIOR ] Run \addons\geetest\Geetest @config_init [ RunTime:0.000076s ]
[ info ] [ LANG ] /home/www/admin/localhost_9002/wwwroot/public/../application/admin/lang/zh-cn/index.php
[ info ] [ BEHAVIOR ] Run \addons\geetest\Geetest @action_begin [ RunTime:0.000019s ]
[ info ] [ RUN ] app\admin\controller\Index->index[ /home/www/admin/localhost_9002/wwwroot/application/admin/controller/Index.php ]
[ info ] [ DB ] INIT mysql
[ info ] [ VIEW ] /home/www/admin/localhost_9002/wwwroot/public/../application/admin/view/index/index.html [ array (
  0 => 'breadcrumb',
  1 => 'site',
  2 => 'config',
  3 => 'auth',
  4 => 'admin',
  5 => 'menulist',
  6 => 'navlist',
  7 => 'fixedmenu',
  8 => 'referermenu',
  9 => 'title',
) ]
[ info ] [ BEHAVIOR ] Run app\admin\behavior\AdminLog @app_end [ RunTime:0.000024s ]
[ info ] [ LOG ] INIT File
---------------------------------------------------------------
[ 2020-12-27T13:04:29+08:00 ] 127.0.0.1 GET 127.0.0.1:9002/PByGmRKgDe.php/dashboard?addtabs=1
[运行时间：0.117420s] [吞吐率：8.52req/s] [内存消耗：741.27kb] [文件加载：142]
[ info ] [ BEHAVIOR ] Run Closure @app_init [ RunTime:0.000133s ]
[ info ] [ CACHE ] INIT File
[ info ] [ BEHAVIOR ] Run Closure @app_init [ RunTime:0.000732s ]
[ info ] [ LANG ] /home/www/admin/localhost_9002/wwwroot/thinkphp/lang/zh-cn.php
[ info ] [ BEHAVIOR ] Run app\common\behavior\Common @app_dispatch [ RunTime:0.000034s ]
[ info ] [ ROUTE ] array (
  'type' => 'module',
  'module' => 
  array (
    0 => 'admin',
    1 => 'dashboard',
    2 => NULL,
  ),
)
[ info ] [ HEADER ] array (
  'cookie' => 'PHPSESSID=9c1cm4tdjvnk5cokm8ua9q00t0; think_var=zh-cn',
  'accept-language' => 'zh-CN,zh;q=0.9',
  'accept-encoding' => 'gzip, deflate, br',
  'accept' => 'text/html,application/xhtml+xml,application/xml;q=0.9,image/webp,image/apng,*/*;q=0.8',
  'user-agent' => 'Mozilla/5.0 (X11; Linux x86_64) AppleWebKit/537.36 (KHTML, like Gecko) Chrome/69.0.3497.128 Safari/537.36 Qaxbrowser',
  'upgrade-insecure-requests' => '1',
  'connection' => 'keep-alive',
  'host' => '127.0.0.1:9002',
  'content-length' => '',
  'content-type' => '',
)
[ info ] [ PARAM ] array (
  'addtabs' => '1',
)
[ info ] [ LANG ] /home/www/admin/localhost_9002/wwwroot/public/../application/admin/lang/zh-cn.php
[ info ] [ BEHAVIOR ] Run app\common\behavior\Common @module_init [ RunTime:0.000147s ]
[ info ] [ SESSION ] INIT array (
  'id' => '',
  'var_session_id' => '',
  'prefix' => 'think',
  'type' => '',
  'auto_start' => true,
)
[ info ] [ DB ] INIT mysql
[ info ] [ BEHAVIOR ] Run \addons\geetest\Geetest @config_init [ RunTime:0.000098s ]
[ info ] [ LANG ] /home/www/admin/localhost_9002/wwwroot/public/../application/admin/lang/zh-cn/dashboard.php
[ info ] [ BEHAVIOR ] Run \addons\geetest\Geetest @action_begin [ RunTime:0.000030s ]
[ info ] [ RUN ] app\admin\controller\Dashboard->index[ /home/www/admin/localhost_9002/wwwroot/application/admin/controller/Dashboard.php ]
[ info ] [ VIEW ] /home/www/admin/localhost_9002/wwwroot/public/../application/admin/view/dashboard/index.html [ array (
  0 => 'breadcrumb',
  1 => 'site',
  2 => 'config',
  3 => 'auth',
  4 => 'admin',
  5 => 'totaluser',
  6 => 'totalviews',
  7 => 'totalorder',
  8 => 'totalorderamount',
  9 => 'todayuserlogin',
  10 => 'todayusersignup',
  11 => 'todayorder',
  12 => 'unsettleorder',
  13 => 'sevendnu',
  14 => 'sevendau',
  15 => 'paylist',
  16 => 'createlist',
  17 => 'addonversion',
  18 => 'uploadmode',
) ]
[ info ] [ BEHAVIOR ] Run app\admin\behavior\AdminLog @app_end [ RunTime:0.000034s ]
[ info ] [ LOG ] INIT File
---------------------------------------------------------------
[ 2020-12-27T13:04:30+08:00 ] 127.0.0.1 GET 127.0.0.1:9002/PByGmRKgDe.php/ajax/lang?callback=define&controllername=index&lang=zh-cn&v=1609045469&v=1609045469
[运行时间：0.006588s] [吞吐率：151.79req/s] [内存消耗：407.21kb] [文件加载：133]
[ info ] [ BEHAVIOR ] Run Closure @app_init [ RunTime:0.000113s ]
[ info ] [ CACHE ] INIT File
[ info ] [ BEHAVIOR ] Run Closure @app_init [ RunTime:0.000373s ]
[ info ] [ LANG ] /home/www/admin/localhost_9002/wwwroot/thinkphp/lang/zh-cn.php
[ info ] [ BEHAVIOR ] Run app\common\behavior\Common @app_dispatch [ RunTime:0.000032s ]
[ info ] [ ROUTE ] array (
  'type' => 'module',
  'module' => 
  array (
    0 => 'admin',
    1 => 'ajax',
    2 => 'lang',
  ),
)
[ info ] [ HEADER ] array (
  'cookie' => 'PHPSESSID=9c1cm4tdjvnk5cokm8ua9q00t0; think_var=zh-cn',
  'accept-language' => 'zh-CN,zh;q=0.9',
  'accept-encoding' => 'gzip, deflate, br',
  'accept' => '*/*',
  'user-agent' => 'Mozilla/5.0 (X11; Linux x86_64) AppleWebKit/537.36 (KHTML, like Gecko) Chrome/69.0.3497.128 Safari/537.36 Qaxbrowser',
  'connection' => 'keep-alive',
  'host' => '127.0.0.1:9002',
  'content-length' => '',
  'content-type' => '',
)
[ info ] [ PARAM ] array (
  'callback' => 'define',
  'controllername' => 'index',
  'lang' => 'zh-cn',
  'v' => '1609045469',
)
[ info ] [ LANG ] /home/www/admin/localhost_9002/wwwroot/public/../application/admin/lang/zh-cn.php
[ info ] [ BEHAVIOR ] Run app\common\behavior\Common @module_init [ RunTime:0.000315s ]
[ info ] [ SESSION ] INIT array (
  'id' => '',
  'var_session_id' => '',
  'prefix' => 'think',
  'type' => '',
  'auto_start' => true,
)
[ info ] [ BEHAVIOR ] Run \addons\geetest\Geetest @config_init [ RunTime:0.000118s ]
[ info ] [ LANG ] /home/www/admin/localhost_9002/wwwroot/public/../application/admin/lang/zh-cn/ajax.php
[ info ] [ BEHAVIOR ] Run \addons\geetest\Geetest @action_begin [ RunTime:0.000027s ]
[ info ] [ RUN ] app\admin\controller\Ajax->lang[ /home/www/admin/localhost_9002/wwwroot/application/admin/controller/Ajax.php ]
[ info ] [ LANG ] /home/www/admin/localhost_9002/wwwroot/public/../application/admin/lang/zh-cn/index.php
[ info ] [ BEHAVIOR ] Run app\admin\behavior\AdminLog @app_end [ RunTime:0.000035s ]
[ info ] [ LOG ] INIT File
---------------------------------------------------------------
[ 2020-12-27T13:04:30+08:00 ] 127.0.0.1 GET 127.0.0.1:9002/PByGmRKgDe.php/ajax/lang?callback=define&controllername=dashboard&lang=zh-cn&v=1609045469&v=1609045469
[运行时间：0.005555s] [吞吐率：180.02req/s] [内存消耗：406.80kb] [文件加载：133]
[ info ] [ BEHAVIOR ] Run Closure @app_init [ RunTime:0.000125s ]
[ info ] [ CACHE ] INIT File
[ info ] [ BEHAVIOR ] Run Closure @app_init [ RunTime:0.000404s ]
[ info ] [ LANG ] /home/www/admin/localhost_9002/wwwroot/thinkphp/lang/zh-cn.php
[ info ] [ BEHAVIOR ] Run app\common\behavior\Common @app_dispatch [ RunTime:0.000039s ]
[ info ] [ ROUTE ] array (
  'type' => 'module',
  'module' => 
  array (
    0 => 'admin',
    1 => 'ajax',
    2 => 'lang',
  ),
)
[ info ] [ HEADER ] array (
  'cookie' => 'PHPSESSID=9c1cm4tdjvnk5cokm8ua9q00t0; think_var=zh-cn',
  'accept-language' => 'zh-CN,zh;q=0.9',
  'accept-encoding' => 'gzip, deflate, br',
  'accept' => '*/*',
  'user-agent' => 'Mozilla/5.0 (X11; Linux x86_64) AppleWebKit/537.36 (KHTML, like Gecko) Chrome/69.0.3497.128 Safari/537.36 Qaxbrowser',
  'connection' => 'keep-alive',
  'host' => '127.0.0.1:9002',
  'content-length' => '',
  'content-type' => '',
)
[ info ] [ PARAM ] array (
  'callback' => 'define',
  'controllername' => 'dashboard',
  'lang' => 'zh-cn',
  'v' => '1609045469',
)
[ info ] [ LANG ] /home/www/admin/localhost_9002/wwwroot/public/../application/admin/lang/zh-cn.php
[ info ] [ BEHAVIOR ] Run app\common\behavior\Common @module_init [ RunTime:0.000310s ]
[ info ] [ SESSION ] INIT array (
  'id' => '',
  'var_session_id' => '',
  'prefix' => 'think',
  'type' => '',
  'auto_start' => true,
)
[ info ] [ BEHAVIOR ] Run \addons\geetest\Geetest @config_init [ RunTime:0.000103s ]
[ info ] [ LANG ] /home/www/admin/localhost_9002/wwwroot/public/../application/admin/lang/zh-cn/ajax.php
[ info ] [ BEHAVIOR ] Run \addons\geetest\Geetest @action_begin [ RunTime:0.000035s ]
[ info ] [ RUN ] app\admin\controller\Ajax->lang[ /home/www/admin/localhost_9002/wwwroot/application/admin/controller/Ajax.php ]
[ info ] [ LANG ] /home/www/admin/localhost_9002/wwwroot/public/../application/admin/lang/zh-cn/dashboard.php
[ info ] [ BEHAVIOR ] Run app\admin\behavior\AdminLog @app_end [ RunTime:0.000034s ]
[ info ] [ LOG ] INIT File
---------------------------------------------------------------
[ 2020-12-27T13:05:28+08:00 ] 127.0.0.1 GET 127.0.0.1:9002/PByGmRKgDe.php/general/profile?addtabs=1
[运行时间：0.175599s] [吞吐率：5.69req/s] [内存消耗：862.77kb] [文件加载：138]
[ info ] [ BEHAVIOR ] Run Closure @app_init [ RunTime:0.000093s ]
[ info ] [ CACHE ] INIT File
[ info ] [ BEHAVIOR ] Run Closure @app_init [ RunTime:0.000330s ]
[ info ] [ LANG ] /home/www/admin/localhost_9002/wwwroot/thinkphp/lang/zh-cn.php
[ info ] [ BEHAVIOR ] Run app\common\behavior\Common @app_dispatch [ RunTime:0.000045s ]
[ info ] [ ROUTE ] array (
  'type' => 'module',
  'module' => 
  array (
    0 => 'admin',
    1 => 'general.profile',
    2 => NULL,
  ),
)
[ info ] [ HEADER ] array (
  'cookie' => 'PHPSESSID=9c1cm4tdjvnk5cokm8ua9q00t0; think_var=zh-cn',
  'accept-language' => 'zh-CN,zh;q=0.9',
  'accept-encoding' => 'gzip, deflate, br',
  'accept' => 'text/html,application/xhtml+xml,application/xml;q=0.9,image/webp,image/apng,*/*;q=0.8',
  'user-agent' => 'Mozilla/5.0 (X11; Linux x86_64) AppleWebKit/537.36 (KHTML, like Gecko) Chrome/69.0.3497.128 Safari/537.36 Qaxbrowser',
  'upgrade-insecure-requests' => '1',
  'connection' => 'keep-alive',
  'host' => '127.0.0.1:9002',
  'content-length' => '',
  'content-type' => '',
)
[ info ] [ PARAM ] array (
  'addtabs' => '1',
)
[ info ] [ LANG ] /home/www/admin/localhost_9002/wwwroot/public/../application/admin/lang/zh-cn.php
[ info ] [ BEHAVIOR ] Run app\common\behavior\Common @module_init [ RunTime:0.000235s ]
[ info ] [ SESSION ] INIT array (
  'id' => '',
  'var_session_id' => '',
  'prefix' => 'think',
  'type' => '',
  'auto_start' => true,
)
[ info ] [ DB ] INIT mysql
[ info ] [ BEHAVIOR ] Run \addons\geetest\Geetest @config_init [ RunTime:0.000080s ]
[ info ] [ LANG ] /home/www/admin/localhost_9002/wwwroot/public/../application/admin/lang/zh-cn/general/profile.php
[ info ] [ BEHAVIOR ] Run \addons\geetest\Geetest @action_begin [ RunTime:0.000066s ]
[ info ] [ RUN ] app\admin\controller\general\Profile->index[ /home/www/admin/localhost_9002/wwwroot/application/admin/controller/general/Profile.php ]
[ info ] [ VIEW ] /home/www/admin/localhost_9002/wwwroot/public/../application/admin/view/general/profile/index.html [ array (
  0 => 'breadcrumb',
  1 => 'site',
  2 => 'config',
  3 => 'auth',
  4 => 'admin',
) ]
[ info ] [ BEHAVIOR ] Run app\admin\behavior\AdminLog @app_end [ RunTime:0.000035s ]
[ info ] [ LOG ] INIT File
---------------------------------------------------------------
[ 2020-12-27T13:05:28+08:00 ] 127.0.0.1 GET 127.0.0.1:9002/PByGmRKgDe.php/ajax/lang?callback=define&controllername=general.profile&lang=zh-cn&v=1609045528&v=1609045528
[运行时间：0.004588s] [吞吐率：217.97req/s] [内存消耗：405.72kb] [文件加载：133]
[ info ] [ BEHAVIOR ] Run Closure @app_init [ RunTime:0.000090s ]
[ info ] [ CACHE ] INIT File
[ info ] [ BEHAVIOR ] Run Closure @app_init [ RunTime:0.000258s ]
[ info ] [ LANG ] /home/www/admin/localhost_9002/wwwroot/thinkphp/lang/zh-cn.php
[ info ] [ BEHAVIOR ] Run app\common\behavior\Common @app_dispatch [ RunTime:0.000023s ]
[ info ] [ ROUTE ] array (
  'type' => 'module',
  'module' => 
  array (
    0 => 'admin',
    1 => 'ajax',
    2 => 'lang',
  ),
)
[ info ] [ HEADER ] array (
  'cookie' => 'PHPSESSID=9c1cm4tdjvnk5cokm8ua9q00t0; think_var=zh-cn',
  'accept-language' => 'zh-CN,zh;q=0.9',
  'accept-encoding' => 'gzip, deflate, br',
  'accept' => '*/*',
  'user-agent' => 'Mozilla/5.0 (X11; Linux x86_64) AppleWebKit/537.36 (KHTML, like Gecko) Chrome/69.0.3497.128 Safari/537.36 Qaxbrowser',
  'connection' => 'keep-alive',
  'host' => '127.0.0.1:9002',
  'content-length' => '',
  'content-type' => '',
)
[ info ] [ PARAM ] array (
  'callback' => 'define',
  'controllername' => 'general.profile',
  'lang' => 'zh-cn',
  'v' => '1609045528',
)
[ info ] [ LANG ] /home/www/admin/localhost_9002/wwwroot/public/../application/admin/lang/zh-cn.php
[ info ] [ BEHAVIOR ] Run app\common\behavior\Common @module_init [ RunTime:0.000256s ]
[ info ] [ SESSION ] INIT array (
  'id' => '',
  'var_session_id' => '',
  'prefix' => 'think',
  'type' => '',
  'auto_start' => true,
)
[ info ] [ BEHAVIOR ] Run \addons\geetest\Geetest @config_init [ RunTime:0.000075s ]
[ info ] [ LANG ] /home/www/admin/localhost_9002/wwwroot/public/../application/admin/lang/zh-cn/ajax.php
[ info ] [ BEHAVIOR ] Run \addons\geetest\Geetest @action_begin [ RunTime:0.000033s ]
[ info ] [ RUN ] app\admin\controller\Ajax->lang[ /home/www/admin/localhost_9002/wwwroot/application/admin/controller/Ajax.php ]
[ info ] [ LANG ] /home/www/admin/localhost_9002/wwwroot/public/../application/admin/lang/zh-cn/general/profile.php
[ info ] [ BEHAVIOR ] Run app\admin\behavior\AdminLog @app_end [ RunTime:0.000070s ]
[ info ] [ LOG ] INIT File
---------------------------------------------------------------
[ 2020-12-27T13:05:29+08:00 ] 127.0.0.1 GET 127.0.0.1:9002/PByGmRKgDe.php/general/profile/index?sort=id&order=desc&offset=0&limit=10&_=1609045528764
[运行时间：0.507738s] [吞吐率：1.97req/s] [内存消耗：792.83kb] [文件加载：142]
[ info ] [ BEHAVIOR ] Run Closure @app_init [ RunTime:0.000123s ]
[ info ] [ CACHE ] INIT File
[ info ] [ BEHAVIOR ] Run Closure @app_init [ RunTime:0.000398s ]
[ info ] [ LANG ] /home/www/admin/localhost_9002/wwwroot/thinkphp/lang/zh-cn.php
[ info ] [ BEHAVIOR ] Run app\common\behavior\Common @app_dispatch [ RunTime:0.000039s ]
[ info ] [ ROUTE ] array (
  'type' => 'module',
  'module' => 
  array (
    0 => 'admin',
    1 => 'general.profile',
    2 => 'index',
  ),
)
[ info ] [ HEADER ] array (
  'cookie' => 'PHPSESSID=9c1cm4tdjvnk5cokm8ua9q00t0; think_var=zh-cn',
  'accept-language' => 'zh-CN,zh;q=0.9',
  'accept-encoding' => 'gzip, deflate, br',
  'content-type' => 'application/json',
  'user-agent' => 'Mozilla/5.0 (X11; Linux x86_64) AppleWebKit/537.36 (KHTML, like Gecko) Chrome/69.0.3497.128 Safari/537.36 Qaxbrowser',
  'x-requested-with' => 'XMLHttpRequest',
  'accept' => 'application/json, text/javascript, */*; q=0.01',
  'connection' => 'keep-alive',
  'host' => '127.0.0.1:9002',
  'content-length' => '',
)
[ info ] [ PARAM ] array (
  'sort' => 'id',
  'order' => 'desc',
  'offset' => '0',
  'limit' => '10',
  '_' => '1609045528764',
)
[ info ] [ LANG ] /home/www/admin/localhost_9002/wwwroot/public/../application/admin/lang/zh-cn.php
[ info ] [ BEHAVIOR ] Run app\common\behavior\Common @module_init [ RunTime:0.000208s ]
[ info ] [ SESSION ] INIT array (
  'id' => '',
  'var_session_id' => '',
  'prefix' => 'think',
  'type' => '',
  'auto_start' => true,
)
[ info ] [ DB ] INIT mysql
[ info ] [ BEHAVIOR ] Run \addons\geetest\Geetest @config_init [ RunTime:0.000084s ]
[ info ] [ LANG ] /home/www/admin/localhost_9002/wwwroot/public/../application/admin/lang/zh-cn/general/profile.php
[ info ] [ BEHAVIOR ] Run \addons\geetest\Geetest @action_begin [ RunTime:0.000026s ]
[ info ] [ RUN ] app\admin\controller\general\Profile->index[ /home/www/admin/localhost_9002/wwwroot/application/admin/controller/general/Profile.php ]
[ info ] [ BEHAVIOR ] Run app\admin\behavior\AdminLog @app_end [ RunTime:0.000026s ]
[ info ] [ LOG ] INIT File
---------------------------------------------------------------
[ 2020-12-27T13:05:30+08:00 ] 127.0.0.1 GET 127.0.0.1:9002/PByGmRKgDe.php/auth/group?addtabs=1
[运行时间：0.198772s] [吞吐率：5.03req/s] [内存消耗：727.76kb] [文件加载：142]
[ info ] [ BEHAVIOR ] Run Closure @app_init [ RunTime:0.000095s ]
[ info ] [ CACHE ] INIT File
[ info ] [ BEHAVIOR ] Run Closure @app_init [ RunTime:0.000290s ]
[ info ] [ LANG ] /home/www/admin/localhost_9002/wwwroot/thinkphp/lang/zh-cn.php
[ info ] [ BEHAVIOR ] Run app\common\behavior\Common @app_dispatch [ RunTime:0.000027s ]
[ info ] [ ROUTE ] array (
  'type' => 'module',
  'module' => 
  array (
    0 => 'admin',
    1 => 'auth.group',
    2 => NULL,
  ),
)
[ info ] [ HEADER ] array (
  'cookie' => 'PHPSESSID=9c1cm4tdjvnk5cokm8ua9q00t0; think_var=zh-cn',
  'accept-language' => 'zh-CN,zh;q=0.9',
  'accept-encoding' => 'gzip, deflate, br',
  'accept' => 'text/html,application/xhtml+xml,application/xml;q=0.9,image/webp,image/apng,*/*;q=0.8',
  'user-agent' => 'Mozilla/5.0 (X11; Linux x86_64) AppleWebKit/537.36 (KHTML, like Gecko) Chrome/69.0.3497.128 Safari/537.36 Qaxbrowser',
  'upgrade-insecure-requests' => '1',
  'connection' => 'keep-alive',
  'host' => '127.0.0.1:9002',
  'content-length' => '',
  'content-type' => '',
)
[ info ] [ PARAM ] array (
  'addtabs' => '1',
)
[ info ] [ LANG ] /home/www/admin/localhost_9002/wwwroot/public/../application/admin/lang/zh-cn.php
[ info ] [ BEHAVIOR ] Run app\common\behavior\Common @module_init [ RunTime:0.000151s ]
[ info ] [ SESSION ] INIT array (
  'id' => '',
  'var_session_id' => '',
  'prefix' => 'think',
  'type' => '',
  'auto_start' => true,
)
[ info ] [ DB ] INIT mysql
[ info ] [ BEHAVIOR ] Run \addons\geetest\Geetest @config_init [ RunTime:0.000067s ]
[ info ] [ LANG ] /home/www/admin/localhost_9002/wwwroot/public/../application/admin/lang/zh-cn/auth/group.php
[ info ] [ BEHAVIOR ] Run \addons\geetest\Geetest @action_begin [ RunTime:0.000032s ]
[ info ] [ RUN ] app\admin\controller\auth\Group->index[ /home/www/admin/localhost_9002/wwwroot/application/admin/controller/auth/Group.php ]
[ info ] [ VIEW ] /home/www/admin/localhost_9002/wwwroot/public/../application/admin/view/auth/group/index.html [ array (
  0 => 'breadcrumb',
  1 => 'site',
  2 => 'config',
  3 => 'auth',
  4 => 'admin',
  5 => 'groupdata',
) ]
[ info ] [ BEHAVIOR ] Run app\admin\behavior\AdminLog @app_end [ RunTime:0.000028s ]
[ info ] [ LOG ] INIT File
---------------------------------------------------------------
[ 2020-12-27T13:05:30+08:00 ] 127.0.0.1 GET 127.0.0.1:9002/PByGmRKgDe.php/ajax/lang?callback=define&controllername=auth.group&lang=zh-cn&v=1609045530&v=1609045530
[运行时间：0.004756s] [吞吐率：210.25req/s] [内存消耗：405.87kb] [文件加载：133]
[ info ] [ BEHAVIOR ] Run Closure @app_init [ RunTime:0.000119s ]
[ info ] [ CACHE ] INIT File
[ info ] [ BEHAVIOR ] Run Closure @app_init [ RunTime:0.000388s ]
[ info ] [ LANG ] /home/www/admin/localhost_9002/wwwroot/thinkphp/lang/zh-cn.php
[ info ] [ BEHAVIOR ] Run app\common\behavior\Common @app_dispatch [ RunTime:0.000041s ]
[ info ] [ ROUTE ] array (
  'type' => 'module',
  'module' => 
  array (
    0 => 'admin',
    1 => 'ajax',
    2 => 'lang',
  ),
)
[ info ] [ HEADER ] array (
  'cookie' => 'PHPSESSID=9c1cm4tdjvnk5cokm8ua9q00t0; think_var=zh-cn',
  'accept-language' => 'zh-CN,zh;q=0.9',
  'accept-encoding' => 'gzip, deflate, br',
  'accept' => '*/*',
  'user-agent' => 'Mozilla/5.0 (X11; Linux x86_64) AppleWebKit/537.36 (KHTML, like Gecko) Chrome/69.0.3497.128 Safari/537.36 Qaxbrowser',
  'connection' => 'keep-alive',
  'host' => '127.0.0.1:9002',
  'content-length' => '',
  'content-type' => '',
)
[ info ] [ PARAM ] array (
  'callback' => 'define',
  'controllername' => 'auth.group',
  'lang' => 'zh-cn',
  'v' => '1609045530',
)
[ info ] [ LANG ] /home/www/admin/localhost_9002/wwwroot/public/../application/admin/lang/zh-cn.php
[ info ] [ BEHAVIOR ] Run app\common\behavior\Common @module_init [ RunTime:0.000258s ]
[ info ] [ SESSION ] INIT array (
  'id' => '',
  'var_session_id' => '',
  'prefix' => 'think',
  'type' => '',
  'auto_start' => true,
)
[ info ] [ BEHAVIOR ] Run \addons\geetest\Geetest @config_init [ RunTime:0.000099s ]
[ info ] [ LANG ] /home/www/admin/localhost_9002/wwwroot/public/../application/admin/lang/zh-cn/ajax.php
[ info ] [ BEHAVIOR ] Run \addons\geetest\Geetest @action_begin [ RunTime:0.000033s ]
[ info ] [ RUN ] app\admin\controller\Ajax->lang[ /home/www/admin/localhost_9002/wwwroot/application/admin/controller/Ajax.php ]
[ info ] [ LANG ] /home/www/admin/localhost_9002/wwwroot/public/../application/admin/lang/zh-cn/auth/group.php
[ info ] [ BEHAVIOR ] Run app\admin\behavior\AdminLog @app_end [ RunTime:0.000031s ]
[ info ] [ LOG ] INIT File
---------------------------------------------------------------
[ 2020-12-27T13:05:31+08:00 ] 127.0.0.1 GET 127.0.0.1:9002/PByGmRKgDe.php/auth/group/index?sort=id&order=desc&_=1609045530908
[运行时间：0.023098s] [吞吐率：43.29req/s] [内存消耗：730.59kb] [文件加载：142]
[ info ] [ BEHAVIOR ] Run Closure @app_init [ RunTime:0.000200s ]
[ info ] [ CACHE ] INIT File
[ info ] [ BEHAVIOR ] Run Closure @app_init [ RunTime:0.000453s ]
[ info ] [ LANG ] /home/www/admin/localhost_9002/wwwroot/thinkphp/lang/zh-cn.php
[ info ] [ BEHAVIOR ] Run app\common\behavior\Common @app_dispatch [ RunTime:0.000055s ]
[ info ] [ ROUTE ] array (
  'type' => 'module',
  'module' => 
  array (
    0 => 'admin',
    1 => 'auth.group',
    2 => 'index',
  ),
)
[ info ] [ HEADER ] array (
  'cookie' => 'PHPSESSID=9c1cm4tdjvnk5cokm8ua9q00t0; think_var=zh-cn',
  'accept-language' => 'zh-CN,zh;q=0.9',
  'accept-encoding' => 'gzip, deflate, br',
  'content-type' => 'application/json',
  'user-agent' => 'Mozilla/5.0 (X11; Linux x86_64) AppleWebKit/537.36 (KHTML, like Gecko) Chrome/69.0.3497.128 Safari/537.36 Qaxbrowser',
  'x-requested-with' => 'XMLHttpRequest',
  'accept' => 'application/json, text/javascript, */*; q=0.01',
  'connection' => 'keep-alive',
  'host' => '127.0.0.1:9002',
  'content-length' => '',
)
[ info ] [ PARAM ] array (
  'sort' => 'id',
  'order' => 'desc',
  '_' => '1609045530908',
)
[ info ] [ LANG ] /home/www/admin/localhost_9002/wwwroot/public/../application/admin/lang/zh-cn.php
[ info ] [ BEHAVIOR ] Run app\common\behavior\Common @module_init [ RunTime:0.000220s ]
[ info ] [ SESSION ] INIT array (
  'id' => '',
  'var_session_id' => '',
  'prefix' => 'think',
  'type' => '',
  'auto_start' => true,
)
[ info ] [ DB ] INIT mysql
[ info ] [ BEHAVIOR ] Run \addons\geetest\Geetest @config_init [ RunTime:0.000088s ]
[ info ] [ LANG ] /home/www/admin/localhost_9002/wwwroot/public/../application/admin/lang/zh-cn/auth/group.php
[ info ] [ BEHAVIOR ] Run \addons\geetest\Geetest @action_begin [ RunTime:0.000047s ]
[ info ] [ RUN ] app\admin\controller\auth\Group->index[ /home/www/admin/localhost_9002/wwwroot/application/admin/controller/auth/Group.php ]
[ info ] [ BEHAVIOR ] Run app\admin\behavior\AdminLog @app_end [ RunTime:0.000034s ]
[ info ] [ LOG ] INIT File
---------------------------------------------------------------
[ 2020-12-27T13:05:35+08:00 ] 127.0.0.1 GET 127.0.0.1:9002/PByGmRKgDe.php/financial/statement?addtabs=1
[运行时间：0.148283s] [吞吐率：6.74req/s] [内存消耗：714.21kb] [文件加载：139]
[ info ] [ BEHAVIOR ] Run Closure @app_init [ RunTime:0.000124s ]
[ info ] [ CACHE ] INIT File
[ info ] [ BEHAVIOR ] Run Closure @app_init [ RunTime:0.000508s ]
[ info ] [ LANG ] /home/www/admin/localhost_9002/wwwroot/thinkphp/lang/zh-cn.php
[ info ] [ BEHAVIOR ] Run app\common\behavior\Common @app_dispatch [ RunTime:0.000062s ]
[ info ] [ ROUTE ] array (
  'type' => 'module',
  'module' => 
  array (
    0 => 'admin',
    1 => 'financial.statement',
    2 => NULL,
  ),
)
[ info ] [ HEADER ] array (
  'cookie' => 'PHPSESSID=9c1cm4tdjvnk5cokm8ua9q00t0; think_var=zh-cn',
  'accept-language' => 'zh-CN,zh;q=0.9',
  'accept-encoding' => 'gzip, deflate, br',
  'accept' => 'text/html,application/xhtml+xml,application/xml;q=0.9,image/webp,image/apng,*/*;q=0.8',
  'user-agent' => 'Mozilla/5.0 (X11; Linux x86_64) AppleWebKit/537.36 (KHTML, like Gecko) Chrome/69.0.3497.128 Safari/537.36 Qaxbrowser',
  'upgrade-insecure-requests' => '1',
  'connection' => 'keep-alive',
  'host' => '127.0.0.1:9002',
  'content-length' => '',
  'content-type' => '',
)
[ info ] [ PARAM ] array (
  'addtabs' => '1',
)
[ info ] [ LANG ] /home/www/admin/localhost_9002/wwwroot/public/../application/admin/lang/zh-cn.php
[ info ] [ BEHAVIOR ] Run app\common\behavior\Common @module_init [ RunTime:0.000230s ]
[ info ] [ SESSION ] INIT array (
  'id' => '',
  'var_session_id' => '',
  'prefix' => 'think',
  'type' => '',
  'auto_start' => true,
)
[ info ] [ DB ] INIT mysql
[ info ] [ BEHAVIOR ] Run \addons\geetest\Geetest @config_init [ RunTime:0.000079s ]
[ info ] [ LANG ] /home/www/admin/localhost_9002/wwwroot/public/../application/admin/lang/zh-cn/financial/statement.php
[ info ] [ BEHAVIOR ] Run \addons\geetest\Geetest @action_begin [ RunTime:0.000051s ]
[ info ] [ RUN ] app\admin\controller\financial\Statement->index[ /home/www/admin/localhost_9002/wwwroot/application/admin/controller/financial/Statement.php ]
[ info ] [ VIEW ] /home/www/admin/localhost_9002/wwwroot/public/../application/admin/view/financial/statement/index.html [ array (
  0 => 'breadcrumb',
  1 => 'site',
  2 => 'config',
  3 => 'auth',
  4 => 'admin',
  5 => 'statementStatusList',
) ]
[ info ] [ BEHAVIOR ] Run app\admin\behavior\AdminLog @app_end [ RunTime:0.000034s ]
[ info ] [ LOG ] INIT File
---------------------------------------------------------------
[ 2020-12-27T13:05:35+08:00 ] 127.0.0.1 GET 127.0.0.1:9002/PByGmRKgDe.php/ajax/lang?callback=define&controllername=financial.statement&lang=zh-cn&v=1609045535&v=1609045535
[运行时间：0.003672s] [吞吐率：272.32req/s] [内存消耗：407.66kb] [文件加载：133]
[ info ] [ BEHAVIOR ] Run Closure @app_init [ RunTime:0.000107s ]
[ info ] [ CACHE ] INIT File
[ info ] [ BEHAVIOR ] Run Closure @app_init [ RunTime:0.000264s ]
[ info ] [ LANG ] /home/www/admin/localhost_9002/wwwroot/thinkphp/lang/zh-cn.php
[ info ] [ BEHAVIOR ] Run app\common\behavior\Common @app_dispatch [ RunTime:0.000023s ]
[ info ] [ ROUTE ] array (
  'type' => 'module',
  'module' => 
  array (
    0 => 'admin',
    1 => 'ajax',
    2 => 'lang',
  ),
)
[ info ] [ HEADER ] array (
  'cookie' => 'PHPSESSID=9c1cm4tdjvnk5cokm8ua9q00t0; think_var=zh-cn',
  'accept-language' => 'zh-CN,zh;q=0.9',
  'accept-encoding' => 'gzip, deflate, br',
  'accept' => '*/*',
  'user-agent' => 'Mozilla/5.0 (X11; Linux x86_64) AppleWebKit/537.36 (KHTML, like Gecko) Chrome/69.0.3497.128 Safari/537.36 Qaxbrowser',
  'connection' => 'keep-alive',
  'host' => '127.0.0.1:9002',
  'content-length' => '',
  'content-type' => '',
)
[ info ] [ PARAM ] array (
  'callback' => 'define',
  'controllername' => 'financial.statement',
  'lang' => 'zh-cn',
  'v' => '1609045535',
)
[ info ] [ LANG ] /home/www/admin/localhost_9002/wwwroot/public/../application/admin/lang/zh-cn.php
[ info ] [ BEHAVIOR ] Run app\common\behavior\Common @module_init [ RunTime:0.000193s ]
[ info ] [ SESSION ] INIT array (
  'id' => '',
  'var_session_id' => '',
  'prefix' => 'think',
  'type' => '',
  'auto_start' => true,
)
[ info ] [ BEHAVIOR ] Run \addons\geetest\Geetest @config_init [ RunTime:0.000077s ]
[ info ] [ LANG ] /home/www/admin/localhost_9002/wwwroot/public/../application/admin/lang/zh-cn/ajax.php
[ info ] [ BEHAVIOR ] Run \addons\geetest\Geetest @action_begin [ RunTime:0.000020s ]
[ info ] [ RUN ] app\admin\controller\Ajax->lang[ /home/www/admin/localhost_9002/wwwroot/application/admin/controller/Ajax.php ]
[ info ] [ LANG ] /home/www/admin/localhost_9002/wwwroot/public/../application/admin/lang/zh-cn/financial/statement.php
[ info ] [ BEHAVIOR ] Run app\admin\behavior\AdminLog @app_end [ RunTime:0.000020s ]
[ info ] [ LOG ] INIT File
---------------------------------------------------------------
[ 2020-12-27T13:05:36+08:00 ] 127.0.0.1 GET 127.0.0.1:9002/PByGmRKgDe.php/financial/statement/index?addtabs=1&sort=statement_id&order=desc&offset=0&limit=10&filter=%7B%7D&op=%7B%7D&_=1609045535541
[运行时间：0.423930s] [吞吐率：2.36req/s] [内存消耗：965.26kb] [文件加载：147]
[ info ] [ BEHAVIOR ] Run Closure @app_init [ RunTime:0.000126s ]
[ info ] [ CACHE ] INIT File
[ info ] [ BEHAVIOR ] Run Closure @app_init [ RunTime:0.000378s ]
[ info ] [ LANG ] /home/www/admin/localhost_9002/wwwroot/thinkphp/lang/zh-cn.php
[ info ] [ BEHAVIOR ] Run app\common\behavior\Common @app_dispatch [ RunTime:0.000037s ]
[ info ] [ ROUTE ] array (
  'type' => 'module',
  'module' => 
  array (
    0 => 'admin',
    1 => 'financial.statement',
    2 => 'index',
  ),
)
[ info ] [ HEADER ] array (
  'cookie' => 'PHPSESSID=9c1cm4tdjvnk5cokm8ua9q00t0; think_var=zh-cn',
  'accept-language' => 'zh-CN,zh;q=0.9',
  'accept-encoding' => 'gzip, deflate, br',
  'content-type' => 'application/json',
  'user-agent' => 'Mozilla/5.0 (X11; Linux x86_64) AppleWebKit/537.36 (KHTML, like Gecko) Chrome/69.0.3497.128 Safari/537.36 Qaxbrowser',
  'x-requested-with' => 'XMLHttpRequest',
  'accept' => 'application/json, text/javascript, */*; q=0.01',
  'connection' => 'keep-alive',
  'host' => '127.0.0.1:9002',
  'content-length' => '',
)
[ info ] [ PARAM ] array (
  'addtabs' => '1',
  'sort' => 'statement_id',
  'order' => 'desc',
  'offset' => '0',
  'limit' => '10',
  'filter' => '{}',
  'op' => '{}',
  '_' => '1609045535541',
)
[ info ] [ LANG ] /home/www/admin/localhost_9002/wwwroot/public/../application/admin/lang/zh-cn.php
[ info ] [ BEHAVIOR ] Run app\common\behavior\Common @module_init [ RunTime:0.000222s ]
[ info ] [ SESSION ] INIT array (
  'id' => '',
  'var_session_id' => '',
  'prefix' => 'think',
  'type' => '',
  'auto_start' => true,
)
[ info ] [ DB ] INIT mysql
[ info ] [ BEHAVIOR ] Run \addons\geetest\Geetest @config_init [ RunTime:0.000069s ]
[ info ] [ LANG ] /home/www/admin/localhost_9002/wwwroot/public/../application/admin/lang/zh-cn/financial/statement.php
[ info ] [ BEHAVIOR ] Run \addons\geetest\Geetest @action_begin [ RunTime:0.000019s ]
[ info ] [ RUN ] app\admin\controller\financial\Statement->index[ /home/www/admin/localhost_9002/wwwroot/application/admin/controller/financial/Statement.php ]
[ info ] [ BEHAVIOR ] Run app\admin\behavior\AdminLog @app_end [ RunTime:0.000026s ]
[ info ] [ LOG ] INIT File
---------------------------------------------------------------
[ 2020-12-27T13:05:39+08:00 ] 127.0.0.1 GET 127.0.0.1:9002/PByGmRKgDe.php/report/business?addtabs=1
[运行时间：0.140903s] [吞吐率：7.10req/s] [内存消耗：712.86kb] [文件加载：139]
[ info ] [ BEHAVIOR ] Run Closure @app_init [ RunTime:0.000140s ]
[ info ] [ CACHE ] INIT File
[ info ] [ BEHAVIOR ] Run Closure @app_init [ RunTime:0.000499s ]
[ info ] [ LANG ] /home/www/admin/localhost_9002/wwwroot/thinkphp/lang/zh-cn.php
[ info ] [ BEHAVIOR ] Run app\common\behavior\Common @app_dispatch [ RunTime:0.000065s ]
[ info ] [ ROUTE ] array (
  'type' => 'module',
  'module' => 
  array (
    0 => 'admin',
    1 => 'report.business',
    2 => NULL,
  ),
)
[ info ] [ HEADER ] array (
  'cookie' => 'PHPSESSID=9c1cm4tdjvnk5cokm8ua9q00t0; think_var=zh-cn',
  'accept-language' => 'zh-CN,zh;q=0.9',
  'accept-encoding' => 'gzip, deflate, br',
  'accept' => 'text/html,application/xhtml+xml,application/xml;q=0.9,image/webp,image/apng,*/*;q=0.8',
  'user-agent' => 'Mozilla/5.0 (X11; Linux x86_64) AppleWebKit/537.36 (KHTML, like Gecko) Chrome/69.0.3497.128 Safari/537.36 Qaxbrowser',
  'upgrade-insecure-requests' => '1',
  'connection' => 'keep-alive',
  'host' => '127.0.0.1:9002',
  'content-length' => '',
  'content-type' => '',
)
[ info ] [ PARAM ] array (
  'addtabs' => '1',
)
[ info ] [ LANG ] /home/www/admin/localhost_9002/wwwroot/public/../application/admin/lang/zh-cn.php
[ info ] [ BEHAVIOR ] Run app\common\behavior\Common @module_init [ RunTime:0.000249s ]
[ info ] [ SESSION ] INIT array (
  'id' => '',
  'var_session_id' => '',
  'prefix' => 'think',
  'type' => '',
  'auto_start' => true,
)
[ info ] [ DB ] INIT mysql
[ info ] [ BEHAVIOR ] Run \addons\geetest\Geetest @config_init [ RunTime:0.000074s ]
[ info ] [ LANG ] /home/www/admin/localhost_9002/wwwroot/public/../application/admin/lang/zh-cn/report/business.php
[ info ] [ BEHAVIOR ] Run \addons\geetest\Geetest @action_begin [ RunTime:0.000046s ]
[ info ] [ RUN ] app\common\controller\Backend->index[ /home/www/admin/localhost_9002/wwwroot/application/admin/library/traits/Backend.php ]
[ info ] [ VIEW ] /home/www/admin/localhost_9002/wwwroot/public/../application/admin/view/report/business/index.html [ array (
  0 => 'breadcrumb',
  1 => 'site',
  2 => 'config',
  3 => 'auth',
  4 => 'admin',
  5 => 'statementStatusList',
) ]
[ info ] [ BEHAVIOR ] Run app\admin\behavior\AdminLog @app_end [ RunTime:0.000033s ]
[ info ] [ LOG ] INIT File
---------------------------------------------------------------
[ 2020-12-27T13:05:39+08:00 ] 127.0.0.1 GET 127.0.0.1:9002/PByGmRKgDe.php/ajax/lang?callback=define&controllername=report.business&lang=zh-cn&v=1609045539&v=1609045539
[运行时间：0.004810s] [吞吐率：207.91req/s] [内存消耗：406.48kb] [文件加载：133]
[ info ] [ BEHAVIOR ] Run Closure @app_init [ RunTime:0.000121s ]
[ info ] [ CACHE ] INIT File
[ info ] [ BEHAVIOR ] Run Closure @app_init [ RunTime:0.000385s ]
[ info ] [ LANG ] /home/www/admin/localhost_9002/wwwroot/thinkphp/lang/zh-cn.php
[ info ] [ BEHAVIOR ] Run app\common\behavior\Common @app_dispatch [ RunTime:0.000039s ]
[ info ] [ ROUTE ] array (
  'type' => 'module',
  'module' => 
  array (
    0 => 'admin',
    1 => 'ajax',
    2 => 'lang',
  ),
)
[ info ] [ HEADER ] array (
  'cookie' => 'PHPSESSID=9c1cm4tdjvnk5cokm8ua9q00t0; think_var=zh-cn',
  'accept-language' => 'zh-CN,zh;q=0.9',
  'accept-encoding' => 'gzip, deflate, br',
  'accept' => '*/*',
  'user-agent' => 'Mozilla/5.0 (X11; Linux x86_64) AppleWebKit/537.36 (KHTML, like Gecko) Chrome/69.0.3497.128 Safari/537.36 Qaxbrowser',
  'connection' => 'keep-alive',
  'host' => '127.0.0.1:9002',
  'content-length' => '',
  'content-type' => '',
)
[ info ] [ PARAM ] array (
  'callback' => 'define',
  'controllername' => 'report.business',
  'lang' => 'zh-cn',
  'v' => '1609045539',
)
[ info ] [ LANG ] /home/www/admin/localhost_9002/wwwroot/public/../application/admin/lang/zh-cn.php
[ info ] [ BEHAVIOR ] Run app\common\behavior\Common @module_init [ RunTime:0.000306s ]
[ info ] [ SESSION ] INIT array (
  'id' => '',
  'var_session_id' => '',
  'prefix' => 'think',
  'type' => '',
  'auto_start' => true,
)
[ info ] [ BEHAVIOR ] Run \addons\geetest\Geetest @config_init [ RunTime:0.000083s ]
[ info ] [ LANG ] /home/www/admin/localhost_9002/wwwroot/public/../application/admin/lang/zh-cn/ajax.php
[ info ] [ BEHAVIOR ] Run \addons\geetest\Geetest @action_begin [ RunTime:0.000034s ]
[ info ] [ RUN ] app\admin\controller\Ajax->lang[ /home/www/admin/localhost_9002/wwwroot/application/admin/controller/Ajax.php ]
[ info ] [ LANG ] /home/www/admin/localhost_9002/wwwroot/public/../application/admin/lang/zh-cn/report/business.php
[ info ] [ BEHAVIOR ] Run app\admin\behavior\AdminLog @app_end [ RunTime:0.000032s ]
[ info ] [ LOG ] INIT File
---------------------------------------------------------------
[ 2020-12-27T13:05:41+08:00 ] 127.0.0.1 GET 127.0.0.1:9002/PByGmRKgDe.php/report/statementcount?addtabs=1
[运行时间：0.136348s] [吞吐率：7.33req/s] [内存消耗：713.96kb] [文件加载：139]
[ info ] [ BEHAVIOR ] Run Closure @app_init [ RunTime:0.000138s ]
[ info ] [ CACHE ] INIT File
[ info ] [ BEHAVIOR ] Run Closure @app_init [ RunTime:0.000376s ]
[ info ] [ LANG ] /home/www/admin/localhost_9002/wwwroot/thinkphp/lang/zh-cn.php
[ info ] [ BEHAVIOR ] Run app\common\behavior\Common @app_dispatch [ RunTime:0.000096s ]
[ info ] [ ROUTE ] array (
  'type' => 'module',
  'module' => 
  array (
    0 => 'admin',
    1 => 'report.statementcount',
    2 => NULL,
  ),
)
[ info ] [ HEADER ] array (
  'cookie' => 'PHPSESSID=9c1cm4tdjvnk5cokm8ua9q00t0; think_var=zh-cn',
  'accept-language' => 'zh-CN,zh;q=0.9',
  'accept-encoding' => 'gzip, deflate, br',
  'accept' => 'text/html,application/xhtml+xml,application/xml;q=0.9,image/webp,image/apng,*/*;q=0.8',
  'user-agent' => 'Mozilla/5.0 (X11; Linux x86_64) AppleWebKit/537.36 (KHTML, like Gecko) Chrome/69.0.3497.128 Safari/537.36 Qaxbrowser',
  'upgrade-insecure-requests' => '1',
  'connection' => 'keep-alive',
  'host' => '127.0.0.1:9002',
  'content-length' => '',
  'content-type' => '',
)
[ info ] [ PARAM ] array (
  'addtabs' => '1',
)
[ info ] [ LANG ] /home/www/admin/localhost_9002/wwwroot/public/../application/admin/lang/zh-cn.php
[ info ] [ BEHAVIOR ] Run app\common\behavior\Common @module_init [ RunTime:0.000241s ]
[ info ] [ SESSION ] INIT array (
  'id' => '',
  'var_session_id' => '',
  'prefix' => 'think',
  'type' => '',
  'auto_start' => true,
)
[ info ] [ DB ] INIT mysql
[ info ] [ BEHAVIOR ] Run \addons\geetest\Geetest @config_init [ RunTime:0.000074s ]
[ info ] [ LANG ] /home/www/admin/localhost_9002/wwwroot/public/../application/admin/lang/zh-cn/report/statementcount.php
[ info ] [ BEHAVIOR ] Run \addons\geetest\Geetest @action_begin [ RunTime:0.000049s ]
[ info ] [ RUN ] app\admin\controller\report\Statementcount->index[ /home/www/admin/localhost_9002/wwwroot/application/admin/controller/report/Statementcount.php ]
[ info ] [ VIEW ] /home/www/admin/localhost_9002/wwwroot/public/../application/admin/view/report/statementcount/index.html [ array (
  0 => 'breadcrumb',
  1 => 'site',
  2 => 'config',
  3 => 'auth',
  4 => 'admin',
  5 => 'statementStatusList',
) ]
[ info ] [ BEHAVIOR ] Run app\admin\behavior\AdminLog @app_end [ RunTime:0.000036s ]
[ info ] [ LOG ] INIT File
---------------------------------------------------------------
[ 2020-12-27T13:05:41+08:00 ] 127.0.0.1 GET 127.0.0.1:9002/PByGmRKgDe.php/ajax/lang?callback=define&controllername=report.statementcount&lang=zh-cn&v=1609045541&v=1609045541
[运行时间：0.003726s] [吞吐率：268.38req/s] [内存消耗：407.38kb] [文件加载：133]
[ info ] [ BEHAVIOR ] Run Closure @app_init [ RunTime:0.000089s ]
[ info ] [ CACHE ] INIT File
[ info ] [ BEHAVIOR ] Run Closure @app_init [ RunTime:0.000256s ]
[ info ] [ LANG ] /home/www/admin/localhost_9002/wwwroot/thinkphp/lang/zh-cn.php
[ info ] [ BEHAVIOR ] Run app\common\behavior\Common @app_dispatch [ RunTime:0.000024s ]
[ info ] [ ROUTE ] array (
  'type' => 'module',
  'module' => 
  array (
    0 => 'admin',
    1 => 'ajax',
    2 => 'lang',
  ),
)
[ info ] [ HEADER ] array (
  'cookie' => 'PHPSESSID=9c1cm4tdjvnk5cokm8ua9q00t0; think_var=zh-cn',
  'accept-language' => 'zh-CN,zh;q=0.9',
  'accept-encoding' => 'gzip, deflate, br',
  'accept' => '*/*',
  'user-agent' => 'Mozilla/5.0 (X11; Linux x86_64) AppleWebKit/537.36 (KHTML, like Gecko) Chrome/69.0.3497.128 Safari/537.36 Qaxbrowser',
  'connection' => 'keep-alive',
  'host' => '127.0.0.1:9002',
  'content-length' => '',
  'content-type' => '',
)
[ info ] [ PARAM ] array (
  'callback' => 'define',
  'controllername' => 'report.statementcount',
  'lang' => 'zh-cn',
  'v' => '1609045541',
)
[ info ] [ LANG ] /home/www/admin/localhost_9002/wwwroot/public/../application/admin/lang/zh-cn.php
[ info ] [ BEHAVIOR ] Run app\common\behavior\Common @module_init [ RunTime:0.000171s ]
[ info ] [ SESSION ] INIT array (
  'id' => '',
  'var_session_id' => '',
  'prefix' => 'think',
  'type' => '',
  'auto_start' => true,
)
[ info ] [ BEHAVIOR ] Run \addons\geetest\Geetest @config_init [ RunTime:0.000085s ]
[ info ] [ LANG ] /home/www/admin/localhost_9002/wwwroot/public/../application/admin/lang/zh-cn/ajax.php
[ info ] [ BEHAVIOR ] Run \addons\geetest\Geetest @action_begin [ RunTime:0.000022s ]
[ info ] [ RUN ] app\admin\controller\Ajax->lang[ /home/www/admin/localhost_9002/wwwroot/application/admin/controller/Ajax.php ]
[ info ] [ LANG ] /home/www/admin/localhost_9002/wwwroot/public/../application/admin/lang/zh-cn/report/statementcount.php
[ info ] [ BEHAVIOR ] Run app\admin\behavior\AdminLog @app_end [ RunTime:0.000022s ]
[ info ] [ LOG ] INIT File
---------------------------------------------------------------
[ 2020-12-27T13:05:41+08:00 ] 127.0.0.1 GET 127.0.0.1:9002/PByGmRKgDe.php/report/statementcount/index?addtabs=1&sort=statement_customtype&order=desc&offset=0&limit=10&filter=%7B%22statement_date%22%3A%222020-12-27+00%3A00%3A00+-+2020-12-27+23%3A59%3A59%22%7D&op=%7B%22statement_date%22%3A%22RANGE%22%7D&_=1609045541348
[运行时间：0.047115s] [吞吐率：21.22req/s] [内存消耗：831.84kb] [文件加载：146]
[ info ] [ BEHAVIOR ] Run Closure @app_init [ RunTime:0.000093s ]
[ info ] [ CACHE ] INIT File
[ info ] [ BEHAVIOR ] Run Closure @app_init [ RunTime:0.000307s ]
[ info ] [ LANG ] /home/www/admin/localhost_9002/wwwroot/thinkphp/lang/zh-cn.php
[ info ] [ BEHAVIOR ] Run app\common\behavior\Common @app_dispatch [ RunTime:0.000041s ]
[ info ] [ ROUTE ] array (
  'type' => 'module',
  'module' => 
  array (
    0 => 'admin',
    1 => 'report.statementcount',
    2 => 'index',
  ),
)
[ info ] [ HEADER ] array (
  'cookie' => 'PHPSESSID=9c1cm4tdjvnk5cokm8ua9q00t0; think_var=zh-cn',
  'accept-language' => 'zh-CN,zh;q=0.9',
  'accept-encoding' => 'gzip, deflate, br',
  'content-type' => 'application/json',
  'user-agent' => 'Mozilla/5.0 (X11; Linux x86_64) AppleWebKit/537.36 (KHTML, like Gecko) Chrome/69.0.3497.128 Safari/537.36 Qaxbrowser',
  'x-requested-with' => 'XMLHttpRequest',
  'accept' => 'application/json, text/javascript, */*; q=0.01',
  'connection' => 'keep-alive',
  'host' => '127.0.0.1:9002',
  'content-length' => '',
)
[ info ] [ PARAM ] array (
  'addtabs' => '1',
  'sort' => 'statement_customtype',
  'order' => 'desc',
  'offset' => '0',
  'limit' => '10',
  'filter' => '{"statement_date":"2020-12-27 00:00:00 - 2020-12-27 23:59:59"}',
  'op' => '{"statement_date":"RANGE"}',
  '_' => '1609045541348',
)
[ info ] [ LANG ] /home/www/admin/localhost_9002/wwwroot/public/../application/admin/lang/zh-cn.php
[ info ] [ BEHAVIOR ] Run app\common\behavior\Common @module_init [ RunTime:0.000160s ]
[ info ] [ SESSION ] INIT array (
  'id' => '',
  'var_session_id' => '',
  'prefix' => 'think',
  'type' => '',
  'auto_start' => true,
)
[ info ] [ DB ] INIT mysql
[ info ] [ BEHAVIOR ] Run \addons\geetest\Geetest @config_init [ RunTime:0.000118s ]
[ info ] [ LANG ] /home/www/admin/localhost_9002/wwwroot/public/../application/admin/lang/zh-cn/report/statementcount.php
[ info ] [ BEHAVIOR ] Run \addons\geetest\Geetest @action_begin [ RunTime:0.000036s ]
[ info ] [ RUN ] app\admin\controller\report\Statementcount->index[ /home/www/admin/localhost_9002/wwwroot/application/admin/controller/report/Statementcount.php ]
[ info ] [ BEHAVIOR ] Run app\admin\behavior\AdminLog @app_end [ RunTime:0.000038s ]
[ info ] [ LOG ] INIT File
---------------------------------------------------------------
[ 2020-12-27T13:05:43+08:00 ] 127.0.0.1 GET 127.0.0.1:9002/PByGmRKgDe.php/report/account?addtabs=1
[运行时间：0.160543s] [吞吐率：6.23req/s] [内存消耗：712.30kb] [文件加载：139]
[ info ] [ BEHAVIOR ] Run Closure @app_init [ RunTime:0.000119s ]
[ info ] [ CACHE ] INIT File
[ info ] [ BEHAVIOR ] Run Closure @app_init [ RunTime:0.000444s ]
[ info ] [ LANG ] /home/www/admin/localhost_9002/wwwroot/thinkphp/lang/zh-cn.php
[ info ] [ BEHAVIOR ] Run app\common\behavior\Common @app_dispatch [ RunTime:0.000060s ]
[ info ] [ ROUTE ] array (
  'type' => 'module',
  'module' => 
  array (
    0 => 'admin',
    1 => 'report.account',
    2 => NULL,
  ),
)
[ info ] [ HEADER ] array (
  'cookie' => 'PHPSESSID=9c1cm4tdjvnk5cokm8ua9q00t0; think_var=zh-cn',
  'accept-language' => 'zh-CN,zh;q=0.9',
  'accept-encoding' => 'gzip, deflate, br',
  'accept' => 'text/html,application/xhtml+xml,application/xml;q=0.9,image/webp,image/apng,*/*;q=0.8',
  'user-agent' => 'Mozilla/5.0 (X11; Linux x86_64) AppleWebKit/537.36 (KHTML, like Gecko) Chrome/69.0.3497.128 Safari/537.36 Qaxbrowser',
  'upgrade-insecure-requests' => '1',
  'connection' => 'keep-alive',
  'host' => '127.0.0.1:9002',
  'content-length' => '',
  'content-type' => '',
)
[ info ] [ PARAM ] array (
  'addtabs' => '1',
)
[ info ] [ LANG ] /home/www/admin/localhost_9002/wwwroot/public/../application/admin/lang/zh-cn.php
[ info ] [ BEHAVIOR ] Run app\common\behavior\Common @module_init [ RunTime:0.000247s ]
[ info ] [ SESSION ] INIT array (
  'id' => '',
  'var_session_id' => '',
  'prefix' => 'think',
  'type' => '',
  'auto_start' => true,
)
[ info ] [ DB ] INIT mysql
[ info ] [ BEHAVIOR ] Run \addons\geetest\Geetest @config_init [ RunTime:0.000077s ]
[ info ] [ LANG ] /home/www/admin/localhost_9002/wwwroot/public/../application/admin/lang/zh-cn/report/account.php
[ info ] [ BEHAVIOR ] Run \addons\geetest\Geetest @action_begin [ RunTime:0.000045s ]
[ info ] [ RUN ] app\admin\controller\report\Account->index[ /home/www/admin/localhost_9002/wwwroot/application/admin/controller/report/Account.php ]
[ info ] [ VIEW ] /home/www/admin/localhost_9002/wwwroot/public/../application/admin/view/report/account/index.html [ array (
  0 => 'breadcrumb',
  1 => 'site',
  2 => 'config',
  3 => 'auth',
  4 => 'admin',
  5 => 'accountTypeList',
) ]
[ info ] [ BEHAVIOR ] Run app\admin\behavior\AdminLog @app_end [ RunTime:0.000033s ]
[ info ] [ LOG ] INIT File
---------------------------------------------------------------
[ 2020-12-27T13:05:43+08:00 ] 127.0.0.1 GET 127.0.0.1:9002/PByGmRKgDe.php/ajax/lang?callback=define&controllername=report.account&lang=zh-cn&v=1609045543&v=1609045543
[运行时间：0.003772s] [吞吐率：265.11req/s] [内存消耗：405.96kb] [文件加载：133]
[ info ] [ BEHAVIOR ] Run Closure @app_init [ RunTime:0.000124s ]
[ info ] [ CACHE ] INIT File
[ info ] [ BEHAVIOR ] Run Closure @app_init [ RunTime:0.000295s ]
[ info ] [ LANG ] /home/www/admin/localhost_9002/wwwroot/thinkphp/lang/zh-cn.php
[ info ] [ BEHAVIOR ] Run app\common\behavior\Common @app_dispatch [ RunTime:0.000025s ]
[ info ] [ ROUTE ] array (
  'type' => 'module',
  'module' => 
  array (
    0 => 'admin',
    1 => 'ajax',
    2 => 'lang',
  ),
)
[ info ] [ HEADER ] array (
  'cookie' => 'PHPSESSID=9c1cm4tdjvnk5cokm8ua9q00t0; think_var=zh-cn',
  'accept-language' => 'zh-CN,zh;q=0.9',
  'accept-encoding' => 'gzip, deflate, br',
  'accept' => '*/*',
  'user-agent' => 'Mozilla/5.0 (X11; Linux x86_64) AppleWebKit/537.36 (KHTML, like Gecko) Chrome/69.0.3497.128 Safari/537.36 Qaxbrowser',
  'connection' => 'keep-alive',
  'host' => '127.0.0.1:9002',
  'content-length' => '',
  'content-type' => '',
)
[ info ] [ PARAM ] array (
  'callback' => 'define',
  'controllername' => 'report.account',
  'lang' => 'zh-cn',
  'v' => '1609045543',
)
[ info ] [ LANG ] /home/www/admin/localhost_9002/wwwroot/public/../application/admin/lang/zh-cn.php
[ info ] [ BEHAVIOR ] Run app\common\behavior\Common @module_init [ RunTime:0.000195s ]
[ info ] [ SESSION ] INIT array (
  'id' => '',
  'var_session_id' => '',
  'prefix' => 'think',
  'type' => '',
  'auto_start' => true,
)
[ info ] [ BEHAVIOR ] Run \addons\geetest\Geetest @config_init [ RunTime:0.000055s ]
[ info ] [ LANG ] /home/www/admin/localhost_9002/wwwroot/public/../application/admin/lang/zh-cn/ajax.php
[ info ] [ BEHAVIOR ] Run \addons\geetest\Geetest @action_begin [ RunTime:0.000021s ]
[ info ] [ RUN ] app\admin\controller\Ajax->lang[ /home/www/admin/localhost_9002/wwwroot/application/admin/controller/Ajax.php ]
[ info ] [ LANG ] /home/www/admin/localhost_9002/wwwroot/public/../application/admin/lang/zh-cn/report/account.php
[ info ] [ BEHAVIOR ] Run app\admin\behavior\AdminLog @app_end [ RunTime:0.000019s ]
[ info ] [ LOG ] INIT File
---------------------------------------------------------------
[ 2020-12-27T13:05:43+08:00 ] 127.0.0.1 GET 127.0.0.1:9002/PByGmRKgDe.php/report/account/index?addtabs=1&sort=account_type&order=desc&offset=0&limit=10&filter=%7B%22account_date%22%3A%222020-12-27+00%3A00%3A00+-+2020-12-27+23%3A59%3A59%22%7D&op=%7B%22account_date%22%3A%22RANGE%22%7D&_=1609045543251
[运行时间：0.020292s] [吞吐率：49.28req/s] [内存消耗：734.50kb] [文件加载：142]
[ info ] [ BEHAVIOR ] Run Closure @app_init [ RunTime:0.000129s ]
[ info ] [ CACHE ] INIT File
[ info ] [ BEHAVIOR ] Run Closure @app_init [ RunTime:0.000337s ]
[ info ] [ LANG ] /home/www/admin/localhost_9002/wwwroot/thinkphp/lang/zh-cn.php
[ info ] [ BEHAVIOR ] Run app\common\behavior\Common @app_dispatch [ RunTime:0.000036s ]
[ info ] [ ROUTE ] array (
  'type' => 'module',
  'module' => 
  array (
    0 => 'admin',
    1 => 'report.account',
    2 => 'index',
  ),
)
[ info ] [ HEADER ] array (
  'cookie' => 'PHPSESSID=9c1cm4tdjvnk5cokm8ua9q00t0; think_var=zh-cn',
  'accept-language' => 'zh-CN,zh;q=0.9',
  'accept-encoding' => 'gzip, deflate, br',
  'content-type' => 'application/json',
  'user-agent' => 'Mozilla/5.0 (X11; Linux x86_64) AppleWebKit/537.36 (KHTML, like Gecko) Chrome/69.0.3497.128 Safari/537.36 Qaxbrowser',
  'x-requested-with' => 'XMLHttpRequest',
  'accept' => 'application/json, text/javascript, */*; q=0.01',
  'connection' => 'keep-alive',
  'host' => '127.0.0.1:9002',
  'content-length' => '',
)
[ info ] [ PARAM ] array (
  'addtabs' => '1',
  'sort' => 'account_type',
  'order' => 'desc',
  'offset' => '0',
  'limit' => '10',
  'filter' => '{"account_date":"2020-12-27 00:00:00 - 2020-12-27 23:59:59"}',
  'op' => '{"account_date":"RANGE"}',
  '_' => '1609045543251',
)
[ info ] [ LANG ] /home/www/admin/localhost_9002/wwwroot/public/../application/admin/lang/zh-cn.php
[ info ] [ BEHAVIOR ] Run app\common\behavior\Common @module_init [ RunTime:0.000170s ]
[ info ] [ SESSION ] INIT array (
  'id' => '',
  'var_session_id' => '',
  'prefix' => 'think',
  'type' => '',
  'auto_start' => true,
)
[ info ] [ DB ] INIT mysql
[ info ] [ BEHAVIOR ] Run \addons\geetest\Geetest @config_init [ RunTime:0.000112s ]
[ info ] [ LANG ] /home/www/admin/localhost_9002/wwwroot/public/../application/admin/lang/zh-cn/report/account.php
[ info ] [ BEHAVIOR ] Run \addons\geetest\Geetest @action_begin [ RunTime:0.000040s ]
[ info ] [ RUN ] app\admin\controller\report\Account->index[ /home/www/admin/localhost_9002/wwwroot/application/admin/controller/report/Account.php ]
[ info ] [ BEHAVIOR ] Run app\admin\behavior\AdminLog @app_end [ RunTime:0.000041s ]
[ info ] [ LOG ] INIT File
---------------------------------------------------------------
[ 2020-12-27T13:05:45+08:00 ] 127.0.0.1 GET 127.0.0.1:9002/PByGmRKgDe.php/report/account/index?addtabs=1&sort=account_type&order=desc&offset=0&limit=10&filter=%7B%22account_date%22%3A%222020-12-27+00%3A00%3A00+-+2020-12-27+23%3A59%3A59%22%7D&op=%7B%22account_date%22%3A%22RANGE%22%7D&_=1609045543252
[运行时间：0.040933s] [吞吐率：24.43req/s] [内存消耗：734.50kb] [文件加载：142]
[ info ] [ BEHAVIOR ] Run Closure @app_init [ RunTime:0.000097s ]
[ info ] [ CACHE ] INIT File
[ info ] [ BEHAVIOR ] Run Closure @app_init [ RunTime:0.027305s ]
[ info ] [ LANG ] /home/www/admin/localhost_9002/wwwroot/thinkphp/lang/zh-cn.php
[ info ] [ BEHAVIOR ] Run app\common\behavior\Common @app_dispatch [ RunTime:0.000037s ]
[ info ] [ ROUTE ] array (
  'type' => 'module',
  'module' => 
  array (
    0 => 'admin',
    1 => 'report.account',
    2 => 'index',
  ),
)
[ info ] [ HEADER ] array (
  'cookie' => 'PHPSESSID=9c1cm4tdjvnk5cokm8ua9q00t0; think_var=zh-cn',
  'accept-language' => 'zh-CN,zh;q=0.9',
  'accept-encoding' => 'gzip, deflate, br',
  'content-type' => 'application/json',
  'user-agent' => 'Mozilla/5.0 (X11; Linux x86_64) AppleWebKit/537.36 (KHTML, like Gecko) Chrome/69.0.3497.128 Safari/537.36 Qaxbrowser',
  'x-requested-with' => 'XMLHttpRequest',
  'accept' => 'application/json, text/javascript, */*; q=0.01',
  'connection' => 'keep-alive',
  'host' => '127.0.0.1:9002',
  'content-length' => '',
)
[ info ] [ PARAM ] array (
  'addtabs' => '1',
  'sort' => 'account_type',
  'order' => 'desc',
  'offset' => '0',
  'limit' => '10',
  'filter' => '{"account_date":"2020-12-27 00:00:00 - 2020-12-27 23:59:59"}',
  'op' => '{"account_date":"RANGE"}',
  '_' => '1609045543252',
)
[ info ] [ LANG ] /home/www/admin/localhost_9002/wwwroot/public/../application/admin/lang/zh-cn.php
[ info ] [ BEHAVIOR ] Run app\common\behavior\Common @module_init [ RunTime:0.000175s ]
[ info ] [ SESSION ] INIT array (
  'id' => '',
  'var_session_id' => '',
  'prefix' => 'think',
  'type' => '',
  'auto_start' => true,
)
[ info ] [ DB ] INIT mysql
[ info ] [ BEHAVIOR ] Run \addons\geetest\Geetest @config_init [ RunTime:0.000075s ]
[ info ] [ LANG ] /home/www/admin/localhost_9002/wwwroot/public/../application/admin/lang/zh-cn/report/account.php
[ info ] [ BEHAVIOR ] Run \addons\geetest\Geetest @action_begin [ RunTime:0.000027s ]
[ info ] [ RUN ] app\admin\controller\report\Account->index[ /home/www/admin/localhost_9002/wwwroot/application/admin/controller/report/Account.php ]
[ info ] [ BEHAVIOR ] Run app\admin\behavior\AdminLog @app_end [ RunTime:0.000025s ]
[ info ] [ LOG ] INIT File
---------------------------------------------------------------
[ 2020-12-27T13:05:47+08:00 ] 127.0.0.1 GET 127.0.0.1:9002/PByGmRKgDe.php/report/account/index?addtabs=1&sort=account_type&order=desc&offset=0&limit=10&filter=%7B%22account_date%22%3A%222020-12-26+00%3A00%3A00+-+2020-12-26+23%3A59%3A59%22%7D&op=%7B%22account_date%22%3A%22RANGE%22%7D&_=1609045543253
[运行时间：0.023185s] [吞吐率：43.13req/s] [内存消耗：734.79kb] [文件加载：142]
[ info ] [ BEHAVIOR ] Run Closure @app_init [ RunTime:0.000118s ]
[ info ] [ CACHE ] INIT File
[ info ] [ BEHAVIOR ] Run Closure @app_init [ RunTime:0.000368s ]
[ info ] [ LANG ] /home/www/admin/localhost_9002/wwwroot/thinkphp/lang/zh-cn.php
[ info ] [ BEHAVIOR ] Run app\common\behavior\Common @app_dispatch [ RunTime:0.000040s ]
[ info ] [ ROUTE ] array (
  'type' => 'module',
  'module' => 
  array (
    0 => 'admin',
    1 => 'report.account',
    2 => 'index',
  ),
)
[ info ] [ HEADER ] array (
  'cookie' => 'PHPSESSID=9c1cm4tdjvnk5cokm8ua9q00t0; think_var=zh-cn',
  'accept-language' => 'zh-CN,zh;q=0.9',
  'accept-encoding' => 'gzip, deflate, br',
  'content-type' => 'application/json',
  'user-agent' => 'Mozilla/5.0 (X11; Linux x86_64) AppleWebKit/537.36 (KHTML, like Gecko) Chrome/69.0.3497.128 Safari/537.36 Qaxbrowser',
  'x-requested-with' => 'XMLHttpRequest',
  'accept' => 'application/json, text/javascript, */*; q=0.01',
  'connection' => 'keep-alive',
  'host' => '127.0.0.1:9002',
  'content-length' => '',
)
[ info ] [ PARAM ] array (
  'addtabs' => '1',
  'sort' => 'account_type',
  'order' => 'desc',
  'offset' => '0',
  'limit' => '10',
  'filter' => '{"account_date":"2020-12-26 00:00:00 - 2020-12-26 23:59:59"}',
  'op' => '{"account_date":"RANGE"}',
  '_' => '1609045543253',
)
[ info ] [ LANG ] /home/www/admin/localhost_9002/wwwroot/public/../application/admin/lang/zh-cn.php
[ info ] [ BEHAVIOR ] Run app\common\behavior\Common @module_init [ RunTime:0.000170s ]
[ info ] [ SESSION ] INIT array (
  'id' => '',
  'var_session_id' => '',
  'prefix' => 'think',
  'type' => '',
  'auto_start' => true,
)
[ info ] [ DB ] INIT mysql
[ info ] [ BEHAVIOR ] Run \addons\geetest\Geetest @config_init [ RunTime:0.000159s ]
[ info ] [ LANG ] /home/www/admin/localhost_9002/wwwroot/public/../application/admin/lang/zh-cn/report/account.php
[ info ] [ BEHAVIOR ] Run \addons\geetest\Geetest @action_begin [ RunTime:0.000086s ]
[ info ] [ RUN ] app\admin\controller\report\Account->index[ /home/www/admin/localhost_9002/wwwroot/application/admin/controller/report/Account.php ]
[ info ] [ BEHAVIOR ] Run app\admin\behavior\AdminLog @app_end [ RunTime:0.000050s ]
[ info ] [ LOG ] INIT File
---------------------------------------------------------------
[ 2020-12-27T13:05:53+08:00 ] 127.0.0.1 GET 127.0.0.1:9002/PByGmRKgDe.php/work/statement?addtabs=1
[运行时间：0.332950s] [吞吐率：3.00req/s] [内存消耗：714.30kb] [文件加载：139]
[ info ] [ BEHAVIOR ] Run Closure @app_init [ RunTime:0.000138s ]
[ info ] [ CACHE ] INIT File
[ info ] [ BEHAVIOR ] Run Closure @app_init [ RunTime:0.026614s ]
[ info ] [ LANG ] /home/www/admin/localhost_9002/wwwroot/thinkphp/lang/zh-cn.php
[ info ] [ BEHAVIOR ] Run app\common\behavior\Common @app_dispatch [ RunTime:0.000063s ]
[ info ] [ ROUTE ] array (
  'type' => 'module',
  'module' => 
  array (
    0 => 'admin',
    1 => 'work.statement',
    2 => NULL,
  ),
)
[ info ] [ HEADER ] array (
  'cookie' => 'PHPSESSID=9c1cm4tdjvnk5cokm8ua9q00t0; think_var=zh-cn',
  'accept-language' => 'zh-CN,zh;q=0.9',
  'accept-encoding' => 'gzip, deflate, br',
  'accept' => 'text/html,application/xhtml+xml,application/xml;q=0.9,image/webp,image/apng,*/*;q=0.8',
  'user-agent' => 'Mozilla/5.0 (X11; Linux x86_64) AppleWebKit/537.36 (KHTML, like Gecko) Chrome/69.0.3497.128 Safari/537.36 Qaxbrowser',
  'upgrade-insecure-requests' => '1',
  'connection' => 'keep-alive',
  'host' => '127.0.0.1:9002',
  'content-length' => '',
  'content-type' => '',
)
[ info ] [ PARAM ] array (
  'addtabs' => '1',
)
[ info ] [ LANG ] /home/www/admin/localhost_9002/wwwroot/public/../application/admin/lang/zh-cn.php
[ info ] [ BEHAVIOR ] Run app\common\behavior\Common @module_init [ RunTime:0.000164s ]
[ info ] [ SESSION ] INIT array (
  'id' => '',
  'var_session_id' => '',
  'prefix' => 'think',
  'type' => '',
  'auto_start' => true,
)
[ info ] [ DB ] INIT mysql
[ info ] [ BEHAVIOR ] Run \addons\geetest\Geetest @config_init [ RunTime:0.000080s ]
[ info ] [ LANG ] /home/www/admin/localhost_9002/wwwroot/public/../application/admin/lang/zh-cn/work/statement.php
[ info ] [ BEHAVIOR ] Run \addons\geetest\Geetest @action_begin [ RunTime:0.000070s ]
[ info ] [ RUN ] app\admin\controller\work\Statement->index[ /home/www/admin/localhost_9002/wwwroot/application/admin/controller/work/Statement.php ]
[ info ] [ VIEW ] /home/www/admin/localhost_9002/wwwroot/public/../application/admin/view/work/statement/index.html [ array (
  0 => 'breadcrumb',
  1 => 'site',
  2 => 'config',
  3 => 'auth',
  4 => 'admin',
) ]
[ info ] [ BEHAVIOR ] Run app\admin\behavior\AdminLog @app_end [ RunTime:0.000035s ]
[ info ] [ LOG ] INIT File
---------------------------------------------------------------
[ 2020-12-27T13:05:53+08:00 ] 127.0.0.1 GET 127.0.0.1:9002/PByGmRKgDe.php/ajax/lang?callback=define&controllername=work.statement&lang=zh-cn&v=1609045553&v=1609045553
[运行时间：0.005078s] [吞吐率：196.92req/s] [内存消耗：408.41kb] [文件加载：133]
[ info ] [ BEHAVIOR ] Run Closure @app_init [ RunTime:0.000097s ]
[ info ] [ CACHE ] INIT File
[ info ] [ BEHAVIOR ] Run Closure @app_init [ RunTime:0.000316s ]
[ info ] [ LANG ] /home/www/admin/localhost_9002/wwwroot/thinkphp/lang/zh-cn.php
[ info ] [ BEHAVIOR ] Run app\common\behavior\Common @app_dispatch [ RunTime:0.000041s ]
[ info ] [ ROUTE ] array (
  'type' => 'module',
  'module' => 
  array (
    0 => 'admin',
    1 => 'ajax',
    2 => 'lang',
  ),
)
[ info ] [ HEADER ] array (
  'cookie' => 'PHPSESSID=9c1cm4tdjvnk5cokm8ua9q00t0; think_var=zh-cn',
  'accept-language' => 'zh-CN,zh;q=0.9',
  'accept-encoding' => 'gzip, deflate, br',
  'accept' => '*/*',
  'user-agent' => 'Mozilla/5.0 (X11; Linux x86_64) AppleWebKit/537.36 (KHTML, like Gecko) Chrome/69.0.3497.128 Safari/537.36 Qaxbrowser',
  'connection' => 'keep-alive',
  'host' => '127.0.0.1:9002',
  'content-length' => '',
  'content-type' => '',
)
[ info ] [ PARAM ] array (
  'callback' => 'define',
  'controllername' => 'work.statement',
  'lang' => 'zh-cn',
  'v' => '1609045553',
)
[ info ] [ LANG ] /home/www/admin/localhost_9002/wwwroot/public/../application/admin/lang/zh-cn.php
[ info ] [ BEHAVIOR ] Run app\common\behavior\Common @module_init [ RunTime:0.000272s ]
[ info ] [ SESSION ] INIT array (
  'id' => '',
  'var_session_id' => '',
  'prefix' => 'think',
  'type' => '',
  'auto_start' => true,
)
[ info ] [ BEHAVIOR ] Run \addons\geetest\Geetest @config_init [ RunTime:0.000082s ]
[ info ] [ LANG ] /home/www/admin/localhost_9002/wwwroot/public/../application/admin/lang/zh-cn/ajax.php
[ info ] [ BEHAVIOR ] Run \addons\geetest\Geetest @action_begin [ RunTime:0.000029s ]
[ info ] [ RUN ] app\admin\controller\Ajax->lang[ /home/www/admin/localhost_9002/wwwroot/application/admin/controller/Ajax.php ]
[ info ] [ LANG ] /home/www/admin/localhost_9002/wwwroot/public/../application/admin/lang/zh-cn/work/statement.php
[ info ] [ BEHAVIOR ] Run app\admin\behavior\AdminLog @app_end [ RunTime:0.000030s ]
[ info ] [ LOG ] INIT File
---------------------------------------------------------------
[ 2020-12-27T13:05:54+08:00 ] 127.0.0.1 GET 127.0.0.1:9002/PByGmRKgDe.php/work/statement/index?addtabs=1&sort=statement_id&order=desc&offset=0&limit=10&filter=%7B%7D&op=%7B%7D&_=1609045553751
[运行时间：0.030803s] [吞吐率：32.46req/s] [内存消耗：874.44kb] [文件加载：147]
[ info ] [ BEHAVIOR ] Run Closure @app_init [ RunTime:0.000100s ]
[ info ] [ CACHE ] INIT File
[ info ] [ BEHAVIOR ] Run Closure @app_init [ RunTime:0.000303s ]
[ info ] [ LANG ] /home/www/admin/localhost_9002/wwwroot/thinkphp/lang/zh-cn.php
[ info ] [ BEHAVIOR ] Run app\common\behavior\Common @app_dispatch [ RunTime:0.000028s ]
[ info ] [ ROUTE ] array (
  'type' => 'module',
  'module' => 
  array (
    0 => 'admin',
    1 => 'work.statement',
    2 => 'index',
  ),
)
[ info ] [ HEADER ] array (
  'cookie' => 'PHPSESSID=9c1cm4tdjvnk5cokm8ua9q00t0; think_var=zh-cn',
  'accept-language' => 'zh-CN,zh;q=0.9',
  'accept-encoding' => 'gzip, deflate, br',
  'content-type' => 'application/json',
  'user-agent' => 'Mozilla/5.0 (X11; Linux x86_64) AppleWebKit/537.36 (KHTML, like Gecko) Chrome/69.0.3497.128 Safari/537.36 Qaxbrowser',
  'x-requested-with' => 'XMLHttpRequest',
  'accept' => 'application/json, text/javascript, */*; q=0.01',
  'connection' => 'keep-alive',
  'host' => '127.0.0.1:9002',
  'content-length' => '',
)
[ info ] [ PARAM ] array (
  'addtabs' => '1',
  'sort' => 'statement_id',
  'order' => 'desc',
  'offset' => '0',
  'limit' => '10',
  'filter' => '{}',
  'op' => '{}',
  '_' => '1609045553751',
)
[ info ] [ LANG ] /home/www/admin/localhost_9002/wwwroot/public/../application/admin/lang/zh-cn.php
[ info ] [ BEHAVIOR ] Run app\common\behavior\Common @module_init [ RunTime:0.000157s ]
[ info ] [ SESSION ] INIT array (
  'id' => '',
  'var_session_id' => '',
  'prefix' => 'think',
  'type' => '',
  'auto_start' => true,
)
[ info ] [ DB ] INIT mysql
[ info ] [ BEHAVIOR ] Run \addons\geetest\Geetest @config_init [ RunTime:0.000131s ]
[ info ] [ LANG ] /home/www/admin/localhost_9002/wwwroot/public/../application/admin/lang/zh-cn/work/statement.php
[ info ] [ BEHAVIOR ] Run \addons\geetest\Geetest @action_begin [ RunTime:0.000110s ]
[ info ] [ RUN ] app\admin\controller\work\Statement->index[ /home/www/admin/localhost_9002/wwwroot/application/admin/controller/work/Statement.php ]
[ info ] [ BEHAVIOR ] Run app\admin\behavior\AdminLog @app_end [ RunTime:0.000037s ]
[ info ] [ LOG ] INIT File
---------------------------------------------------------------
[ 2020-12-27T13:05:54+08:00 ] 127.0.0.1 GET 127.0.0.1:9002/PByGmRKgDe.php/work/statement/index?addtabs=1&sort=statement_id&order=desc&offset=0&limit=10&filter=%7B%7D&op=%7B%7D&_=1609045553752
[运行时间：0.024442s] [吞吐率：40.91req/s] [内存消耗：874.44kb] [文件加载：147]
[ info ] [ BEHAVIOR ] Run Closure @app_init [ RunTime:0.000097s ]
[ info ] [ CACHE ] INIT File
[ info ] [ BEHAVIOR ] Run Closure @app_init [ RunTime:0.000328s ]
[ info ] [ LANG ] /home/www/admin/localhost_9002/wwwroot/thinkphp/lang/zh-cn.php
[ info ] [ BEHAVIOR ] Run app\common\behavior\Common @app_dispatch [ RunTime:0.000028s ]
[ info ] [ ROUTE ] array (
  'type' => 'module',
  'module' => 
  array (
    0 => 'admin',
    1 => 'work.statement',
    2 => 'index',
  ),
)
[ info ] [ HEADER ] array (
  'cookie' => 'PHPSESSID=9c1cm4tdjvnk5cokm8ua9q00t0; think_var=zh-cn',
  'accept-language' => 'zh-CN,zh;q=0.9',
  'accept-encoding' => 'gzip, deflate, br',
  'content-type' => 'application/json',
  'user-agent' => 'Mozilla/5.0 (X11; Linux x86_64) AppleWebKit/537.36 (KHTML, like Gecko) Chrome/69.0.3497.128 Safari/537.36 Qaxbrowser',
  'x-requested-with' => 'XMLHttpRequest',
  'accept' => 'application/json, text/javascript, */*; q=0.01',
  'connection' => 'keep-alive',
  'host' => '127.0.0.1:9002',
  'content-length' => '',
)
[ info ] [ PARAM ] array (
  'addtabs' => '1',
  'sort' => 'statement_id',
  'order' => 'desc',
  'offset' => '0',
  'limit' => '10',
  'filter' => '{}',
  'op' => '{}',
  '_' => '1609045553752',
)
[ info ] [ LANG ] /home/www/admin/localhost_9002/wwwroot/public/../application/admin/lang/zh-cn.php
[ info ] [ BEHAVIOR ] Run app\common\behavior\Common @module_init [ RunTime:0.000162s ]
[ info ] [ SESSION ] INIT array (
  'id' => '',
  'var_session_id' => '',
  'prefix' => 'think',
  'type' => '',
  'auto_start' => true,
)
[ info ] [ DB ] INIT mysql
[ info ] [ BEHAVIOR ] Run \addons\geetest\Geetest @config_init [ RunTime:0.000083s ]
[ info ] [ LANG ] /home/www/admin/localhost_9002/wwwroot/public/../application/admin/lang/zh-cn/work/statement.php
[ info ] [ BEHAVIOR ] Run \addons\geetest\Geetest @action_begin [ RunTime:0.000025s ]
[ info ] [ RUN ] app\admin\controller\work\Statement->index[ /home/www/admin/localhost_9002/wwwroot/application/admin/controller/work/Statement.php ]
[ info ] [ BEHAVIOR ] Run app\admin\behavior\AdminLog @app_end [ RunTime:0.000029s ]
[ info ] [ LOG ] INIT File
---------------------------------------------------------------
[ 2020-12-27T13:05:54+08:00 ] 127.0.0.1 GET 127.0.0.1:9002/PByGmRKgDe.php/work/statement/index?addtabs=1&sort=statement_id&order=desc&offset=0&limit=10&filter=%7B%7D&op=%7B%7D&_=1609045553753
[运行时间：0.025568s] [吞吐率：39.11req/s] [内存消耗：874.44kb] [文件加载：147]
[ info ] [ BEHAVIOR ] Run Closure @app_init [ RunTime:0.000141s ]
[ info ] [ CACHE ] INIT File
[ info ] [ BEHAVIOR ] Run Closure @app_init [ RunTime:0.000415s ]
[ info ] [ LANG ] /home/www/admin/localhost_9002/wwwroot/thinkphp/lang/zh-cn.php
[ info ] [ BEHAVIOR ] Run app\common\behavior\Common @app_dispatch [ RunTime:0.000057s ]
[ info ] [ ROUTE ] array (
  'type' => 'module',
  'module' => 
  array (
    0 => 'admin',
    1 => 'work.statement',
    2 => 'index',
  ),
)
[ info ] [ HEADER ] array (
  'cookie' => 'PHPSESSID=9c1cm4tdjvnk5cokm8ua9q00t0; think_var=zh-cn',
  'accept-language' => 'zh-CN,zh;q=0.9',
  'accept-encoding' => 'gzip, deflate, br',
  'content-type' => 'application/json',
  'user-agent' => 'Mozilla/5.0 (X11; Linux x86_64) AppleWebKit/537.36 (KHTML, like Gecko) Chrome/69.0.3497.128 Safari/537.36 Qaxbrowser',
  'x-requested-with' => 'XMLHttpRequest',
  'accept' => 'application/json, text/javascript, */*; q=0.01',
  'connection' => 'keep-alive',
  'host' => '127.0.0.1:9002',
  'content-length' => '',
)
[ info ] [ PARAM ] array (
  'addtabs' => '1',
  'sort' => 'statement_id',
  'order' => 'desc',
  'offset' => '0',
  'limit' => '10',
  'filter' => '{}',
  'op' => '{}',
  '_' => '1609045553753',
)
[ info ] [ LANG ] /home/www/admin/localhost_9002/wwwroot/public/../application/admin/lang/zh-cn.php
[ info ] [ BEHAVIOR ] Run app\common\behavior\Common @module_init [ RunTime:0.000204s ]
[ info ] [ SESSION ] INIT array (
  'id' => '',
  'var_session_id' => '',
  'prefix' => 'think',
  'type' => '',
  'auto_start' => true,
)
[ info ] [ DB ] INIT mysql
[ info ] [ BEHAVIOR ] Run \addons\geetest\Geetest @config_init [ RunTime:0.000081s ]
[ info ] [ LANG ] /home/www/admin/localhost_9002/wwwroot/public/../application/admin/lang/zh-cn/work/statement.php
[ info ] [ BEHAVIOR ] Run \addons\geetest\Geetest @action_begin [ RunTime:0.000028s ]
[ info ] [ RUN ] app\admin\controller\work\Statement->index[ /home/www/admin/localhost_9002/wwwroot/application/admin/controller/work/Statement.php ]
[ info ] [ BEHAVIOR ] Run app\admin\behavior\AdminLog @app_end [ RunTime:0.000033s ]
[ info ] [ LOG ] INIT File
---------------------------------------------------------------
[ 2020-12-27T13:05:55+08:00 ] 127.0.0.1 GET 127.0.0.1:9002/PByGmRKgDe.php/work/statement?addtabs=1
[运行时间：0.021887s] [吞吐率：45.69req/s] [内存消耗：712.85kb] [文件加载：139]
[ info ] [ BEHAVIOR ] Run Closure @app_init [ RunTime:0.000155s ]
[ info ] [ CACHE ] INIT File
[ info ] [ BEHAVIOR ] Run Closure @app_init [ RunTime:0.000462s ]
[ info ] [ LANG ] /home/www/admin/localhost_9002/wwwroot/thinkphp/lang/zh-cn.php
[ info ] [ BEHAVIOR ] Run app\common\behavior\Common @app_dispatch [ RunTime:0.000051s ]
[ info ] [ ROUTE ] array (
  'type' => 'module',
  'module' => 
  array (
    0 => 'admin',
    1 => 'work.statement',
    2 => NULL,
  ),
)
[ info ] [ HEADER ] array (
  'cookie' => 'PHPSESSID=9c1cm4tdjvnk5cokm8ua9q00t0; think_var=zh-cn',
  'accept-language' => 'zh-CN,zh;q=0.9',
  'accept-encoding' => 'gzip, deflate, br',
  'accept' => 'text/html,application/xhtml+xml,application/xml;q=0.9,image/webp,image/apng,*/*;q=0.8',
  'user-agent' => 'Mozilla/5.0 (X11; Linux x86_64) AppleWebKit/537.36 (KHTML, like Gecko) Chrome/69.0.3497.128 Safari/537.36 Qaxbrowser',
  'upgrade-insecure-requests' => '1',
  'connection' => 'keep-alive',
  'host' => '127.0.0.1:9002',
  'content-length' => '',
  'content-type' => '',
)
[ info ] [ PARAM ] array (
  'addtabs' => '1',
)
[ info ] [ LANG ] /home/www/admin/localhost_9002/wwwroot/public/../application/admin/lang/zh-cn.php
[ info ] [ BEHAVIOR ] Run app\common\behavior\Common @module_init [ RunTime:0.000288s ]
[ info ] [ SESSION ] INIT array (
  'id' => '',
  'var_session_id' => '',
  'prefix' => 'think',
  'type' => '',
  'auto_start' => true,
)
[ info ] [ DB ] INIT mysql
[ info ] [ BEHAVIOR ] Run \addons\geetest\Geetest @config_init [ RunTime:0.000097s ]
[ info ] [ LANG ] /home/www/admin/localhost_9002/wwwroot/public/../application/admin/lang/zh-cn/work/statement.php
[ info ] [ BEHAVIOR ] Run \addons\geetest\Geetest @action_begin [ RunTime:0.000023s ]
[ info ] [ RUN ] app\admin\controller\work\Statement->index[ /home/www/admin/localhost_9002/wwwroot/application/admin/controller/work/Statement.php ]
[ info ] [ VIEW ] /home/www/admin/localhost_9002/wwwroot/public/../application/admin/view/work/statement/index.html [ array (
  0 => 'breadcrumb',
  1 => 'site',
  2 => 'config',
  3 => 'auth',
  4 => 'admin',
) ]
[ info ] [ BEHAVIOR ] Run app\admin\behavior\AdminLog @app_end [ RunTime:0.000039s ]
[ info ] [ LOG ] INIT File
---------------------------------------------------------------
[ 2020-12-27T13:05:55+08:00 ] 127.0.0.1 GET 127.0.0.1:9002/PByGmRKgDe.php/ajax/lang?callback=define&controllername=work.statement&lang=zh-cn&v=1609045555&v=1609045555
[运行时间：0.005471s] [吞吐率：182.78req/s] [内存消耗：408.41kb] [文件加载：133]
[ info ] [ BEHAVIOR ] Run Closure @app_init [ RunTime:0.000131s ]
[ info ] [ CACHE ] INIT File
[ info ] [ BEHAVIOR ] Run Closure @app_init [ RunTime:0.000415s ]
[ info ] [ LANG ] /home/www/admin/localhost_9002/wwwroot/thinkphp/lang/zh-cn.php
[ info ] [ BEHAVIOR ] Run app\common\behavior\Common @app_dispatch [ RunTime:0.000044s ]
[ info ] [ ROUTE ] array (
  'type' => 'module',
  'module' => 
  array (
    0 => 'admin',
    1 => 'ajax',
    2 => 'lang',
  ),
)
[ info ] [ HEADER ] array (
  'cookie' => 'PHPSESSID=9c1cm4tdjvnk5cokm8ua9q00t0; think_var=zh-cn',
  'accept-language' => 'zh-CN,zh;q=0.9',
  'accept-encoding' => 'gzip, deflate, br',
  'accept' => '*/*',
  'user-agent' => 'Mozilla/5.0 (X11; Linux x86_64) AppleWebKit/537.36 (KHTML, like Gecko) Chrome/69.0.3497.128 Safari/537.36 Qaxbrowser',
  'connection' => 'keep-alive',
  'host' => '127.0.0.1:9002',
  'content-length' => '',
  'content-type' => '',
)
[ info ] [ PARAM ] array (
  'callback' => 'define',
  'controllername' => 'work.statement',
  'lang' => 'zh-cn',
  'v' => '1609045555',
)
[ info ] [ LANG ] /home/www/admin/localhost_9002/wwwroot/public/../application/admin/lang/zh-cn.php
[ info ] [ BEHAVIOR ] Run app\common\behavior\Common @module_init [ RunTime:0.000223s ]
[ info ] [ SESSION ] INIT array (
  'id' => '',
  'var_session_id' => '',
  'prefix' => 'think',
  'type' => '',
  'auto_start' => true,
)
[ info ] [ BEHAVIOR ] Run \addons\geetest\Geetest @config_init [ RunTime:0.000102s ]
[ info ] [ LANG ] /home/www/admin/localhost_9002/wwwroot/public/../application/admin/lang/zh-cn/ajax.php
[ info ] [ BEHAVIOR ] Run \addons\geetest\Geetest @action_begin [ RunTime:0.000023s ]
[ info ] [ RUN ] app\admin\controller\Ajax->lang[ /home/www/admin/localhost_9002/wwwroot/application/admin/controller/Ajax.php ]
[ info ] [ LANG ] /home/www/admin/localhost_9002/wwwroot/public/../application/admin/lang/zh-cn/work/statement.php
[ info ] [ BEHAVIOR ] Run app\admin\behavior\AdminLog @app_end [ RunTime:0.000021s ]
[ info ] [ LOG ] INIT File
---------------------------------------------------------------
[ 2020-12-27T13:05:55+08:00 ] 127.0.0.1 GET 127.0.0.1:9002/PByGmRKgDe.php/work/statement/index?addtabs=1&sort=statement_id&order=desc&offset=0&limit=10&filter=%7B%7D&op=%7B%7D&_=1609045555185
[运行时间：0.038131s] [吞吐率：26.23req/s] [内存消耗：874.44kb] [文件加载：147]
[ info ] [ BEHAVIOR ] Run Closure @app_init [ RunTime:0.000124s ]
[ info ] [ CACHE ] INIT File
[ info ] [ BEHAVIOR ] Run Closure @app_init [ RunTime:0.000445s ]
[ info ] [ LANG ] /home/www/admin/localhost_9002/wwwroot/thinkphp/lang/zh-cn.php
[ info ] [ BEHAVIOR ] Run app\common\behavior\Common @app_dispatch [ RunTime:0.000043s ]
[ info ] [ ROUTE ] array (
  'type' => 'module',
  'module' => 
  array (
    0 => 'admin',
    1 => 'work.statement',
    2 => 'index',
  ),
)
[ info ] [ HEADER ] array (
  'cookie' => 'PHPSESSID=9c1cm4tdjvnk5cokm8ua9q00t0; think_var=zh-cn',
  'accept-language' => 'zh-CN,zh;q=0.9',
  'accept-encoding' => 'gzip, deflate, br',
  'content-type' => 'application/json',
  'user-agent' => 'Mozilla/5.0 (X11; Linux x86_64) AppleWebKit/537.36 (KHTML, like Gecko) Chrome/69.0.3497.128 Safari/537.36 Qaxbrowser',
  'x-requested-with' => 'XMLHttpRequest',
  'accept' => 'application/json, text/javascript, */*; q=0.01',
  'connection' => 'keep-alive',
  'host' => '127.0.0.1:9002',
  'content-length' => '',
)
[ info ] [ PARAM ] array (
  'addtabs' => '1',
  'sort' => 'statement_id',
  'order' => 'desc',
  'offset' => '0',
  'limit' => '10',
  'filter' => '{}',
  'op' => '{}',
  '_' => '1609045555185',
)
[ info ] [ LANG ] /home/www/admin/localhost_9002/wwwroot/public/../application/admin/lang/zh-cn.php
[ info ] [ BEHAVIOR ] Run app\common\behavior\Common @module_init [ RunTime:0.000247s ]
[ info ] [ SESSION ] INIT array (
  'id' => '',
  'var_session_id' => '',
  'prefix' => 'think',
  'type' => '',
  'auto_start' => true,
)
[ info ] [ DB ] INIT mysql
[ info ] [ BEHAVIOR ] Run \addons\geetest\Geetest @config_init [ RunTime:0.000126s ]
[ info ] [ LANG ] /home/www/admin/localhost_9002/wwwroot/public/../application/admin/lang/zh-cn/work/statement.php
[ info ] [ BEHAVIOR ] Run \addons\geetest\Geetest @action_begin [ RunTime:0.000036s ]
[ info ] [ RUN ] app\admin\controller\work\Statement->index[ /home/www/admin/localhost_9002/wwwroot/application/admin/controller/work/Statement.php ]
[ info ] [ BEHAVIOR ] Run app\admin\behavior\AdminLog @app_end [ RunTime:0.000039s ]
[ info ] [ LOG ] INIT File
