---------------------------------------------------------------
[ 2020-12-28T22:46:15+08:00 ] 127.0.0.1 GET 127.0.0.1:9002/PByGmRKgDe.php/work/indetail?addtabs=1
[运行时间：0.074034s] [吞吐率：13.51req/s] [内存消耗：781.68kb] [文件加载：139]
[ info ] [ BEHAVIOR ] Run Closure @app_init [ RunTime:0.000027s ]
[ info ] [ CACHE ] INIT File
[ info ] [ BEHAVIOR ] Run Closure @app_init [ RunTime:0.000351s ]
[ info ] [ LANG ] /home/www/admin/localhost_9002/wwwroot/thinkphp/lang/zh-cn.php
[ info ] [ BEHAVIOR ] Run app\common\behavior\Common @app_dispatch [ RunTime:0.000040s ]
[ info ] [ ROUTE ] array (
  'type' => 'module',
  'module' => 
  array (
    0 => 'admin',
    1 => 'work.indetail',
    2 => NULL,
  ),
)
[ info ] [ HEADER ] array (
  'cookie' => 'PHPSESSID=p08bf48irufv89pp7502d46osl; think_var=zh-cn; uid=1; token=2900af95-3f2a-422d-85e9-6ed04a22d6d4',
  'accept-language' => 'zh-CN,zh;q=0.9',
  'accept-encoding' => 'gzip, deflate, br',
  'accept' => 'text/html,application/xhtml+xml,application/xml;q=0.9,image/webp,image/apng,*/*;q=0.8',
  'user-agent' => 'Mozilla/5.0 (X11; Linux x86_64) AppleWebKit/537.36 (KHTML, like Gecko) Chrome/69.0.3497.128 Safari/537.36 Qaxbrowser',
  'upgrade-insecure-requests' => '1',
  'connection' => 'keep-alive',
  'host' => '127.0.0.1:9002',
  'content-length' => '',
  'content-type' => '',
)
[ info ] [ PARAM ] array (
  'addtabs' => '1',
)
[ info ] [ LANG ] /home/www/admin/localhost_9002/wwwroot/public/../application/admin/lang/zh-cn.php
[ info ] [ BEHAVIOR ] Run app\common\behavior\Common @module_init [ RunTime:0.000118s ]
[ info ] [ SESSION ] INIT array (
  'id' => '',
  'var_session_id' => '',
  'prefix' => 'think',
  'type' => '',
  'auto_start' => true,
)
[ info ] [ DB ] INIT mysql
[ info ] [ BEHAVIOR ] Run \addons\geetest\Geetest @config_init [ RunTime:0.000077s ]
[ info ] [ LANG ] /home/www/admin/localhost_9002/wwwroot/public/../application/admin/lang/zh-cn/work/indetail.php
[ info ] [ BEHAVIOR ] Run \addons\geetest\Geetest @action_begin [ RunTime:0.000045s ]
[ info ] [ RUN ] app\admin\controller\work\Indetail->index[ /home/www/admin/localhost_9002/wwwroot/application/admin/controller/work/Indetail.php ]
[ info ] [ VIEW ] /home/www/admin/localhost_9002/wwwroot/public/../application/admin/view/work/indetail/index.html [ array (
  0 => 'breadcrumb',
  1 => 'site',
  2 => 'config',
  3 => 'auth',
  4 => 'admin',
  5 => 'iodetailIotypeList',
  6 => 'iodetailStatusList',
) ]
[ info ] [ BEHAVIOR ] Run app\admin\behavior\AdminLog @app_end [ RunTime:0.000034s ]
[ info ] [ LOG ] INIT File
---------------------------------------------------------------
[ 2020-12-28T22:46:15+08:00 ] 127.0.0.1 GET 127.0.0.1:9002/PByGmRKgDe.php/ajax/lang?callback=define&controllername=work.indetail&lang=zh-cn&v=1609166775&v=1609166775
[运行时间：0.003824s] [吞吐率：261.51req/s] [内存消耗：407.71kb] [文件加载：133]
[ info ] [ BEHAVIOR ] Run Closure @app_init [ RunTime:0.000022s ]
[ info ] [ CACHE ] INIT File
[ info ] [ BEHAVIOR ] Run Closure @app_init [ RunTime:0.000336s ]
[ info ] [ LANG ] /home/www/admin/localhost_9002/wwwroot/thinkphp/lang/zh-cn.php
[ info ] [ BEHAVIOR ] Run app\common\behavior\Common @app_dispatch [ RunTime:0.000038s ]
[ info ] [ ROUTE ] array (
  'type' => 'module',
  'module' => 
  array (
    0 => 'admin',
    1 => 'ajax',
    2 => 'lang',
  ),
)
[ info ] [ HEADER ] array (
  'cookie' => 'PHPSESSID=p08bf48irufv89pp7502d46osl; think_var=zh-cn; uid=1; token=2900af95-3f2a-422d-85e9-6ed04a22d6d4',
  'accept-language' => 'zh-CN,zh;q=0.9',
  'accept-encoding' => 'gzip, deflate, br',
  'accept' => '*/*',
  'user-agent' => 'Mozilla/5.0 (X11; Linux x86_64) AppleWebKit/537.36 (KHTML, like Gecko) Chrome/69.0.3497.128 Safari/537.36 Qaxbrowser',
  'connection' => 'keep-alive',
  'host' => '127.0.0.1:9002',
  'content-length' => '',
  'content-type' => '',
)
[ info ] [ PARAM ] array (
  'callback' => 'define',
  'controllername' => 'work.indetail',
  'lang' => 'zh-cn',
  'v' => '1609166775',
)
[ info ] [ LANG ] /home/www/admin/localhost_9002/wwwroot/public/../application/admin/lang/zh-cn.php
[ info ] [ BEHAVIOR ] Run app\common\behavior\Common @module_init [ RunTime:0.000178s ]
[ info ] [ SESSION ] INIT array (
  'id' => '',
  'var_session_id' => '',
  'prefix' => 'think',
  'type' => '',
  'auto_start' => true,
)
[ info ] [ BEHAVIOR ] Run \addons\geetest\Geetest @config_init [ RunTime:0.000084s ]
[ info ] [ LANG ] /home/www/admin/localhost_9002/wwwroot/public/../application/admin/lang/zh-cn/ajax.php
[ info ] [ BEHAVIOR ] Run \addons\geetest\Geetest @action_begin [ RunTime:0.000031s ]
[ info ] [ RUN ] app\admin\controller\Ajax->lang[ /home/www/admin/localhost_9002/wwwroot/application/admin/controller/Ajax.php ]
[ info ] [ LANG ] /home/www/admin/localhost_9002/wwwroot/public/../application/admin/lang/zh-cn/work/indetail.php
[ info ] [ BEHAVIOR ] Run app\admin\behavior\AdminLog @app_end [ RunTime:0.000027s ]
[ info ] [ LOG ] INIT File
---------------------------------------------------------------
[ 2020-12-28T22:46:15+08:00 ] 127.0.0.1 GET 127.0.0.1:9002/PByGmRKgDe.php/work/indetail/index?addtabs=1&sort=iodetail_ID&order=desc&offset=0&limit=10&filter=%7B%7D&op=%7B%7D&_=1609166775433
[运行时间：0.029399s] [吞吐率：34.01req/s] [内存消耗：943.35kb] [文件加载：147]
[ info ] [ BEHAVIOR ] Run Closure @app_init [ RunTime:0.000013s ]
[ info ] [ CACHE ] INIT File
[ info ] [ BEHAVIOR ] Run Closure @app_init [ RunTime:0.000253s ]
[ info ] [ LANG ] /home/www/admin/localhost_9002/wwwroot/thinkphp/lang/zh-cn.php
[ info ] [ BEHAVIOR ] Run app\common\behavior\Common @app_dispatch [ RunTime:0.000027s ]
[ info ] [ ROUTE ] array (
  'type' => 'module',
  'module' => 
  array (
    0 => 'admin',
    1 => 'work.indetail',
    2 => 'index',
  ),
)
[ info ] [ HEADER ] array (
  'cookie' => 'PHPSESSID=p08bf48irufv89pp7502d46osl; think_var=zh-cn; uid=1; token=2900af95-3f2a-422d-85e9-6ed04a22d6d4',
  'accept-language' => 'zh-CN,zh;q=0.9',
  'accept-encoding' => 'gzip, deflate, br',
  'content-type' => 'application/json',
  'user-agent' => 'Mozilla/5.0 (X11; Linux x86_64) AppleWebKit/537.36 (KHTML, like Gecko) Chrome/69.0.3497.128 Safari/537.36 Qaxbrowser',
  'x-requested-with' => 'XMLHttpRequest',
  'accept' => 'application/json, text/javascript, */*; q=0.01',
  'connection' => 'keep-alive',
  'host' => '127.0.0.1:9002',
  'content-length' => '',
)
[ info ] [ PARAM ] array (
  'addtabs' => '1',
  'sort' => 'iodetail_ID',
  'order' => 'desc',
  'offset' => '0',
  'limit' => '10',
  'filter' => '{}',
  'op' => '{}',
  '_' => '1609166775433',
)
[ info ] [ LANG ] /home/www/admin/localhost_9002/wwwroot/public/../application/admin/lang/zh-cn.php
[ info ] [ BEHAVIOR ] Run app\common\behavior\Common @module_init [ RunTime:0.000071s ]
[ info ] [ SESSION ] INIT array (
  'id' => '',
  'var_session_id' => '',
  'prefix' => 'think',
  'type' => '',
  'auto_start' => true,
)
[ info ] [ DB ] INIT mysql
[ info ] [ BEHAVIOR ] Run \addons\geetest\Geetest @config_init [ RunTime:0.000072s ]
[ info ] [ LANG ] /home/www/admin/localhost_9002/wwwroot/public/../application/admin/lang/zh-cn/work/indetail.php
[ info ] [ BEHAVIOR ] Run \addons\geetest\Geetest @action_begin [ RunTime:0.000031s ]
[ info ] [ RUN ] app\admin\controller\work\Indetail->index[ /home/www/admin/localhost_9002/wwwroot/application/admin/controller/work/Indetail.php ]
[ info ] [ BEHAVIOR ] Run app\admin\behavior\AdminLog @app_end [ RunTime:0.000039s ]
[ info ] [ LOG ] INIT File
---------------------------------------------------------------
[ 2020-12-28T22:46:21+08:00 ] 127.0.0.1 GET 127.0.0.1:9002/PByGmRKgDe.php/work/indetail/index?addtabs=1&sort=iodetail_ID&order=desc&offset=0&limit=10&filter=%7B%22iodetail_status%22%3A%221%22%7D&op=%7B%22iodetail_status%22%3A%22%3D%22%7D&_=1609166775434
[运行时间：0.024351s] [吞吐率：41.07req/s] [内存消耗：949.98kb] [文件加载：147]
[ info ] [ BEHAVIOR ] Run Closure @app_init [ RunTime:0.000019s ]
[ info ] [ CACHE ] INIT File
[ info ] [ BEHAVIOR ] Run Closure @app_init [ RunTime:0.000405s ]
[ info ] [ LANG ] /home/www/admin/localhost_9002/wwwroot/thinkphp/lang/zh-cn.php
[ info ] [ BEHAVIOR ] Run app\common\behavior\Common @app_dispatch [ RunTime:0.000056s ]
[ info ] [ ROUTE ] array (
  'type' => 'module',
  'module' => 
  array (
    0 => 'admin',
    1 => 'work.indetail',
    2 => 'index',
  ),
)
[ info ] [ HEADER ] array (
  'cookie' => 'PHPSESSID=p08bf48irufv89pp7502d46osl; think_var=zh-cn; uid=1; token=2900af95-3f2a-422d-85e9-6ed04a22d6d4',
  'accept-language' => 'zh-CN,zh;q=0.9',
  'accept-encoding' => 'gzip, deflate, br',
  'content-type' => 'application/json',
  'user-agent' => 'Mozilla/5.0 (X11; Linux x86_64) AppleWebKit/537.36 (KHTML, like Gecko) Chrome/69.0.3497.128 Safari/537.36 Qaxbrowser',
  'x-requested-with' => 'XMLHttpRequest',
  'accept' => 'application/json, text/javascript, */*; q=0.01',
  'connection' => 'keep-alive',
  'host' => '127.0.0.1:9002',
  'content-length' => '',
)
[ info ] [ PARAM ] array (
  'addtabs' => '1',
  'sort' => 'iodetail_ID',
  'order' => 'desc',
  'offset' => '0',
  'limit' => '10',
  'filter' => '{"iodetail_status":"1"}',
  'op' => '{"iodetail_status":"="}',
  '_' => '1609166775434',
)
[ info ] [ LANG ] /home/www/admin/localhost_9002/wwwroot/public/../application/admin/lang/zh-cn.php
[ info ] [ BEHAVIOR ] Run app\common\behavior\Common @module_init [ RunTime:0.000115s ]
[ info ] [ SESSION ] INIT array (
  'id' => '',
  'var_session_id' => '',
  'prefix' => 'think',
  'type' => '',
  'auto_start' => true,
)
[ info ] [ DB ] INIT mysql
[ info ] [ BEHAVIOR ] Run \addons\geetest\Geetest @config_init [ RunTime:0.000077s ]
[ info ] [ LANG ] /home/www/admin/localhost_9002/wwwroot/public/../application/admin/lang/zh-cn/work/indetail.php
[ info ] [ BEHAVIOR ] Run \addons\geetest\Geetest @action_begin [ RunTime:0.000022s ]
[ info ] [ RUN ] app\admin\controller\work\Indetail->index[ /home/www/admin/localhost_9002/wwwroot/application/admin/controller/work/Indetail.php ]
[ info ] [ BEHAVIOR ] Run app\admin\behavior\AdminLog @app_end [ RunTime:0.000051s ]
[ info ] [ LOG ] INIT File
---------------------------------------------------------------
[ 2020-12-28T22:46:22+08:00 ] 127.0.0.1 GET 127.0.0.1:9002/PByGmRKgDe.php/work/indetail/index?addtabs=1&sort=iodetail_ID&order=desc&offset=0&limit=10&filter=%7B%22iodetail_status%22%3A%221%22%7D&op=%7B%22iodetail_status%22%3A%22%3D%22%7D&_=1609166775435
[运行时间：0.018889s] [吞吐率：52.94req/s] [内存消耗：949.98kb] [文件加载：147]
[ info ] [ BEHAVIOR ] Run Closure @app_init [ RunTime:0.000017s ]
[ info ] [ CACHE ] INIT File
[ info ] [ BEHAVIOR ] Run Closure @app_init [ RunTime:0.000246s ]
[ info ] [ LANG ] /home/www/admin/localhost_9002/wwwroot/thinkphp/lang/zh-cn.php
[ info ] [ BEHAVIOR ] Run app\common\behavior\Common @app_dispatch [ RunTime:0.000025s ]
[ info ] [ ROUTE ] array (
  'type' => 'module',
  'module' => 
  array (
    0 => 'admin',
    1 => 'work.indetail',
    2 => 'index',
  ),
)
[ info ] [ HEADER ] array (
  'cookie' => 'PHPSESSID=p08bf48irufv89pp7502d46osl; think_var=zh-cn; uid=1; token=2900af95-3f2a-422d-85e9-6ed04a22d6d4',
  'accept-language' => 'zh-CN,zh;q=0.9',
  'accept-encoding' => 'gzip, deflate, br',
  'content-type' => 'application/json',
  'user-agent' => 'Mozilla/5.0 (X11; Linux x86_64) AppleWebKit/537.36 (KHTML, like Gecko) Chrome/69.0.3497.128 Safari/537.36 Qaxbrowser',
  'x-requested-with' => 'XMLHttpRequest',
  'accept' => 'application/json, text/javascript, */*; q=0.01',
  'connection' => 'keep-alive',
  'host' => '127.0.0.1:9002',
  'content-length' => '',
)
[ info ] [ PARAM ] array (
  'addtabs' => '1',
  'sort' => 'iodetail_ID',
  'order' => 'desc',
  'offset' => '0',
  'limit' => '10',
  'filter' => '{"iodetail_status":"1"}',
  'op' => '{"iodetail_status":"="}',
  '_' => '1609166775435',
)
[ info ] [ LANG ] /home/www/admin/localhost_9002/wwwroot/public/../application/admin/lang/zh-cn.php
[ info ] [ BEHAVIOR ] Run app\common\behavior\Common @module_init [ RunTime:0.000075s ]
[ info ] [ SESSION ] INIT array (
  'id' => '',
  'var_session_id' => '',
  'prefix' => 'think',
  'type' => '',
  'auto_start' => true,
)
[ info ] [ DB ] INIT mysql
[ info ] [ BEHAVIOR ] Run \addons\geetest\Geetest @config_init [ RunTime:0.000099s ]
[ info ] [ LANG ] /home/www/admin/localhost_9002/wwwroot/public/../application/admin/lang/zh-cn/work/indetail.php
[ info ] [ BEHAVIOR ] Run \addons\geetest\Geetest @action_begin [ RunTime:0.000033s ]
[ info ] [ RUN ] app\admin\controller\work\Indetail->index[ /home/www/admin/localhost_9002/wwwroot/application/admin/controller/work/Indetail.php ]
[ info ] [ BEHAVIOR ] Run app\admin\behavior\AdminLog @app_end [ RunTime:0.000026s ]
[ info ] [ LOG ] INIT File
---------------------------------------------------------------
[ 2020-12-28T22:46:33+08:00 ] 127.0.0.1 GET 127.0.0.1:9002/PByGmRKgDe.php/work/indetail/index?addtabs=1&sort=iodetail_ID&order=desc&offset=0&limit=10&filter=%7B%22iodetail_iotype%22%3A%220%22%2C%22iodetail_status%22%3A%221%22%7D&op=%7B%22iodetail_iotype%22%3A%22%3D%22%2C%22iodetail_status%22%3A%22%3D%22%7D&_=1609166775436
[运行时间：0.020438s] [吞吐率：48.93req/s] [内存消耗：933.30kb] [文件加载：147]
[ info ] [ BEHAVIOR ] Run Closure @app_init [ RunTime:0.000015s ]
[ info ] [ CACHE ] INIT File
[ info ] [ BEHAVIOR ] Run Closure @app_init [ RunTime:0.000332s ]
[ info ] [ LANG ] /home/www/admin/localhost_9002/wwwroot/thinkphp/lang/zh-cn.php
[ info ] [ BEHAVIOR ] Run app\common\behavior\Common @app_dispatch [ RunTime:0.000045s ]
[ info ] [ ROUTE ] array (
  'type' => 'module',
  'module' => 
  array (
    0 => 'admin',
    1 => 'work.indetail',
    2 => 'index',
  ),
)
[ info ] [ HEADER ] array (
  'cookie' => 'PHPSESSID=p08bf48irufv89pp7502d46osl; think_var=zh-cn; uid=1; token=2900af95-3f2a-422d-85e9-6ed04a22d6d4',
  'accept-language' => 'zh-CN,zh;q=0.9',
  'accept-encoding' => 'gzip, deflate, br',
  'content-type' => 'application/json',
  'user-agent' => 'Mozilla/5.0 (X11; Linux x86_64) AppleWebKit/537.36 (KHTML, like Gecko) Chrome/69.0.3497.128 Safari/537.36 Qaxbrowser',
  'x-requested-with' => 'XMLHttpRequest',
  'accept' => 'application/json, text/javascript, */*; q=0.01',
  'connection' => 'keep-alive',
  'host' => '127.0.0.1:9002',
  'content-length' => '',
)
[ info ] [ PARAM ] array (
  'addtabs' => '1',
  'sort' => 'iodetail_ID',
  'order' => 'desc',
  'offset' => '0',
  'limit' => '10',
  'filter' => '{"iodetail_iotype":"0","iodetail_status":"1"}',
  'op' => '{"iodetail_iotype":"=","iodetail_status":"="}',
  '_' => '1609166775436',
)
[ info ] [ LANG ] /home/www/admin/localhost_9002/wwwroot/public/../application/admin/lang/zh-cn.php
[ info ] [ BEHAVIOR ] Run app\common\behavior\Common @module_init [ RunTime:0.000083s ]
[ info ] [ SESSION ] INIT array (
  'id' => '',
  'var_session_id' => '',
  'prefix' => 'think',
  'type' => '',
  'auto_start' => true,
)
[ info ] [ DB ] INIT mysql
[ info ] [ BEHAVIOR ] Run \addons\geetest\Geetest @config_init [ RunTime:0.000109s ]
[ info ] [ LANG ] /home/www/admin/localhost_9002/wwwroot/public/../application/admin/lang/zh-cn/work/indetail.php
[ info ] [ BEHAVIOR ] Run \addons\geetest\Geetest @action_begin [ RunTime:0.000031s ]
[ info ] [ RUN ] app\admin\controller\work\Indetail->index[ /home/www/admin/localhost_9002/wwwroot/application/admin/controller/work/Indetail.php ]
[ info ] [ BEHAVIOR ] Run app\admin\behavior\AdminLog @app_end [ RunTime:0.000058s ]
[ info ] [ LOG ] INIT File
---------------------------------------------------------------
[ 2020-12-28T22:46:34+08:00 ] 127.0.0.1 GET 127.0.0.1:9002/PByGmRKgDe.php/work/indetail/index?addtabs=1&sort=iodetail_ID&order=desc&offset=0&limit=10&filter=%7B%22iodetail_iotype%22%3A%220%22%2C%22iodetail_status%22%3A%221%22%7D&op=%7B%22iodetail_iotype%22%3A%22%3D%22%2C%22iodetail_status%22%3A%22%3D%22%7D&_=1609166775437
[运行时间：0.023136s] [吞吐率：43.22req/s] [内存消耗：933.30kb] [文件加载：147]
[ info ] [ BEHAVIOR ] Run Closure @app_init [ RunTime:0.000018s ]
[ info ] [ CACHE ] INIT File
[ info ] [ BEHAVIOR ] Run Closure @app_init [ RunTime:0.000305s ]
[ info ] [ LANG ] /home/www/admin/localhost_9002/wwwroot/thinkphp/lang/zh-cn.php
[ info ] [ BEHAVIOR ] Run app\common\behavior\Common @app_dispatch [ RunTime:0.000033s ]
[ info ] [ ROUTE ] array (
  'type' => 'module',
  'module' => 
  array (
    0 => 'admin',
    1 => 'work.indetail',
    2 => 'index',
  ),
)
[ info ] [ HEADER ] array (
  'cookie' => 'PHPSESSID=p08bf48irufv89pp7502d46osl; think_var=zh-cn; uid=1; token=2900af95-3f2a-422d-85e9-6ed04a22d6d4',
  'accept-language' => 'zh-CN,zh;q=0.9',
  'accept-encoding' => 'gzip, deflate, br',
  'content-type' => 'application/json',
  'user-agent' => 'Mozilla/5.0 (X11; Linux x86_64) AppleWebKit/537.36 (KHTML, like Gecko) Chrome/69.0.3497.128 Safari/537.36 Qaxbrowser',
  'x-requested-with' => 'XMLHttpRequest',
  'accept' => 'application/json, text/javascript, */*; q=0.01',
  'connection' => 'keep-alive',
  'host' => '127.0.0.1:9002',
  'content-length' => '',
)
[ info ] [ PARAM ] array (
  'addtabs' => '1',
  'sort' => 'iodetail_ID',
  'order' => 'desc',
  'offset' => '0',
  'limit' => '10',
  'filter' => '{"iodetail_iotype":"0","iodetail_status":"1"}',
  'op' => '{"iodetail_iotype":"=","iodetail_status":"="}',
  '_' => '1609166775437',
)
[ info ] [ LANG ] /home/www/admin/localhost_9002/wwwroot/public/../application/admin/lang/zh-cn.php
[ info ] [ BEHAVIOR ] Run app\common\behavior\Common @module_init [ RunTime:0.000110s ]
[ info ] [ SESSION ] INIT array (
  'id' => '',
  'var_session_id' => '',
  'prefix' => 'think',
  'type' => '',
  'auto_start' => true,
)
[ info ] [ DB ] INIT mysql
[ info ] [ BEHAVIOR ] Run \addons\geetest\Geetest @config_init [ RunTime:0.000114s ]
[ info ] [ LANG ] /home/www/admin/localhost_9002/wwwroot/public/../application/admin/lang/zh-cn/work/indetail.php
[ info ] [ BEHAVIOR ] Run \addons\geetest\Geetest @action_begin [ RunTime:0.000546s ]
[ info ] [ RUN ] app\admin\controller\work\Indetail->index[ /home/www/admin/localhost_9002/wwwroot/application/admin/controller/work/Indetail.php ]
[ info ] [ BEHAVIOR ] Run app\admin\behavior\AdminLog @app_end [ RunTime:0.000038s ]
[ info ] [ LOG ] INIT File
---------------------------------------------------------------
[ 2020-12-28T22:46:34+08:00 ] 127.0.0.1 GET 127.0.0.1:9002/PByGmRKgDe.php/work/indetail/index?addtabs=1&sort=iodetail_ID&order=desc&offset=0&limit=10&filter=%7B%22iodetail_iotype%22%3A%220%22%2C%22iodetail_status%22%3A%221%22%7D&op=%7B%22iodetail_iotype%22%3A%22%3D%22%2C%22iodetail_status%22%3A%22%3D%22%7D&_=1609166775438
[运行时间：0.020755s] [吞吐率：48.18req/s] [内存消耗：933.30kb] [文件加载：147]
[ info ] [ BEHAVIOR ] Run Closure @app_init [ RunTime:0.000015s ]
[ info ] [ CACHE ] INIT File
[ info ] [ BEHAVIOR ] Run Closure @app_init [ RunTime:0.000251s ]
[ info ] [ LANG ] /home/www/admin/localhost_9002/wwwroot/thinkphp/lang/zh-cn.php
[ info ] [ BEHAVIOR ] Run app\common\behavior\Common @app_dispatch [ RunTime:0.000027s ]
[ info ] [ ROUTE ] array (
  'type' => 'module',
  'module' => 
  array (
    0 => 'admin',
    1 => 'work.indetail',
    2 => 'index',
  ),
)
[ info ] [ HEADER ] array (
  'cookie' => 'PHPSESSID=p08bf48irufv89pp7502d46osl; think_var=zh-cn; uid=1; token=2900af95-3f2a-422d-85e9-6ed04a22d6d4',
  'accept-language' => 'zh-CN,zh;q=0.9',
  'accept-encoding' => 'gzip, deflate, br',
  'content-type' => 'application/json',
  'user-agent' => 'Mozilla/5.0 (X11; Linux x86_64) AppleWebKit/537.36 (KHTML, like Gecko) Chrome/69.0.3497.128 Safari/537.36 Qaxbrowser',
  'x-requested-with' => 'XMLHttpRequest',
  'accept' => 'application/json, text/javascript, */*; q=0.01',
  'connection' => 'keep-alive',
  'host' => '127.0.0.1:9002',
  'content-length' => '',
)
[ info ] [ PARAM ] array (
  'addtabs' => '1',
  'sort' => 'iodetail_ID',
  'order' => 'desc',
  'offset' => '0',
  'limit' => '10',
  'filter' => '{"iodetail_iotype":"0","iodetail_status":"1"}',
  'op' => '{"iodetail_iotype":"=","iodetail_status":"="}',
  '_' => '1609166775438',
)
[ info ] [ LANG ] /home/www/admin/localhost_9002/wwwroot/public/../application/admin/lang/zh-cn.php
[ info ] [ BEHAVIOR ] Run app\common\behavior\Common @module_init [ RunTime:0.000070s ]
[ info ] [ SESSION ] INIT array (
  'id' => '',
  'var_session_id' => '',
  'prefix' => 'think',
  'type' => '',
  'auto_start' => true,
)
[ info ] [ DB ] INIT mysql
[ info ] [ BEHAVIOR ] Run \addons\geetest\Geetest @config_init [ RunTime:0.000099s ]
[ info ] [ LANG ] /home/www/admin/localhost_9002/wwwroot/public/../application/admin/lang/zh-cn/work/indetail.php
[ info ] [ BEHAVIOR ] Run \addons\geetest\Geetest @action_begin [ RunTime:0.000032s ]
[ info ] [ RUN ] app\admin\controller\work\Indetail->index[ /home/www/admin/localhost_9002/wwwroot/application/admin/controller/work/Indetail.php ]
[ info ] [ BEHAVIOR ] Run app\admin\behavior\AdminLog @app_end [ RunTime:0.000042s ]
[ info ] [ LOG ] INIT File
---------------------------------------------------------------
[ 2020-12-28T22:46:38+08:00 ] 127.0.0.1 GET 127.0.0.1:9002/PByGmRKgDe.php/work/indetail/index?addtabs=1&sort=iodetail_ID&order=desc&offset=0&limit=10&filter=%7B%22iodetail_iotype%22%3A%221%22%2C%22iodetail_status%22%3A%221%22%7D&op=%7B%22iodetail_iotype%22%3A%22%3D%22%2C%22iodetail_status%22%3A%22%3D%22%7D&_=1609166775439
[运行时间：0.031384s] [吞吐率：31.86req/s] [内存消耗：952.13kb] [文件加载：147]
[ info ] [ BEHAVIOR ] Run Closure @app_init [ RunTime:0.000018s ]
[ info ] [ CACHE ] INIT File
[ info ] [ BEHAVIOR ] Run Closure @app_init [ RunTime:0.000393s ]
[ info ] [ LANG ] /home/www/admin/localhost_9002/wwwroot/thinkphp/lang/zh-cn.php
[ info ] [ BEHAVIOR ] Run app\common\behavior\Common @app_dispatch [ RunTime:0.000060s ]
[ info ] [ ROUTE ] array (
  'type' => 'module',
  'module' => 
  array (
    0 => 'admin',
    1 => 'work.indetail',
    2 => 'index',
  ),
)
[ info ] [ HEADER ] array (
  'cookie' => 'PHPSESSID=p08bf48irufv89pp7502d46osl; think_var=zh-cn; uid=1; token=2900af95-3f2a-422d-85e9-6ed04a22d6d4',
  'accept-language' => 'zh-CN,zh;q=0.9',
  'accept-encoding' => 'gzip, deflate, br',
  'content-type' => 'application/json',
  'user-agent' => 'Mozilla/5.0 (X11; Linux x86_64) AppleWebKit/537.36 (KHTML, like Gecko) Chrome/69.0.3497.128 Safari/537.36 Qaxbrowser',
  'x-requested-with' => 'XMLHttpRequest',
  'accept' => 'application/json, text/javascript, */*; q=0.01',
  'connection' => 'keep-alive',
  'host' => '127.0.0.1:9002',
  'content-length' => '',
)
[ info ] [ PARAM ] array (
  'addtabs' => '1',
  'sort' => 'iodetail_ID',
  'order' => 'desc',
  'offset' => '0',
  'limit' => '10',
  'filter' => '{"iodetail_iotype":"1","iodetail_status":"1"}',
  'op' => '{"iodetail_iotype":"=","iodetail_status":"="}',
  '_' => '1609166775439',
)
[ info ] [ LANG ] /home/www/admin/localhost_9002/wwwroot/public/../application/admin/lang/zh-cn.php
[ info ] [ BEHAVIOR ] Run app\common\behavior\Common @module_init [ RunTime:0.000117s ]
[ info ] [ SESSION ] INIT array (
  'id' => '',
  'var_session_id' => '',
  'prefix' => 'think',
  'type' => '',
  'auto_start' => true,
)
[ info ] [ DB ] INIT mysql
[ info ] [ BEHAVIOR ] Run \addons\geetest\Geetest @config_init [ RunTime:0.000114s ]
[ info ] [ LANG ] /home/www/admin/localhost_9002/wwwroot/public/../application/admin/lang/zh-cn/work/indetail.php
[ info ] [ BEHAVIOR ] Run \addons\geetest\Geetest @action_begin [ RunTime:0.000033s ]
[ info ] [ RUN ] app\admin\controller\work\Indetail->index[ /home/www/admin/localhost_9002/wwwroot/application/admin/controller/work/Indetail.php ]
[ info ] [ BEHAVIOR ] Run app\admin\behavior\AdminLog @app_end [ RunTime:0.000058s ]
[ info ] [ LOG ] INIT File
---------------------------------------------------------------
[ 2020-12-28T22:46:42+08:00 ] 127.0.0.1 GET 127.0.0.1:9002/PByGmRKgDe.php/work/statement?addtabs=1
[运行时间：0.073000s] [吞吐率：13.70req/s] [内存消耗：781.43kb] [文件加载：139]
[ info ] [ BEHAVIOR ] Run Closure @app_init [ RunTime:0.000022s ]
[ info ] [ CACHE ] INIT File
[ info ] [ BEHAVIOR ] Run Closure @app_init [ RunTime:0.000529s ]
[ info ] [ LANG ] /home/www/admin/localhost_9002/wwwroot/thinkphp/lang/zh-cn.php
[ info ] [ BEHAVIOR ] Run app\common\behavior\Common @app_dispatch [ RunTime:0.000079s ]
[ info ] [ ROUTE ] array (
  'type' => 'module',
  'module' => 
  array (
    0 => 'admin',
    1 => 'work.statement',
    2 => NULL,
  ),
)
[ info ] [ HEADER ] array (
  'cookie' => 'PHPSESSID=p08bf48irufv89pp7502d46osl; think_var=zh-cn; uid=1; token=2900af95-3f2a-422d-85e9-6ed04a22d6d4',
  'accept-language' => 'zh-CN,zh;q=0.9',
  'accept-encoding' => 'gzip, deflate, br',
  'accept' => 'text/html,application/xhtml+xml,application/xml;q=0.9,image/webp,image/apng,*/*;q=0.8',
  'user-agent' => 'Mozilla/5.0 (X11; Linux x86_64) AppleWebKit/537.36 (KHTML, like Gecko) Chrome/69.0.3497.128 Safari/537.36 Qaxbrowser',
  'upgrade-insecure-requests' => '1',
  'connection' => 'keep-alive',
  'host' => '127.0.0.1:9002',
  'content-length' => '',
  'content-type' => '',
)
[ info ] [ PARAM ] array (
  'addtabs' => '1',
)
[ info ] [ LANG ] /home/www/admin/localhost_9002/wwwroot/public/../application/admin/lang/zh-cn.php
[ info ] [ BEHAVIOR ] Run app\common\behavior\Common @module_init [ RunTime:0.000121s ]
[ info ] [ SESSION ] INIT array (
  'id' => '',
  'var_session_id' => '',
  'prefix' => 'think',
  'type' => '',
  'auto_start' => true,
)
[ info ] [ DB ] INIT mysql
[ info ] [ BEHAVIOR ] Run \addons\geetest\Geetest @config_init [ RunTime:0.000110s ]
[ info ] [ LANG ] /home/www/admin/localhost_9002/wwwroot/public/../application/admin/lang/zh-cn/work/statement.php
[ info ] [ BEHAVIOR ] Run \addons\geetest\Geetest @action_begin [ RunTime:0.000048s ]
[ info ] [ RUN ] app\admin\controller\work\Statement->index[ /home/www/admin/localhost_9002/wwwroot/application/admin/controller/work/Statement.php ]
[ info ] [ VIEW ] /home/www/admin/localhost_9002/wwwroot/public/../application/admin/view/work/statement/index.html [ array (
  0 => 'breadcrumb',
  1 => 'site',
  2 => 'config',
  3 => 'auth',
  4 => 'admin',
) ]
[ info ] [ BEHAVIOR ] Run app\admin\behavior\AdminLog @app_end [ RunTime:0.000034s ]
[ info ] [ LOG ] INIT File
---------------------------------------------------------------
[ 2020-12-28T22:46:42+08:00 ] 127.0.0.1 GET 127.0.0.1:9002/PByGmRKgDe.php/ajax/lang?callback=define&controllername=work.statement&lang=zh-cn&v=1609166802&v=1609166802
[运行时间：0.003368s] [吞吐率：296.92req/s] [内存消耗：408.60kb] [文件加载：133]
[ info ] [ BEHAVIOR ] Run Closure @app_init [ RunTime:0.000013s ]
[ info ] [ CACHE ] INIT File
[ info ] [ BEHAVIOR ] Run Closure @app_init [ RunTime:0.000298s ]
[ info ] [ LANG ] /home/www/admin/localhost_9002/wwwroot/thinkphp/lang/zh-cn.php
[ info ] [ BEHAVIOR ] Run app\common\behavior\Common @app_dispatch [ RunTime:0.000039s ]
[ info ] [ ROUTE ] array (
  'type' => 'module',
  'module' => 
  array (
    0 => 'admin',
    1 => 'ajax',
    2 => 'lang',
  ),
)
[ info ] [ HEADER ] array (
  'cookie' => 'PHPSESSID=p08bf48irufv89pp7502d46osl; think_var=zh-cn; uid=1; token=2900af95-3f2a-422d-85e9-6ed04a22d6d4',
  'accept-language' => 'zh-CN,zh;q=0.9',
  'accept-encoding' => 'gzip, deflate, br',
  'accept' => '*/*',
  'user-agent' => 'Mozilla/5.0 (X11; Linux x86_64) AppleWebKit/537.36 (KHTML, like Gecko) Chrome/69.0.3497.128 Safari/537.36 Qaxbrowser',
  'connection' => 'keep-alive',
  'host' => '127.0.0.1:9002',
  'content-length' => '',
  'content-type' => '',
)
[ info ] [ PARAM ] array (
  'callback' => 'define',
  'controllername' => 'work.statement',
  'lang' => 'zh-cn',
  'v' => '1609166802',
)
[ info ] [ LANG ] /home/www/admin/localhost_9002/wwwroot/public/../application/admin/lang/zh-cn.php
[ info ] [ BEHAVIOR ] Run app\common\behavior\Common @module_init [ RunTime:0.000186s ]
[ info ] [ SESSION ] INIT array (
  'id' => '',
  'var_session_id' => '',
  'prefix' => 'think',
  'type' => '',
  'auto_start' => true,
)
[ info ] [ BEHAVIOR ] Run \addons\geetest\Geetest @config_init [ RunTime:0.000079s ]
[ info ] [ LANG ] /home/www/admin/localhost_9002/wwwroot/public/../application/admin/lang/zh-cn/ajax.php
[ info ] [ BEHAVIOR ] Run \addons\geetest\Geetest @action_begin [ RunTime:0.000028s ]
[ info ] [ RUN ] app\admin\controller\Ajax->lang[ /home/www/admin/localhost_9002/wwwroot/application/admin/controller/Ajax.php ]
[ info ] [ LANG ] /home/www/admin/localhost_9002/wwwroot/public/../application/admin/lang/zh-cn/work/statement.php
[ info ] [ BEHAVIOR ] Run app\admin\behavior\AdminLog @app_end [ RunTime:0.000028s ]
[ info ] [ LOG ] INIT File
---------------------------------------------------------------
[ 2020-12-28T22:46:42+08:00 ] 127.0.0.1 GET 127.0.0.1:9002/PByGmRKgDe.php/work/statement/index?addtabs=1&sort=statement_id&order=desc&offset=0&limit=10&filter=%7B%7D&op=%7B%7D&_=1609166802656
[运行时间：0.029402s] [吞吐率：34.01req/s] [内存消耗：945.55kb] [文件加载：147]
[ info ] [ BEHAVIOR ] Run Closure @app_init [ RunTime:0.000020s ]
[ info ] [ CACHE ] INIT File
[ info ] [ BEHAVIOR ] Run Closure @app_init [ RunTime:0.000341s ]
[ info ] [ LANG ] /home/www/admin/localhost_9002/wwwroot/thinkphp/lang/zh-cn.php
[ info ] [ BEHAVIOR ] Run app\common\behavior\Common @app_dispatch [ RunTime:0.000039s ]
[ info ] [ ROUTE ] array (
  'type' => 'module',
  'module' => 
  array (
    0 => 'admin',
    1 => 'work.statement',
    2 => 'index',
  ),
)
[ info ] [ HEADER ] array (
  'cookie' => 'PHPSESSID=p08bf48irufv89pp7502d46osl; think_var=zh-cn; uid=1; token=2900af95-3f2a-422d-85e9-6ed04a22d6d4',
  'accept-language' => 'zh-CN,zh;q=0.9',
  'accept-encoding' => 'gzip, deflate, br',
  'content-type' => 'application/json',
  'user-agent' => 'Mozilla/5.0 (X11; Linux x86_64) AppleWebKit/537.36 (KHTML, like Gecko) Chrome/69.0.3497.128 Safari/537.36 Qaxbrowser',
  'x-requested-with' => 'XMLHttpRequest',
  'accept' => 'application/json, text/javascript, */*; q=0.01',
  'connection' => 'keep-alive',
  'host' => '127.0.0.1:9002',
  'content-length' => '',
)
[ info ] [ PARAM ] array (
  'addtabs' => '1',
  'sort' => 'statement_id',
  'order' => 'desc',
  'offset' => '0',
  'limit' => '10',
  'filter' => '{}',
  'op' => '{}',
  '_' => '1609166802656',
)
[ info ] [ LANG ] /home/www/admin/localhost_9002/wwwroot/public/../application/admin/lang/zh-cn.php
[ info ] [ BEHAVIOR ] Run app\common\behavior\Common @module_init [ RunTime:0.000100s ]
[ info ] [ SESSION ] INIT array (
  'id' => '',
  'var_session_id' => '',
  'prefix' => 'think',
  'type' => '',
  'auto_start' => true,
)
[ info ] [ DB ] INIT mysql
[ info ] [ BEHAVIOR ] Run \addons\geetest\Geetest @config_init [ RunTime:0.000079s ]
[ info ] [ LANG ] /home/www/admin/localhost_9002/wwwroot/public/../application/admin/lang/zh-cn/work/statement.php
[ info ] [ BEHAVIOR ] Run \addons\geetest\Geetest @action_begin [ RunTime:0.000021s ]
[ info ] [ RUN ] app\admin\controller\work\Statement->index[ /home/www/admin/localhost_9002/wwwroot/application/admin/controller/work/Statement.php ]
[ info ] [ BEHAVIOR ] Run app\admin\behavior\AdminLog @app_end [ RunTime:0.000037s ]
[ info ] [ LOG ] INIT File
---------------------------------------------------------------
[ 2020-12-28T22:46:47+08:00 ] 127.0.0.1 GET 127.0.0.1:9002/PByGmRKgDe.php/work/indetail/index?addtabs=1&sort=iodetail_ID&order=desc&offset=0&limit=10&filter=%7B%22iodetail_iotype%22%3A%221%22%2C%22iodetail_status%22%3A%221%22%7D&op=%7B%22iodetail_iotype%22%3A%22%3D%22%2C%22iodetail_status%22%3A%22%3D%22%7D&_=1609166775440
[运行时间：0.028940s] [吞吐率：34.55req/s] [内存消耗：952.08kb] [文件加载：147]
[ info ] [ BEHAVIOR ] Run Closure @app_init [ RunTime:0.000026s ]
[ info ] [ CACHE ] INIT File
[ info ] [ BEHAVIOR ] Run Closure @app_init [ RunTime:0.000446s ]
[ info ] [ LANG ] /home/www/admin/localhost_9002/wwwroot/thinkphp/lang/zh-cn.php
[ info ] [ BEHAVIOR ] Run app\common\behavior\Common @app_dispatch [ RunTime:0.000068s ]
[ info ] [ ROUTE ] array (
  'type' => 'module',
  'module' => 
  array (
    0 => 'admin',
    1 => 'work.indetail',
    2 => 'index',
  ),
)
[ info ] [ HEADER ] array (
  'cookie' => 'PHPSESSID=p08bf48irufv89pp7502d46osl; think_var=zh-cn; uid=1; token=2900af95-3f2a-422d-85e9-6ed04a22d6d4',
  'accept-language' => 'zh-CN,zh;q=0.9',
  'accept-encoding' => 'gzip, deflate, br',
  'content-type' => 'application/json',
  'user-agent' => 'Mozilla/5.0 (X11; Linux x86_64) AppleWebKit/537.36 (KHTML, like Gecko) Chrome/69.0.3497.128 Safari/537.36 Qaxbrowser',
  'x-requested-with' => 'XMLHttpRequest',
  'accept' => 'application/json, text/javascript, */*; q=0.01',
  'connection' => 'keep-alive',
  'host' => '127.0.0.1:9002',
  'content-length' => '',
)
[ info ] [ PARAM ] array (
  'addtabs' => '1',
  'sort' => 'iodetail_ID',
  'order' => 'desc',
  'offset' => '0',
  'limit' => '10',
  'filter' => '{"iodetail_iotype":"1","iodetail_status":"1"}',
  'op' => '{"iodetail_iotype":"=","iodetail_status":"="}',
  '_' => '1609166775440',
)
[ info ] [ LANG ] /home/www/admin/localhost_9002/wwwroot/public/../application/admin/lang/zh-cn.php
[ info ] [ BEHAVIOR ] Run app\common\behavior\Common @module_init [ RunTime:0.000294s ]
[ info ] [ SESSION ] INIT array (
  'id' => '',
  'var_session_id' => '',
  'prefix' => 'think',
  'type' => '',
  'auto_start' => true,
)
[ info ] [ DB ] INIT mysql
[ info ] [ BEHAVIOR ] Run \addons\geetest\Geetest @config_init [ RunTime:0.000110s ]
[ info ] [ LANG ] /home/www/admin/localhost_9002/wwwroot/public/../application/admin/lang/zh-cn/work/indetail.php
[ info ] [ BEHAVIOR ] Run \addons\geetest\Geetest @action_begin [ RunTime:0.000032s ]
[ info ] [ RUN ] app\admin\controller\work\Indetail->index[ /home/www/admin/localhost_9002/wwwroot/application/admin/controller/work/Indetail.php ]
[ info ] [ BEHAVIOR ] Run app\admin\behavior\AdminLog @app_end [ RunTime:0.000039s ]
[ info ] [ LOG ] INIT File
---------------------------------------------------------------
[ 2020-12-28T22:47:11+08:00 ] 127.0.0.1 GET 127.0.0.1:9002/PByGmRKgDe.php/work/indetail/index?addtabs=1&sort=iodetail_ID&order=desc&offset=0&limit=10&filter=%7B%22iodetail_iotype%22%3A%220%22%2C%22iodetail_status%22%3A%221%22%7D&op=%7B%22iodetail_iotype%22%3A%22%3D%22%2C%22iodetail_status%22%3A%22%3D%22%7D&_=1609166775441
[运行时间：0.019093s] [吞吐率：52.38req/s] [内存消耗：933.25kb] [文件加载：147]
[ info ] [ BEHAVIOR ] Run Closure @app_init [ RunTime:0.000015s ]
[ info ] [ CACHE ] INIT File
[ info ] [ BEHAVIOR ] Run Closure @app_init [ RunTime:0.000304s ]
[ info ] [ LANG ] /home/www/admin/localhost_9002/wwwroot/thinkphp/lang/zh-cn.php
[ info ] [ BEHAVIOR ] Run app\common\behavior\Common @app_dispatch [ RunTime:0.000039s ]
[ info ] [ ROUTE ] array (
  'type' => 'module',
  'module' => 
  array (
    0 => 'admin',
    1 => 'work.indetail',
    2 => 'index',
  ),
)
[ info ] [ HEADER ] array (
  'cookie' => 'PHPSESSID=p08bf48irufv89pp7502d46osl; think_var=zh-cn; uid=1; token=2900af95-3f2a-422d-85e9-6ed04a22d6d4',
  'accept-language' => 'zh-CN,zh;q=0.9',
  'accept-encoding' => 'gzip, deflate, br',
  'content-type' => 'application/json',
  'user-agent' => 'Mozilla/5.0 (X11; Linux x86_64) AppleWebKit/537.36 (KHTML, like Gecko) Chrome/69.0.3497.128 Safari/537.36 Qaxbrowser',
  'x-requested-with' => 'XMLHttpRequest',
  'accept' => 'application/json, text/javascript, */*; q=0.01',
  'connection' => 'keep-alive',
  'host' => '127.0.0.1:9002',
  'content-length' => '',
)
[ info ] [ PARAM ] array (
  'addtabs' => '1',
  'sort' => 'iodetail_ID',
  'order' => 'desc',
  'offset' => '0',
  'limit' => '10',
  'filter' => '{"iodetail_iotype":"0","iodetail_status":"1"}',
  'op' => '{"iodetail_iotype":"=","iodetail_status":"="}',
  '_' => '1609166775441',
)
[ info ] [ LANG ] /home/www/admin/localhost_9002/wwwroot/public/../application/admin/lang/zh-cn.php
[ info ] [ BEHAVIOR ] Run app\common\behavior\Common @module_init [ RunTime:0.000083s ]
[ info ] [ SESSION ] INIT array (
  'id' => '',
  'var_session_id' => '',
  'prefix' => 'think',
  'type' => '',
  'auto_start' => true,
)
[ info ] [ DB ] INIT mysql
[ info ] [ BEHAVIOR ] Run \addons\geetest\Geetest @config_init [ RunTime:0.000073s ]
[ info ] [ LANG ] /home/www/admin/localhost_9002/wwwroot/public/../application/admin/lang/zh-cn/work/indetail.php
[ info ] [ BEHAVIOR ] Run \addons\geetest\Geetest @action_begin [ RunTime:0.000020s ]
[ info ] [ RUN ] app\admin\controller\work\Indetail->index[ /home/www/admin/localhost_9002/wwwroot/application/admin/controller/work/Indetail.php ]
[ info ] [ BEHAVIOR ] Run app\admin\behavior\AdminLog @app_end [ RunTime:0.000053s ]
[ info ] [ LOG ] INIT File
---------------------------------------------------------------
[ 2020-12-28T22:47:25+08:00 ] 127.0.0.1 GET 127.0.0.1:9002/PByGmRKgDe.php/work/indetail?ref=addtabs
[运行时间：0.009262s] [吞吐率：107.97req/s] [内存消耗：717.30kb] [文件加载：135]
[ info ] [ BEHAVIOR ] Run Closure @app_init [ RunTime:0.000013s ]
[ info ] [ CACHE ] INIT File
[ info ] [ BEHAVIOR ] Run Closure @app_init [ RunTime:0.000272s ]
[ info ] [ LANG ] /home/www/admin/localhost_9002/wwwroot/thinkphp/lang/zh-cn.php
[ info ] [ BEHAVIOR ] Run app\common\behavior\Common @app_dispatch [ RunTime:0.000038s ]
[ info ] [ ROUTE ] array (
  'type' => 'module',
  'module' => 
  array (
    0 => 'admin',
    1 => 'work.indetail',
    2 => NULL,
  ),
)
[ info ] [ HEADER ] array (
  'cookie' => 'PHPSESSID=p08bf48irufv89pp7502d46osl; think_var=zh-cn; uid=1; token=2900af95-3f2a-422d-85e9-6ed04a22d6d4',
  'accept-language' => 'zh-CN,zh;q=0.9',
  'accept-encoding' => 'gzip, deflate, br',
  'accept' => 'text/html,application/xhtml+xml,application/xml;q=0.9,image/webp,image/apng,*/*;q=0.8',
  'user-agent' => 'Mozilla/5.0 (X11; Linux x86_64) AppleWebKit/537.36 (KHTML, like Gecko) Chrome/69.0.3497.128 Safari/537.36 Qaxbrowser',
  'upgrade-insecure-requests' => '1',
  'cache-control' => 'max-age=0',
  'connection' => 'keep-alive',
  'host' => '127.0.0.1:9002',
  'content-length' => '',
  'content-type' => '',
)
[ info ] [ PARAM ] array (
  'ref' => 'addtabs',
)
[ info ] [ LANG ] /home/www/admin/localhost_9002/wwwroot/public/../application/admin/lang/zh-cn.php
[ info ] [ BEHAVIOR ] Run app\common\behavior\Common @module_init [ RunTime:0.000136s ]
[ info ] [ SESSION ] INIT array (
  'id' => '',
  'var_session_id' => '',
  'prefix' => 'think',
  'type' => '',
  'auto_start' => true,
)
[ info ] [ DB ] INIT mysql
[ info ] [ BEHAVIOR ] Run app\admin\behavior\AdminLog @app_end [ RunTime:0.000032s ]
[ info ] [ LOG ] INIT File
---------------------------------------------------------------
[ 2020-12-28T22:47:25+08:00 ] 127.0.0.1 GET 127.0.0.1:9002/PByGmRKgDe.php/index/index
[运行时间：0.059959s] [吞吐率：16.68req/s] [内存消耗：895.27kb] [文件加载：151]
[ info ] [ BEHAVIOR ] Run Closure @app_init [ RunTime:0.000017s ]
[ info ] [ CACHE ] INIT File
[ info ] [ BEHAVIOR ] Run Closure @app_init [ RunTime:0.008673s ]
[ info ] [ LANG ] /home/www/admin/localhost_9002/wwwroot/thinkphp/lang/zh-cn.php
[ info ] [ BEHAVIOR ] Run app\common\behavior\Common @app_dispatch [ RunTime:0.000034s ]
[ info ] [ ROUTE ] array (
  'type' => 'module',
  'module' => 
  array (
    0 => 'admin',
    1 => 'index',
    2 => 'index',
  ),
)
[ info ] [ HEADER ] array (
  'cookie' => 'PHPSESSID=p08bf48irufv89pp7502d46osl; think_var=zh-cn; uid=1; token=2900af95-3f2a-422d-85e9-6ed04a22d6d4',
  'accept-language' => 'zh-CN,zh;q=0.9',
  'accept-encoding' => 'gzip, deflate, br',
  'accept' => 'text/html,application/xhtml+xml,application/xml;q=0.9,image/webp,image/apng,*/*;q=0.8',
  'user-agent' => 'Mozilla/5.0 (X11; Linux x86_64) AppleWebKit/537.36 (KHTML, like Gecko) Chrome/69.0.3497.128 Safari/537.36 Qaxbrowser',
  'upgrade-insecure-requests' => '1',
  'cache-control' => 'max-age=0',
  'connection' => 'keep-alive',
  'host' => '127.0.0.1:9002',
  'content-length' => '',
  'content-type' => '',
)
[ info ] [ PARAM ] array (
)
[ info ] [ LANG ] /home/www/admin/localhost_9002/wwwroot/public/../application/admin/lang/zh-cn.php
[ info ] [ BEHAVIOR ] Run app\common\behavior\Common @module_init [ RunTime:0.000067s ]
[ info ] [ SESSION ] INIT array (
  'id' => '',
  'var_session_id' => '',
  'prefix' => 'think',
  'type' => '',
  'auto_start' => true,
)
[ info ] [ BEHAVIOR ] Run \addons\geetest\Geetest @config_init [ RunTime:0.000063s ]
[ info ] [ LANG ] /home/www/admin/localhost_9002/wwwroot/public/../application/admin/lang/zh-cn/index.php
[ info ] [ BEHAVIOR ] Run \addons\geetest\Geetest @action_begin [ RunTime:0.000019s ]
[ info ] [ RUN ] app\admin\controller\Index->index[ /home/www/admin/localhost_9002/wwwroot/application/admin/controller/Index.php ]
[ info ] [ DB ] INIT mysql
[ info ] [ VIEW ] /home/www/admin/localhost_9002/wwwroot/public/../application/admin/view/index/index.html [ array (
  0 => 'breadcrumb',
  1 => 'site',
  2 => 'config',
  3 => 'auth',
  4 => 'admin',
  5 => 'menulist',
  6 => 'navlist',
  7 => 'fixedmenu',
  8 => 'referermenu',
  9 => 'title',
) ]
[ info ] [ BEHAVIOR ] Run app\admin\behavior\AdminLog @app_end [ RunTime:0.000023s ]
[ info ] [ LOG ] INIT File
---------------------------------------------------------------
[ 2020-12-28T22:47:25+08:00 ] 127.0.0.1 GET 127.0.0.1:9002/PByGmRKgDe.php/work/indetail?addtabs=1
[运行时间：0.011389s] [吞吐率：87.80req/s] [内存消耗：779.95kb] [文件加载：139]
[ info ] [ BEHAVIOR ] Run Closure @app_init [ RunTime:0.000012s ]
[ info ] [ CACHE ] INIT File
[ info ] [ BEHAVIOR ] Run Closure @app_init [ RunTime:0.000224s ]
[ info ] [ LANG ] /home/www/admin/localhost_9002/wwwroot/thinkphp/lang/zh-cn.php
[ info ] [ BEHAVIOR ] Run app\common\behavior\Common @app_dispatch [ RunTime:0.000024s ]
[ info ] [ ROUTE ] array (
  'type' => 'module',
  'module' => 
  array (
    0 => 'admin',
    1 => 'work.indetail',
    2 => NULL,
  ),
)
[ info ] [ HEADER ] array (
  'cookie' => 'PHPSESSID=p08bf48irufv89pp7502d46osl; think_var=zh-cn; uid=1; token=2900af95-3f2a-422d-85e9-6ed04a22d6d4',
  'accept-language' => 'zh-CN,zh;q=0.9',
  'accept-encoding' => 'gzip, deflate, br',
  'accept' => 'text/html,application/xhtml+xml,application/xml;q=0.9,image/webp,image/apng,*/*;q=0.8',
  'user-agent' => 'Mozilla/5.0 (X11; Linux x86_64) AppleWebKit/537.36 (KHTML, like Gecko) Chrome/69.0.3497.128 Safari/537.36 Qaxbrowser',
  'upgrade-insecure-requests' => '1',
  'connection' => 'keep-alive',
  'host' => '127.0.0.1:9002',
  'content-length' => '',
  'content-type' => '',
)
[ info ] [ PARAM ] array (
  'addtabs' => '1',
)
[ info ] [ LANG ] /home/www/admin/localhost_9002/wwwroot/public/../application/admin/lang/zh-cn.php
[ info ] [ BEHAVIOR ] Run app\common\behavior\Common @module_init [ RunTime:0.000067s ]
[ info ] [ SESSION ] INIT array (
  'id' => '',
  'var_session_id' => '',
  'prefix' => 'think',
  'type' => '',
  'auto_start' => true,
)
[ info ] [ DB ] INIT mysql
[ info ] [ BEHAVIOR ] Run \addons\geetest\Geetest @config_init [ RunTime:0.000123s ]
[ info ] [ LANG ] /home/www/admin/localhost_9002/wwwroot/public/../application/admin/lang/zh-cn/work/indetail.php
[ info ] [ BEHAVIOR ] Run \addons\geetest\Geetest @action_begin [ RunTime:0.000033s ]
[ info ] [ RUN ] app\admin\controller\work\Indetail->index[ /home/www/admin/localhost_9002/wwwroot/application/admin/controller/work/Indetail.php ]
[ info ] [ VIEW ] /home/www/admin/localhost_9002/wwwroot/public/../application/admin/view/work/indetail/index.html [ array (
  0 => 'breadcrumb',
  1 => 'site',
  2 => 'config',
  3 => 'auth',
  4 => 'admin',
  5 => 'iodetailIotypeList',
  6 => 'iodetailStatusList',
) ]
[ info ] [ BEHAVIOR ] Run app\admin\behavior\AdminLog @app_end [ RunTime:0.000034s ]
[ info ] [ LOG ] INIT File
---------------------------------------------------------------
[ 2020-12-28T22:47:25+08:00 ] 127.0.0.1 GET 127.0.0.1:9002/PByGmRKgDe.php/dashboard?addtabs=1
[运行时间：0.031673s] [吞吐率：31.57req/s] [内存消耗：807.96kb] [文件加载：142]
[ info ] [ BEHAVIOR ] Run Closure @app_init [ RunTime:0.000022s ]
[ info ] [ CACHE ] INIT File
[ info ] [ BEHAVIOR ] Run Closure @app_init [ RunTime:0.002378s ]
[ info ] [ LANG ] /home/www/admin/localhost_9002/wwwroot/thinkphp/lang/zh-cn.php
[ info ] [ BEHAVIOR ] Run app\common\behavior\Common @app_dispatch [ RunTime:0.000034s ]
[ info ] [ ROUTE ] array (
  'type' => 'module',
  'module' => 
  array (
    0 => 'admin',
    1 => 'dashboard',
    2 => NULL,
  ),
)
[ info ] [ HEADER ] array (
  'cookie' => 'PHPSESSID=p08bf48irufv89pp7502d46osl; think_var=zh-cn; uid=1; token=2900af95-3f2a-422d-85e9-6ed04a22d6d4',
  'accept-language' => 'zh-CN,zh;q=0.9',
  'accept-encoding' => 'gzip, deflate, br',
  'accept' => 'text/html,application/xhtml+xml,application/xml;q=0.9,image/webp,image/apng,*/*;q=0.8',
  'user-agent' => 'Mozilla/5.0 (X11; Linux x86_64) AppleWebKit/537.36 (KHTML, like Gecko) Chrome/69.0.3497.128 Safari/537.36 Qaxbrowser',
  'upgrade-insecure-requests' => '1',
  'connection' => 'keep-alive',
  'host' => '127.0.0.1:9002',
  'content-length' => '',
  'content-type' => '',
)
[ info ] [ PARAM ] array (
  'addtabs' => '1',
)
[ info ] [ LANG ] /home/www/admin/localhost_9002/wwwroot/public/../application/admin/lang/zh-cn.php
[ info ] [ BEHAVIOR ] Run app\common\behavior\Common @module_init [ RunTime:0.000075s ]
[ info ] [ SESSION ] INIT array (
  'id' => '',
  'var_session_id' => '',
  'prefix' => 'think',
  'type' => '',
  'auto_start' => true,
)
[ info ] [ DB ] INIT mysql
[ info ] [ BEHAVIOR ] Run \addons\geetest\Geetest @config_init [ RunTime:0.000099s ]
[ info ] [ LANG ] /home/www/admin/localhost_9002/wwwroot/public/../application/admin/lang/zh-cn/dashboard.php
[ info ] [ BEHAVIOR ] Run \addons\geetest\Geetest @action_begin [ RunTime:0.000027s ]
[ info ] [ RUN ] app\admin\controller\Dashboard->index[ /home/www/admin/localhost_9002/wwwroot/application/admin/controller/Dashboard.php ]
[ info ] [ VIEW ] /home/www/admin/localhost_9002/wwwroot/public/../application/admin/view/dashboard/index.html [ array (
  0 => 'breadcrumb',
  1 => 'site',
  2 => 'config',
  3 => 'auth',
  4 => 'admin',
  5 => 'totaluser',
  6 => 'totalviews',
  7 => 'totalorder',
  8 => 'totalorderamount',
  9 => 'todayuserlogin',
  10 => 'todayusersignup',
  11 => 'todayorder',
  12 => 'unsettleorder',
  13 => 'sevendnu',
  14 => 'sevendau',
  15 => 'paylist',
  16 => 'createlist',
  17 => 'addonversion',
  18 => 'uploadmode',
) ]
[ info ] [ BEHAVIOR ] Run app\admin\behavior\AdminLog @app_end [ RunTime:0.000037s ]
[ info ] [ LOG ] INIT File
---------------------------------------------------------------
[ 2020-12-28T22:47:25+08:00 ] 127.0.0.1 GET 127.0.0.1:9002/PByGmRKgDe.php/ajax/lang?callback=define&controllername=index&lang=zh-cn&v=1609166845&v=1609166845
[运行时间：0.007396s] [吞吐率：135.21req/s] [内存消耗：408.09kb] [文件加载：133]
[ info ] [ BEHAVIOR ] Run Closure @app_init [ RunTime:0.000021s ]
[ info ] [ CACHE ] INIT File
[ info ] [ BEHAVIOR ] Run Closure @app_init [ RunTime:0.000358s ]
[ info ] [ LANG ] /home/www/admin/localhost_9002/wwwroot/thinkphp/lang/zh-cn.php
[ info ] [ BEHAVIOR ] Run app\common\behavior\Common @app_dispatch [ RunTime:0.000068s ]
[ info ] [ ROUTE ] array (
  'type' => 'module',
  'module' => 
  array (
    0 => 'admin',
    1 => 'ajax',
    2 => 'lang',
  ),
)
[ info ] [ HEADER ] array (
  'cookie' => 'PHPSESSID=p08bf48irufv89pp7502d46osl; think_var=zh-cn; uid=1; token=2900af95-3f2a-422d-85e9-6ed04a22d6d4',
  'accept-language' => 'zh-CN,zh;q=0.9',
  'accept-encoding' => 'gzip, deflate, br',
  'accept' => '*/*',
  'user-agent' => 'Mozilla/5.0 (X11; Linux x86_64) AppleWebKit/537.36 (KHTML, like Gecko) Chrome/69.0.3497.128 Safari/537.36 Qaxbrowser',
  'connection' => 'keep-alive',
  'host' => '127.0.0.1:9002',
  'content-length' => '',
  'content-type' => '',
)
[ info ] [ PARAM ] array (
  'callback' => 'define',
  'controllername' => 'index',
  'lang' => 'zh-cn',
  'v' => '1609166845',
)
[ info ] [ LANG ] /home/www/admin/localhost_9002/wwwroot/public/../application/admin/lang/zh-cn.php
[ info ] [ BEHAVIOR ] Run app\common\behavior\Common @module_init [ RunTime:0.000178s ]
[ info ] [ SESSION ] INIT array (
  'id' => '',
  'var_session_id' => '',
  'prefix' => 'think',
  'type' => '',
  'auto_start' => true,
)
[ info ] [ BEHAVIOR ] Run \addons\geetest\Geetest @config_init [ RunTime:0.000097s ]
[ info ] [ LANG ] /home/www/admin/localhost_9002/wwwroot/public/../application/admin/lang/zh-cn/ajax.php
[ info ] [ BEHAVIOR ] Run \addons\geetest\Geetest @action_begin [ RunTime:0.000035s ]
[ info ] [ RUN ] app\admin\controller\Ajax->lang[ /home/www/admin/localhost_9002/wwwroot/application/admin/controller/Ajax.php ]
[ info ] [ LANG ] /home/www/admin/localhost_9002/wwwroot/public/../application/admin/lang/zh-cn/index.php
[ info ] [ BEHAVIOR ] Run app\admin\behavior\AdminLog @app_end [ RunTime:0.000031s ]
[ info ] [ LOG ] INIT File
---------------------------------------------------------------
[ 2020-12-28T22:47:25+08:00 ] 127.0.0.1 GET 127.0.0.1:9002/PByGmRKgDe.php/ajax/lang?callback=define&controllername=work.indetail&lang=zh-cn&v=1609166845&v=1609166845
[运行时间：0.007123s] [吞吐率：140.39req/s] [内存消耗：407.71kb] [文件加载：133]
[ info ] [ BEHAVIOR ] Run Closure @app_init [ RunTime:0.000021s ]
[ info ] [ CACHE ] INIT File
[ info ] [ BEHAVIOR ] Run Closure @app_init [ RunTime:0.000335s ]
[ info ] [ LANG ] /home/www/admin/localhost_9002/wwwroot/thinkphp/lang/zh-cn.php
[ info ] [ BEHAVIOR ] Run app\common\behavior\Common @app_dispatch [ RunTime:0.000064s ]
[ info ] [ ROUTE ] array (
  'type' => 'module',
  'module' => 
  array (
    0 => 'admin',
    1 => 'ajax',
    2 => 'lang',
  ),
)
[ info ] [ HEADER ] array (
  'cookie' => 'PHPSESSID=p08bf48irufv89pp7502d46osl; think_var=zh-cn; uid=1; token=2900af95-3f2a-422d-85e9-6ed04a22d6d4',
  'accept-language' => 'zh-CN,zh;q=0.9',
  'accept-encoding' => 'gzip, deflate, br',
  'accept' => '*/*',
  'user-agent' => 'Mozilla/5.0 (X11; Linux x86_64) AppleWebKit/537.36 (KHTML, like Gecko) Chrome/69.0.3497.128 Safari/537.36 Qaxbrowser',
  'connection' => 'keep-alive',
  'host' => '127.0.0.1:9002',
  'content-length' => '',
  'content-type' => '',
)
[ info ] [ PARAM ] array (
  'callback' => 'define',
  'controllername' => 'work.indetail',
  'lang' => 'zh-cn',
  'v' => '1609166845',
)
[ info ] [ LANG ] /home/www/admin/localhost_9002/wwwroot/public/../application/admin/lang/zh-cn.php
[ info ] [ BEHAVIOR ] Run app\common\behavior\Common @module_init [ RunTime:0.000191s ]
[ info ] [ SESSION ] INIT array (
  'id' => '',
  'var_session_id' => '',
  'prefix' => 'think',
  'type' => '',
  'auto_start' => true,
)
[ info ] [ BEHAVIOR ] Run \addons\geetest\Geetest @config_init [ RunTime:0.000106s ]
[ info ] [ LANG ] /home/www/admin/localhost_9002/wwwroot/public/../application/admin/lang/zh-cn/ajax.php
[ info ] [ BEHAVIOR ] Run \addons\geetest\Geetest @action_begin [ RunTime:0.000033s ]
[ info ] [ RUN ] app\admin\controller\Ajax->lang[ /home/www/admin/localhost_9002/wwwroot/application/admin/controller/Ajax.php ]
[ info ] [ LANG ] /home/www/admin/localhost_9002/wwwroot/public/../application/admin/lang/zh-cn/work/indetail.php
[ info ] [ BEHAVIOR ] Run app\admin\behavior\AdminLog @app_end [ RunTime:0.000033s ]
[ info ] [ LOG ] INIT File
---------------------------------------------------------------
[ 2020-12-28T22:47:25+08:00 ] 127.0.0.1 GET 127.0.0.1:9002/PByGmRKgDe.php/ajax/lang?callback=define&controllername=dashboard&lang=zh-cn&v=1609166845&v=1609166845
[运行时间：0.005663s] [吞吐率：176.59req/s] [内存消耗：407.19kb] [文件加载：133]
[ info ] [ BEHAVIOR ] Run Closure @app_init [ RunTime:0.000016s ]
[ info ] [ CACHE ] INIT File
[ info ] [ BEHAVIOR ] Run Closure @app_init [ RunTime:0.000323s ]
[ info ] [ LANG ] /home/www/admin/localhost_9002/wwwroot/thinkphp/lang/zh-cn.php
[ info ] [ BEHAVIOR ] Run app\common\behavior\Common @app_dispatch [ RunTime:0.000037s ]
[ info ] [ ROUTE ] array (
  'type' => 'module',
  'module' => 
  array (
    0 => 'admin',
    1 => 'ajax',
    2 => 'lang',
  ),
)
[ info ] [ HEADER ] array (
  'cookie' => 'PHPSESSID=p08bf48irufv89pp7502d46osl; think_var=zh-cn; uid=1; token=2900af95-3f2a-422d-85e9-6ed04a22d6d4',
  'accept-language' => 'zh-CN,zh;q=0.9',
  'accept-encoding' => 'gzip, deflate, br',
  'accept' => '*/*',
  'user-agent' => 'Mozilla/5.0 (X11; Linux x86_64) AppleWebKit/537.36 (KHTML, like Gecko) Chrome/69.0.3497.128 Safari/537.36 Qaxbrowser',
  'connection' => 'keep-alive',
  'host' => '127.0.0.1:9002',
  'content-length' => '',
  'content-type' => '',
)
[ info ] [ PARAM ] array (
  'callback' => 'define',
  'controllername' => 'dashboard',
  'lang' => 'zh-cn',
  'v' => '1609166845',
)
[ info ] [ LANG ] /home/www/admin/localhost_9002/wwwroot/public/../application/admin/lang/zh-cn.php
[ info ] [ BEHAVIOR ] Run app\common\behavior\Common @module_init [ RunTime:0.000216s ]
[ info ] [ SESSION ] INIT array (
  'id' => '',
  'var_session_id' => '',
  'prefix' => 'think',
  'type' => '',
  'auto_start' => true,
)
[ info ] [ BEHAVIOR ] Run \addons\geetest\Geetest @config_init [ RunTime:0.000124s ]
[ info ] [ LANG ] /home/www/admin/localhost_9002/wwwroot/public/../application/admin/lang/zh-cn/ajax.php
[ info ] [ BEHAVIOR ] Run \addons\geetest\Geetest @action_begin [ RunTime:0.000036s ]
[ info ] [ RUN ] app\admin\controller\Ajax->lang[ /home/www/admin/localhost_9002/wwwroot/application/admin/controller/Ajax.php ]
[ info ] [ LANG ] /home/www/admin/localhost_9002/wwwroot/public/../application/admin/lang/zh-cn/dashboard.php
[ info ] [ BEHAVIOR ] Run app\admin\behavior\AdminLog @app_end [ RunTime:0.000032s ]
[ info ] [ LOG ] INIT File
---------------------------------------------------------------
[ 2020-12-28T22:47:26+08:00 ] 127.0.0.1 GET 127.0.0.1:9002/PByGmRKgDe.php/work/indetail/index?addtabs=1&sort=iodetail_ID&order=desc&offset=0&limit=10&filter=%7B%7D&op=%7B%7D&_=1609166845699
[运行时间：0.032267s] [吞吐率：30.99req/s] [内存消耗：943.30kb] [文件加载：147]
[ info ] [ BEHAVIOR ] Run Closure @app_init [ RunTime:0.000018s ]
[ info ] [ CACHE ] INIT File
[ info ] [ BEHAVIOR ] Run Closure @app_init [ RunTime:0.000343s ]
[ info ] [ LANG ] /home/www/admin/localhost_9002/wwwroot/thinkphp/lang/zh-cn.php
[ info ] [ BEHAVIOR ] Run app\common\behavior\Common @app_dispatch [ RunTime:0.000041s ]
[ info ] [ ROUTE ] array (
  'type' => 'module',
  'module' => 
  array (
    0 => 'admin',
    1 => 'work.indetail',
    2 => 'index',
  ),
)
[ info ] [ HEADER ] array (
  'cookie' => 'PHPSESSID=p08bf48irufv89pp7502d46osl; think_var=zh-cn; uid=1; token=2900af95-3f2a-422d-85e9-6ed04a22d6d4',
  'accept-language' => 'zh-CN,zh;q=0.9',
  'accept-encoding' => 'gzip, deflate, br',
  'content-type' => 'application/json',
  'user-agent' => 'Mozilla/5.0 (X11; Linux x86_64) AppleWebKit/537.36 (KHTML, like Gecko) Chrome/69.0.3497.128 Safari/537.36 Qaxbrowser',
  'x-requested-with' => 'XMLHttpRequest',
  'accept' => 'application/json, text/javascript, */*; q=0.01',
  'connection' => 'keep-alive',
  'host' => '127.0.0.1:9002',
  'content-length' => '',
)
[ info ] [ PARAM ] array (
  'addtabs' => '1',
  'sort' => 'iodetail_ID',
  'order' => 'desc',
  'offset' => '0',
  'limit' => '10',
  'filter' => '{}',
  'op' => '{}',
  '_' => '1609166845699',
)
[ info ] [ LANG ] /home/www/admin/localhost_9002/wwwroot/public/../application/admin/lang/zh-cn.php
[ info ] [ BEHAVIOR ] Run app\common\behavior\Common @module_init [ RunTime:0.000102s ]
[ info ] [ SESSION ] INIT array (
  'id' => '',
  'var_session_id' => '',
  'prefix' => 'think',
  'type' => '',
  'auto_start' => true,
)
[ info ] [ DB ] INIT mysql
[ info ] [ BEHAVIOR ] Run \addons\geetest\Geetest @config_init [ RunTime:0.000099s ]
[ info ] [ LANG ] /home/www/admin/localhost_9002/wwwroot/public/../application/admin/lang/zh-cn/work/indetail.php
[ info ] [ BEHAVIOR ] Run \addons\geetest\Geetest @action_begin [ RunTime:0.000032s ]
[ info ] [ RUN ] app\admin\controller\work\Indetail->index[ /home/www/admin/localhost_9002/wwwroot/application/admin/controller/work/Indetail.php ]
[ info ] [ BEHAVIOR ] Run app\admin\behavior\AdminLog @app_end [ RunTime:0.000038s ]
[ info ] [ LOG ] INIT File
---------------------------------------------------------------
[ 2020-12-28T22:47:26+08:00 ] 127.0.0.1 GET 127.0.0.1:9002/PByGmRKgDe.php/work/indetail/index?addtabs=1&sort=iodetail_ID&order=desc&offset=0&limit=10&filter=%7B%7D&op=%7B%7D&_=1609166845700
[运行时间：0.022824s] [吞吐率：43.81req/s] [内存消耗：943.30kb] [文件加载：147]
[ info ] [ BEHAVIOR ] Run Closure @app_init [ RunTime:0.000019s ]
[ info ] [ CACHE ] INIT File
[ info ] [ BEHAVIOR ] Run Closure @app_init [ RunTime:0.000354s ]
[ info ] [ LANG ] /home/www/admin/localhost_9002/wwwroot/thinkphp/lang/zh-cn.php
[ info ] [ BEHAVIOR ] Run app\common\behavior\Common @app_dispatch [ RunTime:0.000043s ]
[ info ] [ ROUTE ] array (
  'type' => 'module',
  'module' => 
  array (
    0 => 'admin',
    1 => 'work.indetail',
    2 => 'index',
  ),
)
[ info ] [ HEADER ] array (
  'cookie' => 'PHPSESSID=p08bf48irufv89pp7502d46osl; think_var=zh-cn; uid=1; token=2900af95-3f2a-422d-85e9-6ed04a22d6d4',
  'accept-language' => 'zh-CN,zh;q=0.9',
  'accept-encoding' => 'gzip, deflate, br',
  'content-type' => 'application/json',
  'user-agent' => 'Mozilla/5.0 (X11; Linux x86_64) AppleWebKit/537.36 (KHTML, like Gecko) Chrome/69.0.3497.128 Safari/537.36 Qaxbrowser',
  'x-requested-with' => 'XMLHttpRequest',
  'accept' => 'application/json, text/javascript, */*; q=0.01',
  'connection' => 'keep-alive',
  'host' => '127.0.0.1:9002',
  'content-length' => '',
)
[ info ] [ PARAM ] array (
  'addtabs' => '1',
  'sort' => 'iodetail_ID',
  'order' => 'desc',
  'offset' => '0',
  'limit' => '10',
  'filter' => '{}',
  'op' => '{}',
  '_' => '1609166845700',
)
[ info ] [ LANG ] /home/www/admin/localhost_9002/wwwroot/public/../application/admin/lang/zh-cn.php
[ info ] [ BEHAVIOR ] Run app\common\behavior\Common @module_init [ RunTime:0.000111s ]
[ info ] [ SESSION ] INIT array (
  'id' => '',
  'var_session_id' => '',
  'prefix' => 'think',
  'type' => '',
  'auto_start' => true,
)
[ info ] [ DB ] INIT mysql
[ info ] [ BEHAVIOR ] Run \addons\geetest\Geetest @config_init [ RunTime:0.000094s ]
[ info ] [ LANG ] /home/www/admin/localhost_9002/wwwroot/public/../application/admin/lang/zh-cn/work/indetail.php
[ info ] [ BEHAVIOR ] Run \addons\geetest\Geetest @action_begin [ RunTime:0.000031s ]
[ info ] [ RUN ] app\admin\controller\work\Indetail->index[ /home/www/admin/localhost_9002/wwwroot/application/admin/controller/work/Indetail.php ]
[ info ] [ BEHAVIOR ] Run app\admin\behavior\AdminLog @app_end [ RunTime:0.000026s ]
[ info ] [ LOG ] INIT File
---------------------------------------------------------------
[ 2020-12-28T22:47:32+08:00 ] 127.0.0.1 POST 127.0.0.1:9002/PByGmRKgDe.php/base/channel/getinchannelinfo
[运行时间：0.153637s] [吞吐率：6.51req/s] [内存消耗：765.89kb] [文件加载：139]
[ info ] [ BEHAVIOR ] Run Closure @app_init [ RunTime:0.000019s ]
[ info ] [ CACHE ] INIT File
[ info ] [ BEHAVIOR ] Run Closure @app_init [ RunTime:0.000298s ]
[ info ] [ LANG ] /home/www/admin/localhost_9002/wwwroot/thinkphp/lang/zh-cn.php
[ info ] [ BEHAVIOR ] Run app\common\behavior\Common @app_dispatch [ RunTime:0.000039s ]
[ info ] [ ROUTE ] array (
  'type' => 'module',
  'module' => 
  array (
    0 => 'admin',
    1 => 'base.channel',
    2 => 'getinchannelinfo',
  ),
)
[ info ] [ HEADER ] array (
  'cookie' => 'PHPSESSID=p08bf48irufv89pp7502d46osl; think_var=zh-cn; uid=1; token=2900af95-3f2a-422d-85e9-6ed04a22d6d4',
  'accept-language' => 'zh-CN,zh;q=0.9',
  'accept-encoding' => 'gzip, deflate, br',
  'content-type' => 'application/x-www-form-urlencoded; charset=UTF-8',
  'user-agent' => 'Mozilla/5.0 (X11; Linux x86_64) AppleWebKit/537.36 (KHTML, like Gecko) Chrome/69.0.3497.128 Safari/537.36 Qaxbrowser',
  'x-requested-with' => 'XMLHttpRequest',
  'origin' => 'http://127.0.0.1:9002',
  'accept' => 'application/json, text/javascript, */*; q=0.01',
  'content-length' => '13',
  'connection' => 'keep-alive',
  'host' => '127.0.0.1:9002',
)
[ info ] [ PARAM ] array (
  'channel_info' => '',
)
[ info ] [ LANG ] /home/www/admin/localhost_9002/wwwroot/public/../application/admin/lang/zh-cn.php
[ info ] [ BEHAVIOR ] Run app\common\behavior\Common @module_init [ RunTime:0.000081s ]
[ info ] [ SESSION ] INIT array (
  'id' => '',
  'var_session_id' => '',
  'prefix' => 'think',
  'type' => '',
  'auto_start' => true,
)
[ info ] [ BEHAVIOR ] Run \addons\geetest\Geetest @config_init [ RunTime:0.000128s ]
[ info ] [ LANG ] /home/www/admin/localhost_9002/wwwroot/public/../application/admin/lang/zh-cn/base/channel.php
[ info ] [ DB ] INIT mysql
[ info ] [ BEHAVIOR ] Run \addons\geetest\Geetest @action_begin [ RunTime:0.000044s ]
[ info ] [ RUN ] app\admin\controller\base\Channel->getinchannelinfo[ /home/www/admin/localhost_9002/wwwroot/application/admin/controller/base/Channel.php ]
[ info ] [ BEHAVIOR ] Run app\admin\behavior\AdminLog @app_end [ RunTime:0.115935s ]
[ info ] [ LOG ] INIT File
---------------------------------------------------------------
[ 2020-12-28T22:47:33+08:00 ] 127.0.0.1 POST 127.0.0.1:9002/PByGmRKgDe.php/base/channel/index
[运行时间：0.014754s] [吞吐率：67.78req/s] [内存消耗：619.42kb] [文件加载：140]
[ info ] [ BEHAVIOR ] Run Closure @app_init [ RunTime:0.000019s ]
[ info ] [ CACHE ] INIT File
[ info ] [ BEHAVIOR ] Run Closure @app_init [ RunTime:0.000334s ]
[ info ] [ LANG ] /home/www/admin/localhost_9002/wwwroot/thinkphp/lang/zh-cn.php
[ info ] [ BEHAVIOR ] Run app\common\behavior\Common @app_dispatch [ RunTime:0.000036s ]
[ info ] [ ROUTE ] array (
  'type' => 'module',
  'module' => 
  array (
    0 => 'admin',
    1 => 'base.channel',
    2 => 'index',
  ),
)
[ info ] [ HEADER ] array (
  'cookie' => 'PHPSESSID=p08bf48irufv89pp7502d46osl; think_var=zh-cn; uid=1; token=2900af95-3f2a-422d-85e9-6ed04a22d6d4',
  'accept-language' => 'zh-CN,zh;q=0.9',
  'accept-encoding' => 'gzip, deflate, br',
  'content-type' => 'application/x-www-form-urlencoded; charset=UTF-8',
  'user-agent' => 'Mozilla/5.0 (X11; Linux x86_64) AppleWebKit/537.36 (KHTML, like Gecko) Chrome/69.0.3497.128 Safari/537.36 Qaxbrowser',
  'x-requested-with' => 'XMLHttpRequest',
  'origin' => 'http://127.0.0.1:9002',
  'accept' => 'application/json, text/javascript, */*; q=0.01',
  'content-length' => '187',
  'connection' => 'keep-alive',
  'host' => '127.0.0.1:9002',
)
[ info ] [ PARAM ] array (
  'q_word' => 
  array (
    0 => '',
  ),
  'pageNumber' => '1',
  'pageSize' => '10',
  'andOr' => 'OR ',
  'orderBy' => 
  array (
    0 => 
    array (
      0 => 'channel',
      1 => 'ASC',
    ),
  ),
  'searchTable' => 'tbl',
  'showField' => 'channel',
  'keyField' => 'channel',
  'searchField' => 
  array (
    0 => 'channel',
  ),
  'channel' => '',
)
[ info ] [ LANG ] /home/www/admin/localhost_9002/wwwroot/public/../application/admin/lang/zh-cn.php
[ info ] [ BEHAVIOR ] Run app\common\behavior\Common @module_init [ RunTime:0.000092s ]
[ info ] [ SESSION ] INIT array (
  'id' => '',
  'var_session_id' => '',
  'prefix' => 'think',
  'type' => '',
  'auto_start' => true,
)
[ info ] [ BEHAVIOR ] Run \addons\geetest\Geetest @config_init [ RunTime:0.000075s ]
[ info ] [ LANG ] /home/www/admin/localhost_9002/wwwroot/public/../application/admin/lang/zh-cn/base/channel.php
[ info ] [ DB ] INIT mysql
[ info ] [ BEHAVIOR ] Run \addons\geetest\Geetest @action_begin [ RunTime:0.000028s ]
[ info ] [ RUN ] app\common\controller\Backend->index[ /home/www/admin/localhost_9002/wwwroot/application/admin/library/traits/Backend.php ]
[ info ] [ BEHAVIOR ] Run app\admin\behavior\AdminLog @app_end [ RunTime:0.000468s ]
[ info ] [ LOG ] INIT File
---------------------------------------------------------------
[ 2020-12-28T22:47:35+08:00 ] 127.0.0.1 POST 127.0.0.1:9002/PByGmRKgDe.php/base/channel/getinchannelinfo
[运行时间：0.114727s] [吞吐率：8.72req/s] [内存消耗：770.05kb] [文件加载：141]
[ info ] [ BEHAVIOR ] Run Closure @app_init [ RunTime:0.000018s ]
[ info ] [ CACHE ] INIT File
[ info ] [ BEHAVIOR ] Run Closure @app_init [ RunTime:0.000379s ]
[ info ] [ LANG ] /home/www/admin/localhost_9002/wwwroot/thinkphp/lang/zh-cn.php
[ info ] [ BEHAVIOR ] Run app\common\behavior\Common @app_dispatch [ RunTime:0.000054s ]
[ info ] [ ROUTE ] array (
  'type' => 'module',
  'module' => 
  array (
    0 => 'admin',
    1 => 'base.channel',
    2 => 'getinchannelinfo',
  ),
)
[ info ] [ HEADER ] array (
  'cookie' => 'PHPSESSID=p08bf48irufv89pp7502d46osl; think_var=zh-cn; uid=1; token=2900af95-3f2a-422d-85e9-6ed04a22d6d4',
  'accept-language' => 'zh-CN,zh;q=0.9',
  'accept-encoding' => 'gzip, deflate, br',
  'content-type' => 'application/x-www-form-urlencoded; charset=UTF-8',
  'user-agent' => 'Mozilla/5.0 (X11; Linux x86_64) AppleWebKit/537.36 (KHTML, like Gecko) Chrome/69.0.3497.128 Safari/537.36 Qaxbrowser',
  'x-requested-with' => 'XMLHttpRequest',
  'origin' => 'http://127.0.0.1:9002',
  'accept' => 'application/json, text/javascript, */*; q=0.01',
  'content-length' => '50',
  'connection' => 'keep-alive',
  'host' => '127.0.0.1:9002',
)
[ info ] [ PARAM ] array (
  'channel_info' => '1号通道入',
)
[ info ] [ LANG ] /home/www/admin/localhost_9002/wwwroot/public/../application/admin/lang/zh-cn.php
[ info ] [ BEHAVIOR ] Run app\common\behavior\Common @module_init [ RunTime:0.000108s ]
[ info ] [ SESSION ] INIT array (
  'id' => '',
  'var_session_id' => '',
  'prefix' => 'think',
  'type' => '',
  'auto_start' => true,
)
[ info ] [ BEHAVIOR ] Run \addons\geetest\Geetest @config_init [ RunTime:0.000099s ]
[ info ] [ LANG ] /home/www/admin/localhost_9002/wwwroot/public/../application/admin/lang/zh-cn/base/channel.php
[ info ] [ DB ] INIT mysql
[ info ] [ BEHAVIOR ] Run \addons\geetest\Geetest @action_begin [ RunTime:0.000032s ]
[ info ] [ RUN ] app\admin\controller\base\Channel->getinchannelinfo[ /home/www/admin/localhost_9002/wwwroot/application/admin/controller/base/Channel.php ]
[ info ] [ BEHAVIOR ] Run app\admin\behavior\AdminLog @app_end [ RunTime:0.105567s ]
[ info ] [ LOG ] INIT File
---------------------------------------------------------------
[ 2020-12-28T22:47:37+08:00 ] 127.0.0.1 POST 127.0.0.1:9002/PByGmRKgDe.php/base/channel/getinchannelinfo
[运行时间：0.151013s] [吞吐率：6.62req/s] [内存消耗：770.05kb] [文件加载：141]
[ info ] [ BEHAVIOR ] Run Closure @app_init [ RunTime:0.000018s ]
[ info ] [ CACHE ] INIT File
[ info ] [ BEHAVIOR ] Run Closure @app_init [ RunTime:0.000316s ]
[ info ] [ LANG ] /home/www/admin/localhost_9002/wwwroot/thinkphp/lang/zh-cn.php
[ info ] [ BEHAVIOR ] Run app\common\behavior\Common @app_dispatch [ RunTime:0.000035s ]
[ info ] [ ROUTE ] array (
  'type' => 'module',
  'module' => 
  array (
    0 => 'admin',
    1 => 'base.channel',
    2 => 'getinchannelinfo',
  ),
)
[ info ] [ HEADER ] array (
  'cookie' => 'PHPSESSID=p08bf48irufv89pp7502d46osl; think_var=zh-cn; uid=1; token=2900af95-3f2a-422d-85e9-6ed04a22d6d4',
  'accept-language' => 'zh-CN,zh;q=0.9',
  'accept-encoding' => 'gzip, deflate, br',
  'content-type' => 'application/x-www-form-urlencoded; charset=UTF-8',
  'user-agent' => 'Mozilla/5.0 (X11; Linux x86_64) AppleWebKit/537.36 (KHTML, like Gecko) Chrome/69.0.3497.128 Safari/537.36 Qaxbrowser',
  'x-requested-with' => 'XMLHttpRequest',
  'origin' => 'http://127.0.0.1:9002',
  'accept' => 'application/json, text/javascript, */*; q=0.01',
  'content-length' => '50',
  'connection' => 'keep-alive',
  'host' => '127.0.0.1:9002',
)
[ info ] [ PARAM ] array (
  'channel_info' => '1号通道入',
)
[ info ] [ LANG ] /home/www/admin/localhost_9002/wwwroot/public/../application/admin/lang/zh-cn.php
[ info ] [ BEHAVIOR ] Run app\common\behavior\Common @module_init [ RunTime:0.000118s ]
[ info ] [ SESSION ] INIT array (
  'id' => '',
  'var_session_id' => '',
  'prefix' => 'think',
  'type' => '',
  'auto_start' => true,
)
[ info ] [ BEHAVIOR ] Run \addons\geetest\Geetest @config_init [ RunTime:0.000086s ]
[ info ] [ LANG ] /home/www/admin/localhost_9002/wwwroot/public/../application/admin/lang/zh-cn/base/channel.php
[ info ] [ DB ] INIT mysql
[ info ] [ BEHAVIOR ] Run \addons\geetest\Geetest @action_begin [ RunTime:0.000030s ]
[ info ] [ RUN ] app\admin\controller\base\Channel->getinchannelinfo[ /home/www/admin/localhost_9002/wwwroot/application/admin/controller/base/Channel.php ]
[ info ] [ BEHAVIOR ] Run app\admin\behavior\AdminLog @app_end [ RunTime:0.144600s ]
[ info ] [ LOG ] INIT File
---------------------------------------------------------------
[ 2020-12-28T23:01:41+08:00 ] 127.0.0.1 GET 127.0.0.1:9002/PByGmRKgDe.php/financial/account?addtabs=1
[运行时间：0.014449s] [吞吐率：69.21req/s] [内存消耗：778.91kb] [文件加载：139]
[ info ] [ BEHAVIOR ] Run Closure @app_init [ RunTime:0.000017s ]
[ info ] [ CACHE ] INIT File
[ info ] [ BEHAVIOR ] Run Closure @app_init [ RunTime:0.000322s ]
[ info ] [ LANG ] /home/www/admin/localhost_9002/wwwroot/thinkphp/lang/zh-cn.php
[ info ] [ BEHAVIOR ] Run app\common\behavior\Common @app_dispatch [ RunTime:0.000040s ]
[ info ] [ ROUTE ] array (
  'type' => 'module',
  'module' => 
  array (
    0 => 'admin',
    1 => 'financial.account',
    2 => NULL,
  ),
)
[ info ] [ HEADER ] array (
  'cookie' => 'PHPSESSID=p08bf48irufv89pp7502d46osl; think_var=zh-cn; uid=1; token=2900af95-3f2a-422d-85e9-6ed04a22d6d4',
  'accept-language' => 'zh-CN,zh;q=0.9',
  'accept-encoding' => 'gzip, deflate, br',
  'accept' => 'text/html,application/xhtml+xml,application/xml;q=0.9,image/webp,image/apng,*/*;q=0.8',
  'user-agent' => 'Mozilla/5.0 (X11; Linux x86_64) AppleWebKit/537.36 (KHTML, like Gecko) Chrome/69.0.3497.128 Safari/537.36 Qaxbrowser',
  'upgrade-insecure-requests' => '1',
  'connection' => 'keep-alive',
  'host' => '127.0.0.1:9002',
  'content-length' => '',
  'content-type' => '',
)
[ info ] [ PARAM ] array (
  'addtabs' => '1',
)
[ info ] [ LANG ] /home/www/admin/localhost_9002/wwwroot/public/../application/admin/lang/zh-cn.php
[ info ] [ BEHAVIOR ] Run app\common\behavior\Common @module_init [ RunTime:0.000085s ]
[ info ] [ SESSION ] INIT array (
  'id' => '',
  'var_session_id' => '',
  'prefix' => 'think',
  'type' => '',
  'auto_start' => true,
)
[ info ] [ DB ] INIT mysql
[ info ] [ BEHAVIOR ] Run \addons\geetest\Geetest @config_init [ RunTime:0.000108s ]
[ info ] [ LANG ] /home/www/admin/localhost_9002/wwwroot/public/../application/admin/lang/zh-cn/financial/account.php
[ info ] [ BEHAVIOR ] Run \addons\geetest\Geetest @action_begin [ RunTime:0.000029s ]
[ info ] [ RUN ] app\admin\controller\financial\Account->index[ /home/www/admin/localhost_9002/wwwroot/application/admin/controller/financial/Account.php ]
[ info ] [ VIEW ] /home/www/admin/localhost_9002/wwwroot/public/../application/admin/view/financial/account/index.html [ array (
  0 => 'breadcrumb',
  1 => 'site',
  2 => 'config',
  3 => 'auth',
  4 => 'admin',
  5 => 'accountTypeList',
) ]
[ info ] [ BEHAVIOR ] Run app\admin\behavior\AdminLog @app_end [ RunTime:0.000063s ]
[ info ] [ LOG ] INIT File
---------------------------------------------------------------
[ 2020-12-28T23:01:41+08:00 ] 127.0.0.1 GET 127.0.0.1:9002/PByGmRKgDe.php/ajax/lang?callback=define&controllername=financial.account&lang=zh-cn&v=1609167701&v=1609167701
[运行时间：0.003476s] [吞吐率：287.68req/s] [内存消耗：407.02kb] [文件加载：133]
[ info ] [ BEHAVIOR ] Run Closure @app_init [ RunTime:0.000018s ]
[ info ] [ CACHE ] INIT File
[ info ] [ BEHAVIOR ] Run Closure @app_init [ RunTime:0.000325s ]
[ info ] [ LANG ] /home/www/admin/localhost_9002/wwwroot/thinkphp/lang/zh-cn.php
[ info ] [ BEHAVIOR ] Run app\common\behavior\Common @app_dispatch [ RunTime:0.000032s ]
[ info ] [ ROUTE ] array (
  'type' => 'module',
  'module' => 
  array (
    0 => 'admin',
    1 => 'ajax',
    2 => 'lang',
  ),
)
[ info ] [ HEADER ] array (
  'cookie' => 'PHPSESSID=p08bf48irufv89pp7502d46osl; think_var=zh-cn; uid=1; token=2900af95-3f2a-422d-85e9-6ed04a22d6d4',
  'accept-language' => 'zh-CN,zh;q=0.9',
  'accept-encoding' => 'gzip, deflate, br',
  'accept' => '*/*',
  'user-agent' => 'Mozilla/5.0 (X11; Linux x86_64) AppleWebKit/537.36 (KHTML, like Gecko) Chrome/69.0.3497.128 Safari/537.36 Qaxbrowser',
  'connection' => 'keep-alive',
  'host' => '127.0.0.1:9002',
  'content-length' => '',
  'content-type' => '',
)
[ info ] [ PARAM ] array (
  'callback' => 'define',
  'controllername' => 'financial.account',
  'lang' => 'zh-cn',
  'v' => '1609167701',
)
[ info ] [ LANG ] /home/www/admin/localhost_9002/wwwroot/public/../application/admin/lang/zh-cn.php
[ info ] [ BEHAVIOR ] Run app\common\behavior\Common @module_init [ RunTime:0.000156s ]
[ info ] [ SESSION ] INIT array (
  'id' => '',
  'var_session_id' => '',
  'prefix' => 'think',
  'type' => '',
  'auto_start' => true,
)
[ info ] [ BEHAVIOR ] Run \addons\geetest\Geetest @config_init [ RunTime:0.000075s ]
[ info ] [ LANG ] /home/www/admin/localhost_9002/wwwroot/public/../application/admin/lang/zh-cn/ajax.php
[ info ] [ BEHAVIOR ] Run \addons\geetest\Geetest @action_begin [ RunTime:0.000026s ]
[ info ] [ RUN ] app\admin\controller\Ajax->lang[ /home/www/admin/localhost_9002/wwwroot/application/admin/controller/Ajax.php ]
[ info ] [ LANG ] /home/www/admin/localhost_9002/wwwroot/public/../application/admin/lang/zh-cn/financial/account.php
[ info ] [ BEHAVIOR ] Run app\admin\behavior\AdminLog @app_end [ RunTime:0.000034s ]
[ info ] [ LOG ] INIT File
---------------------------------------------------------------
[ 2020-12-28T23:01:41+08:00 ] 127.0.0.1 GET 127.0.0.1:9002/PByGmRKgDe.php/financial/account/index?addtabs=1&sort=account_id&order=desc&offset=0&limit=10&filter=%7B%7D&op=%7B%7D&_=1609167701303
[运行时间：0.020715s] [吞吐率：48.27req/s] [内存消耗：892.48kb] [文件加载：146]
[ info ] [ BEHAVIOR ] Run Closure @app_init [ RunTime:0.000018s ]
[ info ] [ CACHE ] INIT File
[ info ] [ BEHAVIOR ] Run Closure @app_init [ RunTime:0.000325s ]
[ info ] [ LANG ] /home/www/admin/localhost_9002/wwwroot/thinkphp/lang/zh-cn.php
[ info ] [ BEHAVIOR ] Run app\common\behavior\Common @app_dispatch [ RunTime:0.000054s ]
[ info ] [ ROUTE ] array (
  'type' => 'module',
  'module' => 
  array (
    0 => 'admin',
    1 => 'financial.account',
    2 => 'index',
  ),
)
[ info ] [ HEADER ] array (
  'cookie' => 'PHPSESSID=p08bf48irufv89pp7502d46osl; think_var=zh-cn; uid=1; token=2900af95-3f2a-422d-85e9-6ed04a22d6d4',
  'accept-language' => 'zh-CN,zh;q=0.9',
  'accept-encoding' => 'gzip, deflate, br',
  'content-type' => 'application/json',
  'user-agent' => 'Mozilla/5.0 (X11; Linux x86_64) AppleWebKit/537.36 (KHTML, like Gecko) Chrome/69.0.3497.128 Safari/537.36 Qaxbrowser',
  'x-requested-with' => 'XMLHttpRequest',
  'accept' => 'application/json, text/javascript, */*; q=0.01',
  'connection' => 'keep-alive',
  'host' => '127.0.0.1:9002',
  'content-length' => '',
)
[ info ] [ PARAM ] array (
  'addtabs' => '1',
  'sort' => 'account_id',
  'order' => 'desc',
  'offset' => '0',
  'limit' => '10',
  'filter' => '{}',
  'op' => '{}',
  '_' => '1609167701303',
)
[ info ] [ LANG ] /home/www/admin/localhost_9002/wwwroot/public/../application/admin/lang/zh-cn.php
[ info ] [ BEHAVIOR ] Run app\common\behavior\Common @module_init [ RunTime:0.000091s ]
[ info ] [ SESSION ] INIT array (
  'id' => '',
  'var_session_id' => '',
  'prefix' => 'think',
  'type' => '',
  'auto_start' => true,
)
[ info ] [ DB ] INIT mysql
[ info ] [ BEHAVIOR ] Run \addons\geetest\Geetest @config_init [ RunTime:0.000071s ]
[ info ] [ LANG ] /home/www/admin/localhost_9002/wwwroot/public/../application/admin/lang/zh-cn/financial/account.php
[ info ] [ BEHAVIOR ] Run \addons\geetest\Geetest @action_begin [ RunTime:0.000021s ]
[ info ] [ RUN ] app\admin\controller\financial\Account->index[ /home/www/admin/localhost_9002/wwwroot/application/admin/controller/financial/Account.php ]
[ info ] [ BEHAVIOR ] Run app\admin\behavior\AdminLog @app_end [ RunTime:0.000034s ]
[ info ] [ LOG ] INIT File
---------------------------------------------------------------
[ 2020-12-28T23:01:49+08:00 ] 127.0.0.1 POST 127.0.0.1:9002/PByGmRKgDe.php/base/payobject/index
[运行时间：0.044469s] [吞吐率：22.49req/s] [内存消耗：617.58kb] [文件加载：140]
[ info ] [ BEHAVIOR ] Run Closure @app_init [ RunTime:0.000019s ]
[ info ] [ CACHE ] INIT File
[ info ] [ BEHAVIOR ] Run Closure @app_init [ RunTime:0.000379s ]
[ info ] [ LANG ] /home/www/admin/localhost_9002/wwwroot/thinkphp/lang/zh-cn.php
[ info ] [ BEHAVIOR ] Run app\common\behavior\Common @app_dispatch [ RunTime:0.000073s ]
[ info ] [ ROUTE ] array (
  'type' => 'module',
  'module' => 
  array (
    0 => 'admin',
    1 => 'base.payobject',
    2 => 'index',
  ),
)
[ info ] [ HEADER ] array (
  'cookie' => 'PHPSESSID=p08bf48irufv89pp7502d46osl; think_var=zh-cn; uid=1; token=2900af95-3f2a-422d-85e9-6ed04a22d6d4',
  'accept-language' => 'zh-CN,zh;q=0.9',
  'accept-encoding' => 'gzip, deflate, br',
  'content-type' => 'application/x-www-form-urlencoded; charset=UTF-8',
  'user-agent' => 'Mozilla/5.0 (X11; Linux x86_64) AppleWebKit/537.36 (KHTML, like Gecko) Chrome/69.0.3497.128 Safari/537.36 Qaxbrowser',
  'x-requested-with' => 'XMLHttpRequest',
  'origin' => 'http://127.0.0.1:9002',
  'accept' => 'application/json, text/javascript, */*; q=0.01',
  'content-length' => '197',
  'connection' => 'keep-alive',
  'host' => '127.0.0.1:9002',
)
[ info ] [ PARAM ] array (
  'q_word' => 
  array (
    0 => '',
  ),
  'pageNumber' => '1',
  'pageSize' => '10',
  'andOr' => 'OR ',
  'orderBy' => 
  array (
    0 => 
    array (
      0 => 'payobject',
      1 => 'ASC',
    ),
  ),
  'searchTable' => 'tbl',
  'showField' => 'payobject',
  'keyField' => 'payobject',
  'searchField' => 
  array (
    0 => 'payobject',
  ),
  'payobject' => '',
)
[ info ] [ LANG ] /home/www/admin/localhost_9002/wwwroot/public/../application/admin/lang/zh-cn.php
[ info ] [ BEHAVIOR ] Run app\common\behavior\Common @module_init [ RunTime:0.000134s ]
[ info ] [ SESSION ] INIT array (
  'id' => '',
  'var_session_id' => '',
  'prefix' => 'think',
  'type' => '',
  'auto_start' => true,
)
[ info ] [ BEHAVIOR ] Run \addons\geetest\Geetest @config_init [ RunTime:0.000074s ]
[ info ] [ LANG ] /home/www/admin/localhost_9002/wwwroot/public/../application/admin/lang/zh-cn/base/payobject.php
[ info ] [ DB ] INIT mysql
[ info ] [ BEHAVIOR ] Run \addons\geetest\Geetest @action_begin [ RunTime:0.000044s ]
[ info ] [ RUN ] app\common\controller\Backend->index[ /home/www/admin/localhost_9002/wwwroot/application/admin/library/traits/Backend.php ]
[ info ] [ BEHAVIOR ] Run app\admin\behavior\AdminLog @app_end [ RunTime:0.000222s ]
[ info ] [ LOG ] INIT File
---------------------------------------------------------------
[ 2020-12-28T23:02:05+08:00 ] 127.0.0.1 GET 127.0.0.1:9002/PByGmRKgDe.php/financial/statement?addtabs=1
[运行时间：0.015755s] [吞吐率：63.47req/s] [内存消耗：779.85kb] [文件加载：139]
[ info ] [ BEHAVIOR ] Run Closure @app_init [ RunTime:0.000023s ]
[ info ] [ CACHE ] INIT File
[ info ] [ BEHAVIOR ] Run Closure @app_init [ RunTime:0.000441s ]
[ info ] [ LANG ] /home/www/admin/localhost_9002/wwwroot/thinkphp/lang/zh-cn.php
[ info ] [ BEHAVIOR ] Run app\common\behavior\Common @app_dispatch [ RunTime:0.000067s ]
[ info ] [ ROUTE ] array (
  'type' => 'module',
  'module' => 
  array (
    0 => 'admin',
    1 => 'financial.statement',
    2 => NULL,
  ),
)
[ info ] [ HEADER ] array (
  'cookie' => 'PHPSESSID=p08bf48irufv89pp7502d46osl; think_var=zh-cn; uid=1; token=2900af95-3f2a-422d-85e9-6ed04a22d6d4',
  'accept-language' => 'zh-CN,zh;q=0.9',
  'accept-encoding' => 'gzip, deflate, br',
  'accept' => 'text/html,application/xhtml+xml,application/xml;q=0.9,image/webp,image/apng,*/*;q=0.8',
  'user-agent' => 'Mozilla/5.0 (X11; Linux x86_64) AppleWebKit/537.36 (KHTML, like Gecko) Chrome/69.0.3497.128 Safari/537.36 Qaxbrowser',
  'upgrade-insecure-requests' => '1',
  'connection' => 'keep-alive',
  'host' => '127.0.0.1:9002',
  'content-length' => '',
  'content-type' => '',
)
[ info ] [ PARAM ] array (
  'addtabs' => '1',
)
[ info ] [ LANG ] /home/www/admin/localhost_9002/wwwroot/public/../application/admin/lang/zh-cn.php
[ info ] [ BEHAVIOR ] Run app\common\behavior\Common @module_init [ RunTime:0.000134s ]
[ info ] [ SESSION ] INIT array (
  'id' => '',
  'var_session_id' => '',
  'prefix' => 'think',
  'type' => '',
  'auto_start' => true,
)
[ info ] [ DB ] INIT mysql
[ info ] [ BEHAVIOR ] Run \addons\geetest\Geetest @config_init [ RunTime:0.000115s ]
[ info ] [ LANG ] /home/www/admin/localhost_9002/wwwroot/public/../application/admin/lang/zh-cn/financial/statement.php
[ info ] [ BEHAVIOR ] Run \addons\geetest\Geetest @action_begin [ RunTime:0.000029s ]
[ info ] [ RUN ] app\admin\controller\financial\Statement->index[ /home/www/admin/localhost_9002/wwwroot/application/admin/controller/financial/Statement.php ]
[ info ] [ VIEW ] /home/www/admin/localhost_9002/wwwroot/public/../application/admin/view/financial/statement/index.html [ array (
  0 => 'breadcrumb',
  1 => 'site',
  2 => 'config',
  3 => 'auth',
  4 => 'admin',
  5 => 'statementStatusList',
) ]
[ info ] [ BEHAVIOR ] Run app\admin\behavior\AdminLog @app_end [ RunTime:0.000045s ]
[ info ] [ LOG ] INIT File
---------------------------------------------------------------
[ 2020-12-28T23:02:05+08:00 ] 127.0.0.1 GET 127.0.0.1:9002/PByGmRKgDe.php/ajax/lang?callback=define&controllername=financial.statement&lang=zh-cn&v=1609167725&v=1609167725
[运行时间：0.006932s] [吞吐率：144.26req/s] [内存消耗：407.86kb] [文件加载：133]
[ info ] [ BEHAVIOR ] Run Closure @app_init [ RunTime:0.000018s ]
[ info ] [ CACHE ] INIT File
[ info ] [ BEHAVIOR ] Run Closure @app_init [ RunTime:0.000303s ]
[ info ] [ LANG ] /home/www/admin/localhost_9002/wwwroot/thinkphp/lang/zh-cn.php
[ info ] [ BEHAVIOR ] Run app\common\behavior\Common @app_dispatch [ RunTime:0.000033s ]
[ info ] [ ROUTE ] array (
  'type' => 'module',
  'module' => 
  array (
    0 => 'admin',
    1 => 'ajax',
    2 => 'lang',
  ),
)
[ info ] [ HEADER ] array (
  'cookie' => 'PHPSESSID=p08bf48irufv89pp7502d46osl; think_var=zh-cn; uid=1; token=2900af95-3f2a-422d-85e9-6ed04a22d6d4',
  'accept-language' => 'zh-CN,zh;q=0.9',
  'accept-encoding' => 'gzip, deflate, br',
  'accept' => '*/*',
  'user-agent' => 'Mozilla/5.0 (X11; Linux x86_64) AppleWebKit/537.36 (KHTML, like Gecko) Chrome/69.0.3497.128 Safari/537.36 Qaxbrowser',
  'connection' => 'keep-alive',
  'host' => '127.0.0.1:9002',
  'content-length' => '',
  'content-type' => '',
)
[ info ] [ PARAM ] array (
  'callback' => 'define',
  'controllername' => 'financial.statement',
  'lang' => 'zh-cn',
  'v' => '1609167725',
)
[ info ] [ LANG ] /home/www/admin/localhost_9002/wwwroot/public/../application/admin/lang/zh-cn.php
[ info ] [ BEHAVIOR ] Run app\common\behavior\Common @module_init [ RunTime:0.000122s ]
[ info ] [ SESSION ] INIT array (
  'id' => '',
  'var_session_id' => '',
  'prefix' => 'think',
  'type' => '',
  'auto_start' => true,
)
[ info ] [ BEHAVIOR ] Run \addons\geetest\Geetest @config_init [ RunTime:0.000057s ]
[ info ] [ LANG ] /home/www/admin/localhost_9002/wwwroot/public/../application/admin/lang/zh-cn/ajax.php
[ info ] [ BEHAVIOR ] Run \addons\geetest\Geetest @action_begin [ RunTime:0.000020s ]
[ info ] [ RUN ] app\admin\controller\Ajax->lang[ /home/www/admin/localhost_9002/wwwroot/application/admin/controller/Ajax.php ]
[ info ] [ LANG ] /home/www/admin/localhost_9002/wwwroot/public/../application/admin/lang/zh-cn/financial/statement.php
[ info ] [ BEHAVIOR ] Run app\admin\behavior\AdminLog @app_end [ RunTime:0.000020s ]
[ info ] [ LOG ] INIT File
---------------------------------------------------------------
[ 2020-12-28T23:02:05+08:00 ] 127.0.0.1 GET 127.0.0.1:9002/PByGmRKgDe.php/financial/statement/index?addtabs=1&sort=statement_id&order=desc&offset=0&limit=10&filter=%7B%7D&op=%7B%7D&_=1609167725581
[运行时间：0.032435s] [吞吐率：30.83req/s] [内存消耗：943.86kb] [文件加载：147]
[ info ] [ BEHAVIOR ] Run Closure @app_init [ RunTime:0.000017s ]
[ info ] [ CACHE ] INIT File
[ info ] [ BEHAVIOR ] Run Closure @app_init [ RunTime:0.000313s ]
[ info ] [ LANG ] /home/www/admin/localhost_9002/wwwroot/thinkphp/lang/zh-cn.php
[ info ] [ BEHAVIOR ] Run app\common\behavior\Common @app_dispatch [ RunTime:0.000054s ]
[ info ] [ ROUTE ] array (
  'type' => 'module',
  'module' => 
  array (
    0 => 'admin',
    1 => 'financial.statement',
    2 => 'index',
  ),
)
[ info ] [ HEADER ] array (
  'cookie' => 'PHPSESSID=p08bf48irufv89pp7502d46osl; think_var=zh-cn; uid=1; token=2900af95-3f2a-422d-85e9-6ed04a22d6d4',
  'accept-language' => 'zh-CN,zh;q=0.9',
  'accept-encoding' => 'gzip, deflate, br',
  'content-type' => 'application/json',
  'user-agent' => 'Mozilla/5.0 (X11; Linux x86_64) AppleWebKit/537.36 (KHTML, like Gecko) Chrome/69.0.3497.128 Safari/537.36 Qaxbrowser',
  'x-requested-with' => 'XMLHttpRequest',
  'accept' => 'application/json, text/javascript, */*; q=0.01',
  'connection' => 'keep-alive',
  'host' => '127.0.0.1:9002',
  'content-length' => '',
)
[ info ] [ PARAM ] array (
  'addtabs' => '1',
  'sort' => 'statement_id',
  'order' => 'desc',
  'offset' => '0',
  'limit' => '10',
  'filter' => '{}',
  'op' => '{}',
  '_' => '1609167725581',
)
[ info ] [ LANG ] /home/www/admin/localhost_9002/wwwroot/public/../application/admin/lang/zh-cn.php
[ info ] [ BEHAVIOR ] Run app\common\behavior\Common @module_init [ RunTime:0.000090s ]
[ info ] [ SESSION ] INIT array (
  'id' => '',
  'var_session_id' => '',
  'prefix' => 'think',
  'type' => '',
  'auto_start' => true,
)
[ info ] [ DB ] INIT mysql
[ info ] [ BEHAVIOR ] Run \addons\geetest\Geetest @config_init [ RunTime:0.000103s ]
[ info ] [ LANG ] /home/www/admin/localhost_9002/wwwroot/public/../application/admin/lang/zh-cn/financial/statement.php
[ info ] [ BEHAVIOR ] Run \addons\geetest\Geetest @action_begin [ RunTime:0.000032s ]
[ info ] [ RUN ] app\admin\controller\financial\Statement->index[ /home/www/admin/localhost_9002/wwwroot/application/admin/controller/financial/Statement.php ]
[ info ] [ BEHAVIOR ] Run app\admin\behavior\AdminLog @app_end [ RunTime:0.000037s ]
[ info ] [ LOG ] INIT File
